

================================================================
== Vivado HLS Report for 'Block_proc'
================================================================
* Date:           Wed Jun 26 10:02:52 2019

* Version:        2018.3 (Build 2405991 on Thu Dec 06 23:56:15 MST 2018)
* Project:        sobel_hls
* Solution:       solution3
* Product family: zynq
* Target device:  xc7z020clg400-1


================================================================
== Performance Estimates
================================================================
+ Timing (ns): 
    * Summary: 
    +--------+-------+----------+------------+
    |  Clock | Target| Estimated| Uncertainty|
    +--------+-------+----------+------------+
    |ap_clk  |  10.00|     3.634|        1.25|
    +--------+-------+----------+------------+

+ Latency (clock cycles): 
    * Summary: 
    +-----+-----+-----+-----+---------+
    |  Latency  |  Interval | Pipeline|
    | min | max | min | max |   Type  |
    +-----+-----+-----+-----+---------+
    |    0|    0|    0|    0|   none  |
    +-----+-----+-----+-----+---------+

    + Detail: 
        * Instance: 
        N/A

        * Loop: 
        N/A

============================================================
+ Verbose Summary: Synthesis Manager
============================================================
InlineROM: 1
ExposeGlobal: 0
============================================================
+ Verbose Summary: CDFG Model
============================================================
IsTopModel: 0
ResetActiveHigh: 1
IsCombinational: 2
IsDatapathOnly: 0
HasWiredReturn: 1
HasMFsm: 0
HasVarLatency: 0
IsPipeline: 0
IsRtlPipelined: 0
IsInstanceOverlapped: 0
IsDontTouch: 0
HasImplIP: 0
IsGatedGlobalClock: 0


============================================================
+ Verbose Summary: Schedule
============================================================
* Number of FSM states : 1
* Pipeline : 0
* Dataflow Pipeline: 0

* FSM state transitions: 
1 --> 

* FSM state operations: 

State 1 <SV = 0> <Delay = 3.63>
ST_1 : Operation 2 [1/1] (0.00ns)   --->   "call void (...)* @_ssdm_op_SpecInterface(i12* %img_5_cols_V_out, [8 x i8]* @ap_fifo_str, i32 0, i32 0, [1 x i8]* @p_str407, i32 0, i32 0, [1 x i8]* @p_str408, [1 x i8]* @p_str409, [1 x i8]* @p_str410, i32 2, i32 2, i32 16, i32 16, [1 x i8]* @p_str411, [1 x i8]* @p_str412)"   --->   Operation 2 'specinterface' <Predicate = true> <Delay = 0.00>
ST_1 : Operation 3 [1/1] (0.00ns)   --->   "call void (...)* @_ssdm_op_SpecInterface(i12* %img_5_rows_V_out, [8 x i8]* @ap_fifo_str, i32 0, i32 0, [1 x i8]* @p_str401, i32 0, i32 0, [1 x i8]* @p_str402, [1 x i8]* @p_str403, [1 x i8]* @p_str404, i32 2, i32 2, i32 16, i32 16, [1 x i8]* @p_str405, [1 x i8]* @p_str406)"   --->   Operation 3 'specinterface' <Predicate = true> <Delay = 0.00>
ST_1 : Operation 4 [1/1] (0.00ns)   --->   "call void (...)* @_ssdm_op_SpecInterface(i12* %img_0_cols_V_out, [8 x i8]* @ap_fifo_str, i32 0, i32 0, [1 x i8]* @p_str395, i32 0, i32 0, [1 x i8]* @p_str396, [1 x i8]* @p_str397, [1 x i8]* @p_str398, i32 2, i32 2, i32 16, i32 16, [1 x i8]* @p_str399, [1 x i8]* @p_str400)"   --->   Operation 4 'specinterface' <Predicate = true> <Delay = 0.00>
ST_1 : Operation 5 [1/1] (0.00ns)   --->   "call void (...)* @_ssdm_op_SpecInterface(i12* %img_0_rows_V_out, [8 x i8]* @ap_fifo_str, i32 0, i32 0, [1 x i8]* @p_str389, i32 0, i32 0, [1 x i8]* @p_str390, [1 x i8]* @p_str391, [1 x i8]* @p_str392, i32 2, i32 2, i32 16, i32 16, [1 x i8]* @p_str393, [1 x i8]* @p_str394)"   --->   Operation 5 'specinterface' <Predicate = true> <Delay = 0.00>
ST_1 : Operation 6 [1/1] (3.63ns)   --->   "call void @_ssdm_op_Write.ap_fifo.i12P(i12* %img_0_rows_V_out, i12 1080)" [C:/Xilinx/Vivado/2018.3/common/technology/autopilot/hls/hls_video_core.h:656->C:/Xilinx/Vivado/2018.3/common/technology/autopilot/hls/hls_video_core.h:642->C:/Xilinx/Vivado/2018.3/common/technology/autopilot/hls/hls_video_core.h:643->sobel_hls.cpp:7]   --->   Operation 6 'write' <Predicate = true> <Delay = 3.63> <Core = "FIFO">   --->   Core 32 'FIFO' <Latency = 0> <II = 1> <Delay = 3.63> <Storage> <Opcode : 'read' 'write' 'nbread' 'nbwrite'> <Ports = 0> <Width = 12> <Depth = 2> <FIFO>
ST_1 : Operation 7 [1/1] (3.63ns)   --->   "call void @_ssdm_op_Write.ap_fifo.i12P(i12* %img_0_cols_V_out, i12 1920)" [C:/Xilinx/Vivado/2018.3/common/technology/autopilot/hls/hls_video_core.h:657->C:/Xilinx/Vivado/2018.3/common/technology/autopilot/hls/hls_video_core.h:642->C:/Xilinx/Vivado/2018.3/common/technology/autopilot/hls/hls_video_core.h:643->sobel_hls.cpp:7]   --->   Operation 7 'write' <Predicate = true> <Delay = 3.63> <Core = "FIFO">   --->   Core 32 'FIFO' <Latency = 0> <II = 1> <Delay = 3.63> <Storage> <Opcode : 'read' 'write' 'nbread' 'nbwrite'> <Ports = 0> <Width = 12> <Depth = 2> <FIFO>
ST_1 : Operation 8 [1/1] (3.63ns)   --->   "call void @_ssdm_op_Write.ap_fifo.i12P(i12* %img_5_rows_V_out, i12 1080)" [C:/Xilinx/Vivado/2018.3/common/technology/autopilot/hls/hls_video_core.h:656->C:/Xilinx/Vivado/2018.3/common/technology/autopilot/hls/hls_video_core.h:642->C:/Xilinx/Vivado/2018.3/common/technology/autopilot/hls/hls_video_core.h:643->sobel_hls.cpp:14]   --->   Operation 8 'write' <Predicate = true> <Delay = 3.63> <Core = "FIFO">   --->   Core 32 'FIFO' <Latency = 0> <II = 1> <Delay = 3.63> <Storage> <Opcode : 'read' 'write' 'nbread' 'nbwrite'> <Ports = 0> <Width = 12> <Depth = 2> <FIFO>
ST_1 : Operation 9 [1/1] (3.63ns)   --->   "call void @_ssdm_op_Write.ap_fifo.i12P(i12* %img_5_cols_V_out, i12 1920)" [C:/Xilinx/Vivado/2018.3/common/technology/autopilot/hls/hls_video_core.h:657->C:/Xilinx/Vivado/2018.3/common/technology/autopilot/hls/hls_video_core.h:642->C:/Xilinx/Vivado/2018.3/common/technology/autopilot/hls/hls_video_core.h:643->sobel_hls.cpp:14]   --->   Operation 9 'write' <Predicate = true> <Delay = 3.63> <Core = "FIFO">   --->   Core 32 'FIFO' <Latency = 0> <II = 1> <Delay = 3.63> <Storage> <Opcode : 'read' 'write' 'nbread' 'nbwrite'> <Ports = 0> <Width = 12> <Depth = 2> <FIFO>
ST_1 : Operation 10 [1/1] (0.00ns)   --->   "ret void"   --->   Operation 10 'ret' <Predicate = true> <Delay = 0.00>


============================================================
+ Verbose Summary: Timing violations
============================================================
Target clock period: 10ns, clock uncertainty: 1.25ns.

 <State 1>: 3.63ns
The critical path consists of the following:
	fifo write on port 'img_0_rows_V_out' (C:/Xilinx/Vivado/2018.3/common/technology/autopilot/hls/hls_video_core.h:656->C:/Xilinx/Vivado/2018.3/common/technology/autopilot/hls/hls_video_core.h:642->C:/Xilinx/Vivado/2018.3/common/technology/autopilot/hls/hls_video_core.h:643->sobel_hls.cpp:7) [9]  (3.63 ns)


============================================================
+ Verbose Summary: Binding
============================================================
N/A
* FSMD analyzer results:
  - Output states:
 - Input state : 
  - Chain level:
	State 1


============================================================
+ Verbose Summary: Datapath Resource usage 
============================================================
N/A
