

================================================================
== Vivado HLS Report for 'Mat2AXIvideo'
================================================================
* Date:           Wed Jun 26 10:03:11 2019

* Version:        2018.3 (Build 2405991 on Thu Dec 06 23:56:15 MST 2018)
* Project:        sobel_hls
* Solution:       solution3
* Product family: zynq
* Target device:  xc7z020clg400-1


================================================================
== Performance Estimates
================================================================
+ Timing (ns): 
    * Summary: 
    +--------+-------+----------+------------+
    |  Clock | Target| Estimated| Uncertainty|
    +--------+-------+----------+------------+
    |ap_clk  |  10.00|     3.634|        1.25|
    +--------+-------+----------+------------+

+ Latency (clock cycles): 
    * Summary: 
    +---------+---------+---------+---------+---------+
    |      Latency      |      Interval     | Pipeline|
    |   min   |   max   |   min   |   max   |   Type  |
    +---------+---------+---------+---------+---------+
    |  2077921|  2077921|  2077921|  2077921|   none  |
    +---------+---------+---------+---------+---------+

    + Detail: 
        * Instance: 
        N/A

        * Loop: 
        +---------------+---------+---------+----------+-----------+-----------+------+----------+
        |               |      Latency      | Iteration|  Initiation Interval  | Trip |          |
        |   Loop Name   |   min   |   max   |  Latency |  achieved |   target  | Count| Pipelined|
        +---------------+---------+---------+----------+-----------+-----------+------+----------+
        |- loop_height  |  2077920|  2077920|      1924|          -|          -|  1080|    no    |
        | + loop_width  |     1921|     1921|         3|          1|          1|  1920|    yes   |
        +---------------+---------+---------+----------+-----------+-----------+------+----------+



================================================================
== Utilization Estimates
================================================================
* Summary: 
+-----------------+---------+-------+--------+-------+
|       Name      | BRAM_18K| DSP48E|   FF   |  LUT  |
+-----------------+---------+-------+--------+-------+
|DSP              |        -|      -|       -|      -|
|Expression       |        -|      -|       0|    119|
|FIFO             |        -|      -|       -|      -|
|Instance         |        -|      -|       -|      -|
|Memory           |        -|      -|       -|      -|
|Multiplexer      |        -|      -|       -|    240|
|Register         |        -|      -|     121|      -|
+-----------------+---------+-------+--------+-------+
|Total            |        0|      0|     121|    359|
+-----------------+---------+-------+--------+-------+
|Available        |      280|    220|  106400|  53200|
+-----------------+---------+-------+--------+-------+
|Utilization (%)  |        0|      0|   ~0   |   ~0  |
+-----------------+---------+-------+--------+-------+

+ Detail: 
    * Instance: 
    N/A

    * DSP48: 
    N/A

    * Memory: 
    N/A

    * FIFO: 
    N/A

    * Expression: 
    +------------------------------------------+----------+-------+---+----+------------+------------+
    |               Variable Name              | Operation| DSP48E| FF| LUT| Bitwidth P0| Bitwidth P1|
    +------------------------------------------+----------+-------+---+----+------------+------------+
    |i_V_fu_206_p2                             |     +    |      0|  0|  13|          11|           1|
    |j_V_fu_218_p2                             |     +    |      0|  0|  13|          11|           1|
    |AXI_video_strm_V_data_V_1_load_A          |    and   |      0|  0|   2|           1|           1|
    |AXI_video_strm_V_data_V_1_load_B          |    and   |      0|  0|   2|           1|           1|
    |AXI_video_strm_V_last_V_1_load_A          |    and   |      0|  0|   2|           1|           1|
    |AXI_video_strm_V_last_V_1_load_B          |    and   |      0|  0|   2|           1|           1|
    |AXI_video_strm_V_user_V_1_load_A          |    and   |      0|  0|   2|           1|           1|
    |AXI_video_strm_V_user_V_1_load_B          |    and   |      0|  0|   2|           1|           1|
    |ap_block_pp0_stage0_01001                 |    and   |      0|  0|   2|           1|           1|
    |ap_block_state4_io                        |    and   |      0|  0|   2|           1|           1|
    |ap_block_state5_io                        |    and   |      0|  0|   2|           1|           1|
    |AXI_video_strm_V_data_V_1_state_cmp_full  |   icmp   |      0|  0|   8|           2|           1|
    |AXI_video_strm_V_last_V_1_state_cmp_full  |   icmp   |      0|  0|   8|           2|           1|
    |AXI_video_strm_V_user_V_1_state_cmp_full  |   icmp   |      0|  0|   8|           2|           1|
    |axi_last_V_fu_224_p2                      |   icmp   |      0|  0|  13|          11|           9|
    |exitcond2_fu_200_p2                       |   icmp   |      0|  0|  13|          11|          11|
    |exitcond_fu_212_p2                        |   icmp   |      0|  0|  13|          11|           9|
    |ap_block_pp0_stage0_11001                 |    or    |      0|  0|   2|           1|           1|
    |ap_block_state1                           |    or    |      0|  0|   2|           1|           1|
    |ap_block_state2                           |    or    |      0|  0|   2|           1|           1|
    |ap_block_state4_pp0_stage0_iter1          |    or    |      0|  0|   2|           1|           1|
    |ap_enable_pp0                             |    xor   |      0|  0|   2|           1|           2|
    |ap_enable_reg_pp0_iter1                   |    xor   |      0|  0|   2|           2|           1|
    +------------------------------------------+----------+-------+---+----+------------+------------+
    |Total                                     |          |      0|  0| 119|          77|          50|
    +------------------------------------------+----------+-------+---+----+------------+------------+

    * Multiplexer: 
    +------------------------------------+----+-----------+-----+-----------+
    |                Name                | LUT| Input Size| Bits| Total Bits|
    +------------------------------------+----+-----------+-----+-----------+
    |AXI_video_strm_V_data_V_1_data_out  |   9|          2|   24|         48|
    |AXI_video_strm_V_data_V_1_state     |  15|          3|    2|          6|
    |AXI_video_strm_V_dest_V_1_state     |  15|          3|    2|          6|
    |AXI_video_strm_V_id_V_1_state       |  15|          3|    2|          6|
    |AXI_video_strm_V_keep_V_1_state     |  15|          3|    2|          6|
    |AXI_video_strm_V_last_V_1_data_out  |   9|          2|    1|          2|
    |AXI_video_strm_V_last_V_1_state     |  15|          3|    2|          6|
    |AXI_video_strm_V_strb_V_1_state     |  15|          3|    2|          6|
    |AXI_video_strm_V_user_V_1_data_out  |   9|          2|    1|          2|
    |AXI_video_strm_V_user_V_1_state     |  15|          3|    2|          6|
    |OUTPUT_STREAM_TDATA_blk_n           |   9|          2|    1|          2|
    |ap_NS_fsm                           |  27|          5|    1|          5|
    |ap_done                             |   9|          2|    1|          2|
    |ap_enable_reg_pp0_iter1             |   9|          2|    1|          2|
    |ap_enable_reg_pp0_iter2             |   9|          2|    1|          2|
    |img_data_stream_0_V_blk_n           |   9|          2|    1|          2|
    |img_data_stream_1_V_blk_n           |   9|          2|    1|          2|
    |img_data_stream_2_V_blk_n           |   9|          2|    1|          2|
    |t_V_1_reg_184                       |   9|          2|   11|         22|
    |t_V_reg_173                         |   9|          2|   11|         22|
    +------------------------------------+----+-----------+-----+-----------+
    |Total                               | 240|         50|   70|        157|
    +------------------------------------+----+-----------+-----+-----------+

    * Register: 
    +-------------------------------------+----+----+-----+-----------+
    |                 Name                | FF | LUT| Bits| Const Bits|
    +-------------------------------------+----+----+-----+-----------+
    |AXI_video_strm_V_data_V_1_payload_A  |  24|   0|   24|          0|
    |AXI_video_strm_V_data_V_1_payload_B  |  24|   0|   24|          0|
    |AXI_video_strm_V_data_V_1_sel_rd     |   1|   0|    1|          0|
    |AXI_video_strm_V_data_V_1_sel_wr     |   1|   0|    1|          0|
    |AXI_video_strm_V_data_V_1_state      |   2|   0|    2|          0|
    |AXI_video_strm_V_dest_V_1_sel_rd     |   1|   0|    1|          0|
    |AXI_video_strm_V_dest_V_1_state      |   2|   0|    2|          0|
    |AXI_video_strm_V_id_V_1_sel_rd       |   1|   0|    1|          0|
    |AXI_video_strm_V_id_V_1_state        |   2|   0|    2|          0|
    |AXI_video_strm_V_keep_V_1_sel_rd     |   1|   0|    1|          0|
    |AXI_video_strm_V_keep_V_1_state      |   2|   0|    2|          0|
    |AXI_video_strm_V_last_V_1_payload_A  |   1|   0|    1|          0|
    |AXI_video_strm_V_last_V_1_payload_B  |   1|   0|    1|          0|
    |AXI_video_strm_V_last_V_1_sel_rd     |   1|   0|    1|          0|
    |AXI_video_strm_V_last_V_1_sel_wr     |   1|   0|    1|          0|
    |AXI_video_strm_V_last_V_1_state      |   2|   0|    2|          0|
    |AXI_video_strm_V_strb_V_1_sel_rd     |   1|   0|    1|          0|
    |AXI_video_strm_V_strb_V_1_state      |   2|   0|    2|          0|
    |AXI_video_strm_V_user_V_1_payload_A  |   1|   0|    1|          0|
    |AXI_video_strm_V_user_V_1_payload_B  |   1|   0|    1|          0|
    |AXI_video_strm_V_user_V_1_sel_rd     |   1|   0|    1|          0|
    |AXI_video_strm_V_user_V_1_sel_wr     |   1|   0|    1|          0|
    |AXI_video_strm_V_user_V_1_state      |   2|   0|    2|          0|
    |ap_CS_fsm                            |   4|   0|    4|          0|
    |ap_done_reg                          |   1|   0|    1|          0|
    |ap_enable_reg_pp0_iter0              |   1|   0|    1|          0|
    |ap_enable_reg_pp0_iter1              |   1|   0|    1|          0|
    |ap_enable_reg_pp0_iter2              |   1|   0|    1|          0|
    |axi_last_V_reg_275                   |   1|   0|    1|          0|
    |exitcond_reg_266                     |   1|   0|    1|          0|
    |exitcond_reg_266_pp0_iter1_reg       |   1|   0|    1|          0|
    |i_V_reg_261                          |  11|   0|   11|          0|
    |t_V_1_reg_184                        |  11|   0|   11|          0|
    |t_V_reg_173                          |  11|   0|   11|          0|
    |tmp_user_V_fu_122                    |   1|   0|    1|          0|
    +-------------------------------------+----+----+-----+-----------+
    |Total                                | 121|   0|  121|          0|
    +-------------------------------------+----+----+-----+-----------+



================================================================
== Interface
================================================================
* Summary: 
+-----------------------------+-----+-----+------------+-------------------------+--------------+
|          RTL Ports          | Dir | Bits|  Protocol  |      Source Object      |    C Type    |
+-----------------------------+-----+-----+------------+-------------------------+--------------+
|ap_clk                       |  in |    1| ap_ctrl_hs |       Mat2AXIvideo      | return value |
|ap_rst                       |  in |    1| ap_ctrl_hs |       Mat2AXIvideo      | return value |
|ap_start                     |  in |    1| ap_ctrl_hs |       Mat2AXIvideo      | return value |
|ap_done                      | out |    1| ap_ctrl_hs |       Mat2AXIvideo      | return value |
|ap_continue                  |  in |    1| ap_ctrl_hs |       Mat2AXIvideo      | return value |
|ap_idle                      | out |    1| ap_ctrl_hs |       Mat2AXIvideo      | return value |
|ap_ready                     | out |    1| ap_ctrl_hs |       Mat2AXIvideo      | return value |
|img_data_stream_0_V_dout     |  in |    8|   ap_fifo  |   img_data_stream_0_V   |    pointer   |
|img_data_stream_0_V_empty_n  |  in |    1|   ap_fifo  |   img_data_stream_0_V   |    pointer   |
|img_data_stream_0_V_read     | out |    1|   ap_fifo  |   img_data_stream_0_V   |    pointer   |
|img_data_stream_1_V_dout     |  in |    8|   ap_fifo  |   img_data_stream_1_V   |    pointer   |
|img_data_stream_1_V_empty_n  |  in |    1|   ap_fifo  |   img_data_stream_1_V   |    pointer   |
|img_data_stream_1_V_read     | out |    1|   ap_fifo  |   img_data_stream_1_V   |    pointer   |
|img_data_stream_2_V_dout     |  in |    8|   ap_fifo  |   img_data_stream_2_V   |    pointer   |
|img_data_stream_2_V_empty_n  |  in |    1|   ap_fifo  |   img_data_stream_2_V   |    pointer   |
|img_data_stream_2_V_read     | out |    1|   ap_fifo  |   img_data_stream_2_V   |    pointer   |
|OUTPUT_STREAM_TDATA          | out |   24|    axis    | AXI_video_strm_V_data_V |    pointer   |
|OUTPUT_STREAM_TREADY         |  in |    1|    axis    | AXI_video_strm_V_data_V |    pointer   |
|OUTPUT_STREAM_TVALID         | out |    1|    axis    | AXI_video_strm_V_dest_V |    pointer   |
|OUTPUT_STREAM_TDEST          | out |    1|    axis    | AXI_video_strm_V_dest_V |    pointer   |
|OUTPUT_STREAM_TKEEP          | out |    3|    axis    | AXI_video_strm_V_keep_V |    pointer   |
|OUTPUT_STREAM_TSTRB          | out |    3|    axis    | AXI_video_strm_V_strb_V |    pointer   |
|OUTPUT_STREAM_TUSER          | out |    1|    axis    | AXI_video_strm_V_user_V |    pointer   |
|OUTPUT_STREAM_TLAST          | out |    1|    axis    | AXI_video_strm_V_last_V |    pointer   |
|OUTPUT_STREAM_TID            | out |    1|    axis    |  AXI_video_strm_V_id_V  |    pointer   |
+-----------------------------+-----+-----+------------+-------------------------+--------------+

============================================================
+ Verbose Summary: Synthesis Manager
============================================================
InlineROM: 1
ExposeGlobal: 0
============================================================
+ Verbose Summary: CDFG Model
============================================================
IsTopModel: 0
ResetActiveHigh: 1
IsCombinational: 2
IsDatapathOnly: 0
HasWiredReturn: 1
HasMFsm: 0
HasVarLatency: 1
IsPipeline: 0
IsRtlPipelined: 0
IsInstanceOverlapped: 0
IsDontTouch: 0
HasImplIP: 0
IsGatedGlobalClock: 0

+ Individual pipeline summary: 
  * Pipeline-0: initiation interval (II) = 1, depth = 3


============================================================
+ Verbose Summary: Schedule
============================================================
* Number of FSM states : 6
* Pipeline : 1
  Pipeline-0 : II = 1, D = 3, States = { 3 4 5 }
* Dataflow Pipeline: 0

* FSM state transitions: 
1 --> 
	2  / true
2 --> 
	3  / (!exitcond2)
3 --> 
	6  / (exitcond)
	4  / (!exitcond)
4 --> 
	5  / true
5 --> 
	3  / true
6 --> 
	2  / true

* FSM state operations: 

State 1 <SV = 0> <Delay = 1.76>
ST_1 : Operation 7 [1/1] (0.00ns)   --->   "%tmp_user_V = alloca i1"   --->   Operation 7 'alloca' 'tmp_user_V' <Predicate = true> <Delay = 0.00>
ST_1 : Operation 8 [1/1] (0.00ns)   --->   "call void (...)* @_ssdm_op_SpecInterface(i8* %img_data_stream_2_V, [8 x i8]* @ap_fifo_str, i32 0, i32 0, [1 x i8]* @p_str382, i32 0, i32 0, [1 x i8]* @p_str383, [1 x i8]* @p_str384, [1 x i8]* @p_str385, i32 2, i32 2, i32 16, i32 16, [1 x i8]* @p_str386, [1 x i8]* @p_str387)"   --->   Operation 8 'specinterface' <Predicate = true> <Delay = 0.00>
ST_1 : Operation 9 [1/1] (0.00ns)   --->   "call void (...)* @_ssdm_op_SpecInterface(i8* %img_data_stream_1_V, [8 x i8]* @ap_fifo_str, i32 0, i32 0, [1 x i8]* @p_str375, i32 0, i32 0, [1 x i8]* @p_str376, [1 x i8]* @p_str377, [1 x i8]* @p_str378, i32 2, i32 2, i32 16, i32 16, [1 x i8]* @p_str379, [1 x i8]* @p_str380)"   --->   Operation 9 'specinterface' <Predicate = true> <Delay = 0.00>
ST_1 : Operation 10 [1/1] (0.00ns)   --->   "call void (...)* @_ssdm_op_SpecInterface(i8* %img_data_stream_0_V, [8 x i8]* @ap_fifo_str, i32 0, i32 0, [1 x i8]* @p_str368, i32 0, i32 0, [1 x i8]* @p_str369, [1 x i8]* @p_str370, [1 x i8]* @p_str371, i32 2, i32 2, i32 16, i32 16, [1 x i8]* @p_str372, [1 x i8]* @p_str373)"   --->   Operation 10 'specinterface' <Predicate = true> <Delay = 0.00>
ST_1 : Operation 11 [1/1] (0.00ns)   --->   "call void (...)* @_ssdm_op_SpecInterface(i24* %AXI_video_strm_V_data_V, i3* %AXI_video_strm_V_keep_V, i3* %AXI_video_strm_V_strb_V, i1* %AXI_video_strm_V_user_V, i1* %AXI_video_strm_V_last_V, i1* %AXI_video_strm_V_id_V, i1* %AXI_video_strm_V_dest_V, [5 x i8]* @p_str, i32 1, i32 1, [5 x i8]* @p_str1, i32 0, i32 0, [1 x i8]* @p_str2, [1 x i8]* @p_str2, [1 x i8]* @p_str2, i32 0, i32 0, i32 0, i32 0, [1 x i8]* @p_str2, [1 x i8]* @p_str2) nounwind"   --->   Operation 11 'specinterface' <Predicate = true> <Delay = 0.00>
ST_1 : Operation 12 [1/1] (1.76ns)   --->   "store i1 true, i1* %tmp_user_V"   --->   Operation 12 'store' <Predicate = true> <Delay = 1.76>
ST_1 : Operation 13 [1/1] (1.76ns)   --->   "br label %0" [C:/Xilinx/Vivado/2018.3/common/technology/autopilot/hls/hls_video_io.h:125]   --->   Operation 13 'br' <Predicate = true> <Delay = 1.76>

State 2 <SV = 1> <Delay = 2.85>
ST_2 : Operation 14 [1/1] (0.00ns)   --->   "%t_V = phi i11 [ 0, %._crit_edge ], [ %i_V, %3 ]"   --->   Operation 14 'phi' 't_V' <Predicate = true> <Delay = 0.00>
ST_2 : Operation 15 [1/1] (1.88ns)   --->   "%exitcond2 = icmp eq i11 %t_V, -968" [C:/Xilinx/Vivado/2018.3/common/technology/autopilot/hls/hls_video_io.h:125]   --->   Operation 15 'icmp' 'exitcond2' <Predicate = true> <Delay = 1.88> <Core = "Cmp">   --->   Core 25 'Cmp' <Latency = 0> <II = 1> <Delay = 1.88> <FuncUnit> <Opcode : 'icmp'> <InPorts = 2> <OutPorts = 1>
ST_2 : Operation 16 [1/1] (0.00ns)   --->   "call void (...)* @_ssdm_op_SpecLoopTripCount(i64 1080, i64 1080, i64 1080)"   --->   Operation 16 'speclooptripcount' <Predicate = true> <Delay = 0.00>
ST_2 : Operation 17 [1/1] (1.63ns)   --->   "%i_V = add i11 %t_V, 1" [C:/Xilinx/Vivado/2018.3/common/technology/autopilot/hls/hls_video_io.h:125]   --->   Operation 17 'add' 'i_V' <Predicate = true> <Delay = 1.63> <Core = "AddSub">   --->   Core 14 'AddSub' <Latency = 0> <II = 1> <Delay = 1.63> <FuncUnit> <Opcode : 'add' 'sub'> <InPorts = 2> <OutPorts = 1>
ST_2 : Operation 18 [1/1] (0.00ns)   --->   "br i1 %exitcond2, label %4, label %1" [C:/Xilinx/Vivado/2018.3/common/technology/autopilot/hls/hls_video_io.h:125]   --->   Operation 18 'br' <Predicate = true> <Delay = 0.00>
ST_2 : Operation 19 [1/1] (0.00ns)   --->   "call void (...)* @_ssdm_op_SpecLoopName([12 x i8]* @p_str7) nounwind" [C:/Xilinx/Vivado/2018.3/common/technology/autopilot/hls/hls_video_io.h:125]   --->   Operation 19 'specloopname' <Predicate = (!exitcond2)> <Delay = 0.00>
ST_2 : Operation 20 [1/1] (0.00ns)   --->   "%tmp = call i32 (...)* @_ssdm_op_SpecRegionBegin([12 x i8]* @p_str7)" [C:/Xilinx/Vivado/2018.3/common/technology/autopilot/hls/hls_video_io.h:125]   --->   Operation 20 'specregionbegin' 'tmp' <Predicate = (!exitcond2)> <Delay = 0.00>
ST_2 : Operation 21 [1/1] (1.76ns)   --->   "br label %2" [C:/Xilinx/Vivado/2018.3/common/technology/autopilot/hls/hls_video_io.h:126]   --->   Operation 21 'br' <Predicate = (!exitcond2)> <Delay = 1.76>
ST_2 : Operation 22 [1/1] (0.00ns)   --->   "ret void"   --->   Operation 22 'ret' <Predicate = (exitcond2)> <Delay = 0.00>

State 3 <SV = 2> <Delay = 2.85>
ST_3 : Operation 23 [1/1] (0.00ns)   --->   "%t_V_1 = phi i11 [ 0, %1 ], [ %j_V, %"operator>>.exit" ]"   --->   Operation 23 'phi' 't_V_1' <Predicate = true> <Delay = 0.00>
ST_3 : Operation 24 [1/1] (1.88ns)   --->   "%exitcond = icmp eq i11 %t_V_1, -128" [C:/Xilinx/Vivado/2018.3/common/technology/autopilot/hls/hls_video_io.h:126]   --->   Operation 24 'icmp' 'exitcond' <Predicate = true> <Delay = 1.88> <Core = "Cmp">   --->   Core 25 'Cmp' <Latency = 0> <II = 1> <Delay = 1.88> <FuncUnit> <Opcode : 'icmp'> <InPorts = 2> <OutPorts = 1>
ST_3 : Operation 25 [1/1] (0.00ns)   --->   "call void (...)* @_ssdm_op_SpecLoopTripCount(i64 1920, i64 1920, i64 1920)"   --->   Operation 25 'speclooptripcount' <Predicate = true> <Delay = 0.00>
ST_3 : Operation 26 [1/1] (1.63ns)   --->   "%j_V = add i11 %t_V_1, 1" [C:/Xilinx/Vivado/2018.3/common/technology/autopilot/hls/hls_video_io.h:126]   --->   Operation 26 'add' 'j_V' <Predicate = true> <Delay = 1.63> <Core = "AddSub">   --->   Core 14 'AddSub' <Latency = 0> <II = 1> <Delay = 1.63> <FuncUnit> <Opcode : 'add' 'sub'> <InPorts = 2> <OutPorts = 1>
ST_3 : Operation 27 [1/1] (0.00ns)   --->   "br i1 %exitcond, label %3, label %"operator>>.exit"" [C:/Xilinx/Vivado/2018.3/common/technology/autopilot/hls/hls_video_io.h:126]   --->   Operation 27 'br' <Predicate = true> <Delay = 0.00>
ST_3 : Operation 28 [1/1] (1.88ns)   --->   "%axi_last_V = icmp eq i11 %t_V_1, -129" [C:/Xilinx/Vivado/2018.3/common/technology/autopilot/hls/hls_video_io.h:135]   --->   Operation 28 'icmp' 'axi_last_V' <Predicate = (!exitcond)> <Delay = 1.88> <Core = "Cmp">   --->   Core 25 'Cmp' <Latency = 0> <II = 1> <Delay = 1.88> <FuncUnit> <Opcode : 'icmp'> <InPorts = 2> <OutPorts = 1>

State 4 <SV = 3> <Delay = 3.63>
ST_4 : Operation 29 [1/1] (0.00ns)   --->   "%tmp_user_V_load = load i1* %tmp_user_V" [C:/Xilinx/Vivado/2018.3/common/technology/autopilot/hls/hls_video_io.h:146]   --->   Operation 29 'load' 'tmp_user_V_load' <Predicate = (!exitcond)> <Delay = 0.00>
ST_4 : Operation 30 [1/1] (0.00ns)   --->   "%tmp_s = call i32 (...)* @_ssdm_op_SpecRegionBegin([12 x i8]* @p_str12)" [C:/Xilinx/Vivado/2018.3/common/technology/autopilot/hls/hls_video_core.h:672->C:/Xilinx/Vivado/2018.3/common/technology/autopilot/hls/hls_video_core.h:711->C:/Xilinx/Vivado/2018.3/common/technology/autopilot/hls/hls_video_io.h:140]   --->   Operation 30 'specregionbegin' 'tmp_s' <Predicate = (!exitcond)> <Delay = 0.00>
ST_4 : Operation 31 [1/1] (0.00ns)   --->   "call void (...)* @_ssdm_op_SpecProtocol(i32 0, [1 x i8]* @p_str2) nounwind" [C:/Xilinx/Vivado/2018.3/common/technology/autopilot/hls/hls_video_core.h:676->C:/Xilinx/Vivado/2018.3/common/technology/autopilot/hls/hls_video_core.h:711->C:/Xilinx/Vivado/2018.3/common/technology/autopilot/hls/hls_video_io.h:140]   --->   Operation 31 'specprotocol' <Predicate = (!exitcond)> <Delay = 0.00>
ST_4 : Operation 32 [1/1] (3.63ns)   --->   "%tmp_4 = call i8 @_ssdm_op_Read.ap_fifo.volatile.i8P(i8* %img_data_stream_0_V)" [C:/Xilinx/Vivado/2018.3/common/technology/autopilot/hls/hls_video_core.h:679->C:/Xilinx/Vivado/2018.3/common/technology/autopilot/hls/hls_video_core.h:711->C:/Xilinx/Vivado/2018.3/common/technology/autopilot/hls/hls_video_io.h:140]   --->   Operation 32 'read' 'tmp_4' <Predicate = (!exitcond)> <Delay = 3.63> <Core = "FIFO">   --->   Core 32 'FIFO' <Latency = 0> <II = 1> <Delay = 3.63> <Storage> <Opcode : 'read' 'write' 'nbread' 'nbwrite'> <Ports = 0> <Width = 8> <Depth = 2> <FIFO>
ST_4 : Operation 33 [1/1] (3.63ns)   --->   "%tmp_5 = call i8 @_ssdm_op_Read.ap_fifo.volatile.i8P(i8* %img_data_stream_1_V)" [C:/Xilinx/Vivado/2018.3/common/technology/autopilot/hls/hls_video_core.h:679->C:/Xilinx/Vivado/2018.3/common/technology/autopilot/hls/hls_video_core.h:711->C:/Xilinx/Vivado/2018.3/common/technology/autopilot/hls/hls_video_io.h:140]   --->   Operation 33 'read' 'tmp_5' <Predicate = (!exitcond)> <Delay = 3.63> <Core = "FIFO">   --->   Core 32 'FIFO' <Latency = 0> <II = 1> <Delay = 3.63> <Storage> <Opcode : 'read' 'write' 'nbread' 'nbwrite'> <Ports = 0> <Width = 8> <Depth = 2> <FIFO>
ST_4 : Operation 34 [1/1] (3.63ns)   --->   "%tmp_3 = call i8 @_ssdm_op_Read.ap_fifo.volatile.i8P(i8* %img_data_stream_2_V)" [C:/Xilinx/Vivado/2018.3/common/technology/autopilot/hls/hls_video_core.h:679->C:/Xilinx/Vivado/2018.3/common/technology/autopilot/hls/hls_video_core.h:711->C:/Xilinx/Vivado/2018.3/common/technology/autopilot/hls/hls_video_io.h:140]   --->   Operation 34 'read' 'tmp_3' <Predicate = (!exitcond)> <Delay = 3.63> <Core = "FIFO">   --->   Core 32 'FIFO' <Latency = 0> <II = 1> <Delay = 3.63> <Storage> <Opcode : 'read' 'write' 'nbread' 'nbwrite'> <Ports = 0> <Width = 8> <Depth = 2> <FIFO>
ST_4 : Operation 35 [1/1] (0.00ns)   --->   "%empty = call i32 (...)* @_ssdm_op_SpecRegionEnd([12 x i8]* @p_str12, i32 %tmp_s)" [C:/Xilinx/Vivado/2018.3/common/technology/autopilot/hls/hls_video_core.h:681->C:/Xilinx/Vivado/2018.3/common/technology/autopilot/hls/hls_video_core.h:711->C:/Xilinx/Vivado/2018.3/common/technology/autopilot/hls/hls_video_io.h:140]   --->   Operation 35 'specregionend' 'empty' <Predicate = (!exitcond)> <Delay = 0.00>
ST_4 : Operation 36 [1/1] (0.00ns)   --->   "%tmp_data_V = call i24 @_ssdm_op_BitConcatenate.i24.i8.i8.i8(i8 %tmp_3, i8 %tmp_5, i8 %tmp_4)" [C:/Xilinx/Vivado/2018.3/common/technology/autopilot/hls/hls_axi_io.h:78->C:/Xilinx/Vivado/2018.3/common/technology/autopilot/hls/hls_axi_io.h:100->C:/Xilinx/Vivado/2018.3/common/technology/autopilot/hls/hls_video_io.h:143]   --->   Operation 36 'bitconcatenate' 'tmp_data_V' <Predicate = (!exitcond)> <Delay = 0.00>
ST_4 : Operation 37 [2/2] (0.00ns)   --->   "call void @_ssdm_op_Write.axis.volatile.i24P.i3P.i3P.i1P.i1P.i1P.i1P(i24* %AXI_video_strm_V_data_V, i3* %AXI_video_strm_V_keep_V, i3* %AXI_video_strm_V_strb_V, i1* %AXI_video_strm_V_user_V, i1* %AXI_video_strm_V_last_V, i1* %AXI_video_strm_V_id_V, i1* %AXI_video_strm_V_dest_V, i24 %tmp_data_V, i3 -1, i3 undef, i1 %tmp_user_V_load, i1 %axi_last_V, i1 undef, i1 undef)" [C:/Xilinx/Vivado/2018.3/common/technology/autopilot/hls/hls_video_io.h:146]   --->   Operation 37 'write' <Predicate = (!exitcond)> <Delay = 0.00> <Core = "AXI4Stream">   --->   Core 5 'AXI4Stream' <Latency = 0> <II = 1> <Delay = 1.00> <Adapter> <Opcode : >
ST_4 : Operation 38 [1/1] (1.76ns)   --->   "store i1 false, i1* %tmp_user_V"   --->   Operation 38 'store' <Predicate = (!exitcond)> <Delay = 1.76>

State 5 <SV = 4> <Delay = 0.00>
ST_5 : Operation 39 [1/1] (0.00ns)   --->   "call void (...)* @_ssdm_op_SpecLoopName([11 x i8]* @p_str8) nounwind" [C:/Xilinx/Vivado/2018.3/common/technology/autopilot/hls/hls_video_io.h:126]   --->   Operation 39 'specloopname' <Predicate = (!exitcond)> <Delay = 0.00>
ST_5 : Operation 40 [1/1] (0.00ns)   --->   "%tmp_9 = call i32 (...)* @_ssdm_op_SpecRegionBegin([11 x i8]* @p_str8)" [C:/Xilinx/Vivado/2018.3/common/technology/autopilot/hls/hls_video_io.h:126]   --->   Operation 40 'specregionbegin' 'tmp_9' <Predicate = (!exitcond)> <Delay = 0.00>
ST_5 : Operation 41 [1/1] (0.00ns)   --->   "call void (...)* @_ssdm_op_SpecPipeline(i32 1, i32 1, i32 1, i32 0, [1 x i8]* @p_str2) nounwind" [C:/Xilinx/Vivado/2018.3/common/technology/autopilot/hls/hls_video_io.h:128]   --->   Operation 41 'specpipeline' <Predicate = (!exitcond)> <Delay = 0.00>
ST_5 : Operation 42 [1/2] (0.00ns)   --->   "call void @_ssdm_op_Write.axis.volatile.i24P.i3P.i3P.i1P.i1P.i1P.i1P(i24* %AXI_video_strm_V_data_V, i3* %AXI_video_strm_V_keep_V, i3* %AXI_video_strm_V_strb_V, i1* %AXI_video_strm_V_user_V, i1* %AXI_video_strm_V_last_V, i1* %AXI_video_strm_V_id_V, i1* %AXI_video_strm_V_dest_V, i24 %tmp_data_V, i3 -1, i3 undef, i1 %tmp_user_V_load, i1 %axi_last_V, i1 undef, i1 undef)" [C:/Xilinx/Vivado/2018.3/common/technology/autopilot/hls/hls_video_io.h:146]   --->   Operation 42 'write' <Predicate = (!exitcond)> <Delay = 0.00> <Core = "AXI4Stream">   --->   Core 5 'AXI4Stream' <Latency = 0> <II = 1> <Delay = 1.00> <Adapter> <Opcode : >
ST_5 : Operation 43 [1/1] (0.00ns)   --->   "%empty_85 = call i32 (...)* @_ssdm_op_SpecRegionEnd([11 x i8]* @p_str8, i32 %tmp_9)" [C:/Xilinx/Vivado/2018.3/common/technology/autopilot/hls/hls_video_io.h:147]   --->   Operation 43 'specregionend' 'empty_85' <Predicate = (!exitcond)> <Delay = 0.00>
ST_5 : Operation 44 [1/1] (0.00ns)   --->   "br label %2" [C:/Xilinx/Vivado/2018.3/common/technology/autopilot/hls/hls_video_io.h:126]   --->   Operation 44 'br' <Predicate = (!exitcond)> <Delay = 0.00>

State 6 <SV = 3> <Delay = 0.00>
ST_6 : Operation 45 [1/1] (0.00ns)   --->   "%empty_86 = call i32 (...)* @_ssdm_op_SpecRegionEnd([12 x i8]* @p_str7, i32 %tmp)" [C:/Xilinx/Vivado/2018.3/common/technology/autopilot/hls/hls_video_io.h:148]   --->   Operation 45 'specregionend' 'empty_86' <Predicate = true> <Delay = 0.00>
ST_6 : Operation 46 [1/1] (0.00ns)   --->   "br label %0" [C:/Xilinx/Vivado/2018.3/common/technology/autopilot/hls/hls_video_io.h:125]   --->   Operation 46 'br' <Predicate = true> <Delay = 0.00>


============================================================
+ Verbose Summary: Binding
============================================================
STG Binding: 
---------------- STG Properties BEGIN ----------------
- Is combinational: 0
- Is one-state seq: 0
- Is datapath-only: 0
- Is pipelined: 0
- Is top level: 0
Port [ Return ] is wired: 1; IO mode=ap_ctrl_hs:ce=0
Port [ img_data_stream_0_V]:  wired=1; compound=1; hidden=0; nouse=0; global=0; static=0; extern=0; dir=0; type=3; pingpong=0; private_global=0; IO mode=ap_fifo:ce=0
Port [ img_data_stream_1_V]:  wired=1; compound=1; hidden=0; nouse=0; global=0; static=0; extern=0; dir=0; type=3; pingpong=0; private_global=0; IO mode=ap_fifo:ce=0
Port [ img_data_stream_2_V]:  wired=1; compound=1; hidden=0; nouse=0; global=0; static=0; extern=0; dir=0; type=3; pingpong=0; private_global=0; IO mode=ap_fifo:ce=0
Port [ AXI_video_strm_V_data_V]:  wired=1; compound=1; hidden=0; nouse=0; global=0; static=0; extern=0; dir=1; type=0; pingpong=0; private_global=0; IO mode=axis:ce=0
Port [ AXI_video_strm_V_keep_V]:  wired=1; compound=1; hidden=0; nouse=0; global=0; static=0; extern=0; dir=1; type=0; pingpong=0; private_global=0; IO mode=axis:ce=0
Port [ AXI_video_strm_V_strb_V]:  wired=1; compound=1; hidden=0; nouse=0; global=0; static=0; extern=0; dir=1; type=0; pingpong=0; private_global=0; IO mode=axis:ce=0
Port [ AXI_video_strm_V_user_V]:  wired=1; compound=1; hidden=0; nouse=0; global=0; static=0; extern=0; dir=1; type=0; pingpong=0; private_global=0; IO mode=axis:ce=0
Port [ AXI_video_strm_V_last_V]:  wired=1; compound=1; hidden=0; nouse=0; global=0; static=0; extern=0; dir=1; type=0; pingpong=0; private_global=0; IO mode=axis:ce=0
Port [ AXI_video_strm_V_id_V]:  wired=1; compound=1; hidden=0; nouse=0; global=0; static=0; extern=0; dir=1; type=0; pingpong=0; private_global=0; IO mode=axis:ce=0
Port [ AXI_video_strm_V_dest_V]:  wired=1; compound=1; hidden=0; nouse=0; global=0; static=0; extern=0; dir=1; type=0; pingpong=0; private_global=0; IO mode=axis:ce=0
---------------- STG Properties END ------------------

---------------- Datapath Model BEGIN ----------------

<LifeTime>
<method=bitvector/>
tmp_user_V      (alloca           ) [ 0111111]
StgValue_8      (specinterface    ) [ 0000000]
StgValue_9      (specinterface    ) [ 0000000]
StgValue_10     (specinterface    ) [ 0000000]
StgValue_11     (specinterface    ) [ 0000000]
StgValue_12     (store            ) [ 0000000]
StgValue_13     (br               ) [ 0111111]
t_V             (phi              ) [ 0010000]
exitcond2       (icmp             ) [ 0011111]
StgValue_16     (speclooptripcount) [ 0000000]
i_V             (add              ) [ 0111111]
StgValue_18     (br               ) [ 0000000]
StgValue_19     (specloopname     ) [ 0000000]
tmp             (specregionbegin  ) [ 0001111]
StgValue_21     (br               ) [ 0011111]
StgValue_22     (ret              ) [ 0000000]
t_V_1           (phi              ) [ 0001000]
exitcond        (icmp             ) [ 0011111]
StgValue_25     (speclooptripcount) [ 0000000]
j_V             (add              ) [ 0011111]
StgValue_27     (br               ) [ 0000000]
axi_last_V      (icmp             ) [ 0001110]
tmp_user_V_load (load             ) [ 0001010]
tmp_s           (specregionbegin  ) [ 0000000]
StgValue_31     (specprotocol     ) [ 0000000]
tmp_4           (read             ) [ 0000000]
tmp_5           (read             ) [ 0000000]
tmp_3           (read             ) [ 0000000]
empty           (specregionend    ) [ 0000000]
tmp_data_V      (bitconcatenate   ) [ 0001010]
StgValue_38     (store            ) [ 0000000]
StgValue_39     (specloopname     ) [ 0000000]
tmp_9           (specregionbegin  ) [ 0000000]
StgValue_41     (specpipeline     ) [ 0000000]
StgValue_42     (write            ) [ 0000000]
empty_85        (specregionend    ) [ 0000000]
StgValue_44     (br               ) [ 0011111]
empty_86        (specregionend    ) [ 0000000]
StgValue_46     (br               ) [ 0111111]
</LifeTime>

<model>

<comp_list>
<comp id="0" class="1000" name="img_data_stream_0_V">
<pin_list>
<pin id="1" dir="1" index="0" bw="1" slack="0"/>
</pin_list>
<bind>
<StgValue><ssdm name="img_data_stream_0_V"/></StgValue>
</bind>
</comp>

<comp id="2" class="1000" name="img_data_stream_1_V">
<pin_list>
<pin id="3" dir="1" index="0" bw="1" slack="0"/>
</pin_list>
<bind>
<StgValue><ssdm name="img_data_stream_1_V"/></StgValue>
</bind>
</comp>

<comp id="4" class="1000" name="img_data_stream_2_V">
<pin_list>
<pin id="5" dir="1" index="0" bw="1" slack="0"/>
</pin_list>
<bind>
<StgValue><ssdm name="img_data_stream_2_V"/></StgValue>
</bind>
</comp>

<comp id="6" class="1000" name="AXI_video_strm_V_data_V">
<pin_list>
<pin id="7" dir="1" index="0" bw="1" slack="0"/>
</pin_list>
<bind>
<StgValue><ssdm name="AXI_video_strm_V_data_V"/></StgValue>
</bind>
</comp>

<comp id="8" class="1000" name="AXI_video_strm_V_keep_V">
<pin_list>
<pin id="9" dir="1" index="0" bw="1" slack="0"/>
</pin_list>
<bind>
<StgValue><ssdm name="AXI_video_strm_V_keep_V"/></StgValue>
</bind>
</comp>

<comp id="10" class="1000" name="AXI_video_strm_V_strb_V">
<pin_list>
<pin id="11" dir="1" index="0" bw="1" slack="0"/>
</pin_list>
<bind>
<StgValue><ssdm name="AXI_video_strm_V_strb_V"/></StgValue>
</bind>
</comp>

<comp id="12" class="1000" name="AXI_video_strm_V_user_V">
<pin_list>
<pin id="13" dir="1" index="0" bw="1" slack="0"/>
</pin_list>
<bind>
<StgValue><ssdm name="AXI_video_strm_V_user_V"/></StgValue>
</bind>
</comp>

<comp id="14" class="1000" name="AXI_video_strm_V_last_V">
<pin_list>
<pin id="15" dir="1" index="0" bw="1" slack="0"/>
</pin_list>
<bind>
<StgValue><ssdm name="AXI_video_strm_V_last_V"/></StgValue>
</bind>
</comp>

<comp id="16" class="1000" name="AXI_video_strm_V_id_V">
<pin_list>
<pin id="17" dir="1" index="0" bw="1" slack="0"/>
</pin_list>
<bind>
<StgValue><ssdm name="AXI_video_strm_V_id_V"/></StgValue>
</bind>
</comp>

<comp id="18" class="1000" name="AXI_video_strm_V_dest_V">
<pin_list>
<pin id="19" dir="1" index="0" bw="1" slack="0"/>
</pin_list>
<bind>
<StgValue><ssdm name="AXI_video_strm_V_dest_V"/></StgValue>
</bind>
</comp>

<comp id="20" class="1001" name="const_20">
<pin_list>
<pin id="21" dir="1" index="0" bw="1" slack="0"/>
</pin_list>
<bind>
<StgValue><ssdm name=""/></StgValue>
</bind>
</comp>

<comp id="22" class="1001" name="const_22">
<pin_list>
<pin id="23" dir="1" index="0" bw="1" slack="2147483647"/>
</pin_list>
<bind>
<StgValue><ssdm name="_ssdm_op_SpecInterface"/></StgValue>
</bind>
</comp>

<comp id="24" class="1001" name="const_24">
<pin_list>
<pin id="25" dir="1" index="0" bw="1" slack="2147483647"/>
</pin_list>
<bind>
<StgValue><ssdm name="ap_fifo_str"/></StgValue>
</bind>
</comp>

<comp id="26" class="1001" name="const_26">
<pin_list>
<pin id="27" dir="1" index="0" bw="1" slack="2147483647"/>
</pin_list>
<bind>
<StgValue><ssdm name=""/></StgValue>
</bind>
</comp>

<comp id="28" class="1001" name="const_28">
<pin_list>
<pin id="29" dir="1" index="0" bw="1" slack="2147483647"/>
</pin_list>
<bind>
<StgValue><ssdm name="p_str382"/></StgValue>
</bind>
</comp>

<comp id="30" class="1001" name="const_30">
<pin_list>
<pin id="31" dir="1" index="0" bw="1" slack="2147483647"/>
</pin_list>
<bind>
<StgValue><ssdm name="p_str383"/></StgValue>
</bind>
</comp>

<comp id="32" class="1001" name="const_32">
<pin_list>
<pin id="33" dir="1" index="0" bw="1" slack="2147483647"/>
</pin_list>
<bind>
<StgValue><ssdm name="p_str384"/></StgValue>
</bind>
</comp>

<comp id="34" class="1001" name="const_34">
<pin_list>
<pin id="35" dir="1" index="0" bw="1" slack="2147483647"/>
</pin_list>
<bind>
<StgValue><ssdm name="p_str385"/></StgValue>
</bind>
</comp>

<comp id="36" class="1001" name="const_36">
<pin_list>
<pin id="37" dir="1" index="0" bw="1" slack="2147483647"/>
</pin_list>
<bind>
<StgValue><ssdm name=""/></StgValue>
</bind>
</comp>

<comp id="38" class="1001" name="const_38">
<pin_list>
<pin id="39" dir="1" index="0" bw="1" slack="2147483647"/>
</pin_list>
<bind>
<StgValue><ssdm name=""/></StgValue>
</bind>
</comp>

<comp id="40" class="1001" name="const_40">
<pin_list>
<pin id="41" dir="1" index="0" bw="1" slack="2147483647"/>
</pin_list>
<bind>
<StgValue><ssdm name="p_str386"/></StgValue>
</bind>
</comp>

<comp id="42" class="1001" name="const_42">
<pin_list>
<pin id="43" dir="1" index="0" bw="1" slack="2147483647"/>
</pin_list>
<bind>
<StgValue><ssdm name="p_str387"/></StgValue>
</bind>
</comp>

<comp id="44" class="1001" name="const_44">
<pin_list>
<pin id="45" dir="1" index="0" bw="1" slack="2147483647"/>
</pin_list>
<bind>
<StgValue><ssdm name="p_str375"/></StgValue>
</bind>
</comp>

<comp id="46" class="1001" name="const_46">
<pin_list>
<pin id="47" dir="1" index="0" bw="1" slack="2147483647"/>
</pin_list>
<bind>
<StgValue><ssdm name="p_str376"/></StgValue>
</bind>
</comp>

<comp id="48" class="1001" name="const_48">
<pin_list>
<pin id="49" dir="1" index="0" bw="1" slack="2147483647"/>
</pin_list>
<bind>
<StgValue><ssdm name="p_str377"/></StgValue>
</bind>
</comp>

<comp id="50" class="1001" name="const_50">
<pin_list>
<pin id="51" dir="1" index="0" bw="1" slack="2147483647"/>
</pin_list>
<bind>
<StgValue><ssdm name="p_str378"/></StgValue>
</bind>
</comp>

<comp id="52" class="1001" name="const_52">
<pin_list>
<pin id="53" dir="1" index="0" bw="1" slack="2147483647"/>
</pin_list>
<bind>
<StgValue><ssdm name="p_str379"/></StgValue>
</bind>
</comp>

<comp id="54" class="1001" name="const_54">
<pin_list>
<pin id="55" dir="1" index="0" bw="1" slack="2147483647"/>
</pin_list>
<bind>
<StgValue><ssdm name="p_str380"/></StgValue>
</bind>
</comp>

<comp id="56" class="1001" name="const_56">
<pin_list>
<pin id="57" dir="1" index="0" bw="1" slack="2147483647"/>
</pin_list>
<bind>
<StgValue><ssdm name="p_str368"/></StgValue>
</bind>
</comp>

<comp id="58" class="1001" name="const_58">
<pin_list>
<pin id="59" dir="1" index="0" bw="1" slack="2147483647"/>
</pin_list>
<bind>
<StgValue><ssdm name="p_str369"/></StgValue>
</bind>
</comp>

<comp id="60" class="1001" name="const_60">
<pin_list>
<pin id="61" dir="1" index="0" bw="1" slack="2147483647"/>
</pin_list>
<bind>
<StgValue><ssdm name="p_str370"/></StgValue>
</bind>
</comp>

<comp id="62" class="1001" name="const_62">
<pin_list>
<pin id="63" dir="1" index="0" bw="1" slack="2147483647"/>
</pin_list>
<bind>
<StgValue><ssdm name="p_str371"/></StgValue>
</bind>
</comp>

<comp id="64" class="1001" name="const_64">
<pin_list>
<pin id="65" dir="1" index="0" bw="1" slack="2147483647"/>
</pin_list>
<bind>
<StgValue><ssdm name="p_str372"/></StgValue>
</bind>
</comp>

<comp id="66" class="1001" name="const_66">
<pin_list>
<pin id="67" dir="1" index="0" bw="1" slack="2147483647"/>
</pin_list>
<bind>
<StgValue><ssdm name="p_str373"/></StgValue>
</bind>
</comp>

<comp id="68" class="1001" name="const_68">
<pin_list>
<pin id="69" dir="1" index="0" bw="1" slack="2147483647"/>
</pin_list>
<bind>
<StgValue><ssdm name="p_str"/></StgValue>
</bind>
</comp>

<comp id="70" class="1001" name="const_70">
<pin_list>
<pin id="71" dir="1" index="0" bw="1" slack="2147483647"/>
</pin_list>
<bind>
<StgValue><ssdm name="p_str1"/></StgValue>
</bind>
</comp>

<comp id="72" class="1001" name="const_72">
<pin_list>
<pin id="73" dir="1" index="0" bw="1" slack="2147483647"/>
</pin_list>
<bind>
<StgValue><ssdm name="p_str2"/></StgValue>
</bind>
</comp>

<comp id="74" class="1001" name="const_74">
<pin_list>
<pin id="75" dir="1" index="0" bw="1" slack="0"/>
</pin_list>
<bind>
<StgValue><ssdm name=""/></StgValue>
</bind>
</comp>

<comp id="76" class="1001" name="const_76">
<pin_list>
<pin id="77" dir="1" index="0" bw="1" slack="1"/>
</pin_list>
<bind>
<StgValue><ssdm name=""/></StgValue>
</bind>
</comp>

<comp id="78" class="1001" name="const_78">
<pin_list>
<pin id="79" dir="1" index="0" bw="1" slack="0"/>
</pin_list>
<bind>
<StgValue><ssdm name=""/></StgValue>
</bind>
</comp>

<comp id="80" class="1001" name="const_80">
<pin_list>
<pin id="81" dir="1" index="0" bw="1" slack="2147483647"/>
</pin_list>
<bind>
<StgValue><ssdm name="_ssdm_op_SpecLoopTripCount"/></StgValue>
</bind>
</comp>

<comp id="82" class="1001" name="const_82">
<pin_list>
<pin id="83" dir="1" index="0" bw="1" slack="2147483647"/>
</pin_list>
<bind>
<StgValue><ssdm name=""/></StgValue>
</bind>
</comp>

<comp id="84" class="1001" name="const_84">
<pin_list>
<pin id="85" dir="1" index="0" bw="1" slack="0"/>
</pin_list>
<bind>
<StgValue><ssdm name=""/></StgValue>
</bind>
</comp>

<comp id="86" class="1001" name="const_86">
<pin_list>
<pin id="87" dir="1" index="0" bw="1" slack="2147483647"/>
</pin_list>
<bind>
<StgValue><ssdm name="_ssdm_op_SpecLoopName"/></StgValue>
</bind>
</comp>

<comp id="88" class="1001" name="const_88">
<pin_list>
<pin id="89" dir="1" index="0" bw="1" slack="2147483647"/>
</pin_list>
<bind>
<StgValue><ssdm name="p_str7"/></StgValue>
</bind>
</comp>

<comp id="90" class="1001" name="const_90">
<pin_list>
<pin id="91" dir="1" index="0" bw="1" slack="2147483647"/>
</pin_list>
<bind>
<StgValue><ssdm name="_ssdm_op_SpecRegionBegin"/></StgValue>
</bind>
</comp>

<comp id="92" class="1001" name="const_92">
<pin_list>
<pin id="93" dir="1" index="0" bw="1" slack="0"/>
</pin_list>
<bind>
<StgValue><ssdm name=""/></StgValue>
</bind>
</comp>

<comp id="94" class="1001" name="const_94">
<pin_list>
<pin id="95" dir="1" index="0" bw="1" slack="2147483647"/>
</pin_list>
<bind>
<StgValue><ssdm name=""/></StgValue>
</bind>
</comp>

<comp id="96" class="1001" name="const_96">
<pin_list>
<pin id="97" dir="1" index="0" bw="1" slack="0"/>
</pin_list>
<bind>
<StgValue><ssdm name=""/></StgValue>
</bind>
</comp>

<comp id="98" class="1001" name="const_98">
<pin_list>
<pin id="99" dir="1" index="0" bw="1" slack="2147483647"/>
</pin_list>
<bind>
<StgValue><ssdm name="p_str12"/></StgValue>
</bind>
</comp>

<comp id="100" class="1001" name="const_100">
<pin_list>
<pin id="101" dir="1" index="0" bw="1" slack="2147483647"/>
</pin_list>
<bind>
<StgValue><ssdm name="_ssdm_op_SpecProtocol"/></StgValue>
</bind>
</comp>

<comp id="102" class="1001" name="const_102">
<pin_list>
<pin id="103" dir="1" index="0" bw="1" slack="0"/>
</pin_list>
<bind>
<StgValue><ssdm name="_ssdm_op_Read.ap_fifo.volatile.i8P"/></StgValue>
</bind>
</comp>

<comp id="104" class="1001" name="const_104">
<pin_list>
<pin id="105" dir="1" index="0" bw="1" slack="2147483647"/>
</pin_list>
<bind>
<StgValue><ssdm name="_ssdm_op_SpecRegionEnd"/></StgValue>
</bind>
</comp>

<comp id="106" class="1001" name="const_106">
<pin_list>
<pin id="107" dir="1" index="0" bw="1" slack="0"/>
</pin_list>
<bind>
<StgValue><ssdm name="_ssdm_op_BitConcatenate.i24.i8.i8.i8"/></StgValue>
</bind>
</comp>

<comp id="108" class="1001" name="const_108">
<pin_list>
<pin id="109" dir="1" index="0" bw="1" slack="0"/>
</pin_list>
<bind>
<StgValue><ssdm name="_ssdm_op_Write.axis.volatile.i24P.i3P.i3P.i1P.i1P.i1P.i1P"/></StgValue>
</bind>
</comp>

<comp id="110" class="1001" name="const_110">
<pin_list>
<pin id="111" dir="1" index="0" bw="1" slack="0"/>
</pin_list>
<bind>
<StgValue><ssdm name=""/></StgValue>
</bind>
</comp>

<comp id="112" class="1001" name="const_112">
<pin_list>
<pin id="113" dir="1" index="0" bw="1" slack="0"/>
</pin_list>
<bind>
<StgValue><ssdm name=""/></StgValue>
</bind>
</comp>

<comp id="114" class="1001" name="const_114">
<pin_list>
<pin id="115" dir="1" index="0" bw="1" slack="0"/>
</pin_list>
<bind>
<StgValue><ssdm name=""/></StgValue>
</bind>
</comp>

<comp id="116" class="1001" name="const_116">
<pin_list>
<pin id="117" dir="1" index="0" bw="1" slack="0"/>
</pin_list>
<bind>
<StgValue><ssdm name=""/></StgValue>
</bind>
</comp>

<comp id="118" class="1001" name="const_118">
<pin_list>
<pin id="119" dir="1" index="0" bw="1" slack="2147483647"/>
</pin_list>
<bind>
<StgValue><ssdm name="p_str8"/></StgValue>
</bind>
</comp>

<comp id="120" class="1001" name="const_120">
<pin_list>
<pin id="121" dir="1" index="0" bw="1" slack="2147483647"/>
</pin_list>
<bind>
<StgValue><ssdm name="_ssdm_op_SpecPipeline"/></StgValue>
</bind>
</comp>

<comp id="122" class="1004" name="tmp_user_V_fu_122">
<pin_list>
<pin id="123" dir="0" index="0" bw="1" slack="0"/>
<pin id="124" dir="1" index="1" bw="1" slack="0"/>
</pin_list>
<bind>
<opcode="alloca(26) " fcode="alloca"/>
<opset="tmp_user_V/1 "/>
</bind>
</comp>

<comp id="126" class="1004" name="tmp_4_read_fu_126">
<pin_list>
<pin id="127" dir="0" index="0" bw="8" slack="0"/>
<pin id="128" dir="0" index="1" bw="8" slack="0"/>
<pin id="129" dir="1" index="2" bw="8" slack="0"/>
</pin_list>
<bind>
<opcode="read(1150) " fcode="read"/>
<opset="tmp_4/4 "/>
</bind>
</comp>

<comp id="132" class="1004" name="tmp_5_read_fu_132">
<pin_list>
<pin id="133" dir="0" index="0" bw="8" slack="0"/>
<pin id="134" dir="0" index="1" bw="8" slack="0"/>
<pin id="135" dir="1" index="2" bw="8" slack="0"/>
</pin_list>
<bind>
<opcode="read(1150) " fcode="read"/>
<opset="tmp_5/4 "/>
</bind>
</comp>

<comp id="138" class="1004" name="tmp_3_read_fu_138">
<pin_list>
<pin id="139" dir="0" index="0" bw="8" slack="0"/>
<pin id="140" dir="0" index="1" bw="8" slack="0"/>
<pin id="141" dir="1" index="2" bw="8" slack="0"/>
</pin_list>
<bind>
<opcode="read(1150) " fcode="read"/>
<opset="tmp_3/4 "/>
</bind>
</comp>

<comp id="144" class="1004" name="grp_write_fu_144">
<pin_list>
<pin id="145" dir="0" index="0" bw="0" slack="0"/>
<pin id="146" dir="0" index="1" bw="24" slack="0"/>
<pin id="147" dir="0" index="2" bw="3" slack="0"/>
<pin id="148" dir="0" index="3" bw="3" slack="0"/>
<pin id="149" dir="0" index="4" bw="1" slack="0"/>
<pin id="150" dir="0" index="5" bw="1" slack="0"/>
<pin id="151" dir="0" index="6" bw="1" slack="0"/>
<pin id="152" dir="0" index="7" bw="1" slack="0"/>
<pin id="153" dir="0" index="8" bw="24" slack="0"/>
<pin id="154" dir="0" index="9" bw="1" slack="0"/>
<pin id="155" dir="0" index="10" bw="1" slack="0"/>
<pin id="156" dir="0" index="11" bw="1" slack="0"/>
<pin id="157" dir="0" index="12" bw="1" slack="1"/>
<pin id="158" dir="0" index="13" bw="1" slack="0"/>
<pin id="159" dir="0" index="14" bw="1" slack="0"/>
<pin id="160" dir="1" index="15" bw="0" slack="2147483647"/>
</pin_list>
<bind>
<opcode="write(1151) " fcode="write"/>
<opset="StgValue_37/4 "/>
</bind>
</comp>

<comp id="173" class="1005" name="t_V_reg_173">
<pin_list>
<pin id="174" dir="0" index="0" bw="11" slack="1"/>
<pin id="175" dir="1" index="1" bw="11" slack="1"/>
</pin_list>
<bind>
<opset="t_V (phireg) "/>
</bind>
</comp>

<comp id="177" class="1004" name="t_V_phi_fu_177">
<pin_list>
<pin id="178" dir="0" index="0" bw="1" slack="1"/>
<pin id="179" dir="0" index="1" bw="0" slack="2147483647"/>
<pin id="180" dir="0" index="2" bw="11" slack="0"/>
<pin id="181" dir="0" index="3" bw="0" slack="2147483647"/>
<pin id="182" dir="1" index="4" bw="11" slack="0"/>
</pin_list>
<bind>
<opcode="phi(47) " fcode="phi"/>
<opset="t_V/2 "/>
</bind>
</comp>

<comp id="184" class="1005" name="t_V_1_reg_184">
<pin_list>
<pin id="185" dir="0" index="0" bw="11" slack="1"/>
<pin id="186" dir="1" index="1" bw="11" slack="1"/>
</pin_list>
<bind>
<opset="t_V_1 (phireg) "/>
</bind>
</comp>

<comp id="188" class="1004" name="t_V_1_phi_fu_188">
<pin_list>
<pin id="189" dir="0" index="0" bw="1" slack="1"/>
<pin id="190" dir="0" index="1" bw="0" slack="2147483647"/>
<pin id="191" dir="0" index="2" bw="11" slack="0"/>
<pin id="192" dir="0" index="3" bw="0" slack="2147483647"/>
<pin id="193" dir="1" index="4" bw="11" slack="0"/>
</pin_list>
<bind>
<opcode="phi(47) " fcode="phi"/>
<opset="t_V_1/3 "/>
</bind>
</comp>

<comp id="195" class="1004" name="StgValue_12_store_fu_195">
<pin_list>
<pin id="196" dir="0" index="0" bw="1" slack="0"/>
<pin id="197" dir="0" index="1" bw="1" slack="0"/>
<pin id="198" dir="1" index="2" bw="0" slack="2147483647"/>
</pin_list>
<bind>
<opcode="store(28) " fcode="store"/>
<opset="StgValue_12/1 "/>
</bind>
</comp>

<comp id="200" class="1004" name="exitcond2_fu_200">
<pin_list>
<pin id="201" dir="0" index="0" bw="11" slack="0"/>
<pin id="202" dir="0" index="1" bw="11" slack="0"/>
<pin id="203" dir="1" index="2" bw="1" slack="1"/>
</pin_list>
<bind>
<opcode="icmp(45) " fcode="icmp"/>
<opset="exitcond2/2 "/>
</bind>
</comp>

<comp id="206" class="1004" name="i_V_fu_206">
<pin_list>
<pin id="207" dir="0" index="0" bw="11" slack="0"/>
<pin id="208" dir="0" index="1" bw="1" slack="0"/>
<pin id="209" dir="1" index="2" bw="11" slack="0"/>
</pin_list>
<bind>
<opcode="add(8) " fcode="add"/>
<opset="i_V/2 "/>
</bind>
</comp>

<comp id="212" class="1004" name="exitcond_fu_212">
<pin_list>
<pin id="213" dir="0" index="0" bw="11" slack="0"/>
<pin id="214" dir="0" index="1" bw="11" slack="0"/>
<pin id="215" dir="1" index="2" bw="1" slack="1"/>
</pin_list>
<bind>
<opcode="icmp(45) " fcode="icmp"/>
<opset="exitcond/3 "/>
</bind>
</comp>

<comp id="218" class="1004" name="j_V_fu_218">
<pin_list>
<pin id="219" dir="0" index="0" bw="11" slack="0"/>
<pin id="220" dir="0" index="1" bw="1" slack="0"/>
<pin id="221" dir="1" index="2" bw="11" slack="0"/>
</pin_list>
<bind>
<opcode="add(8) " fcode="add"/>
<opset="j_V/3 "/>
</bind>
</comp>

<comp id="224" class="1004" name="axi_last_V_fu_224">
<pin_list>
<pin id="225" dir="0" index="0" bw="11" slack="0"/>
<pin id="226" dir="0" index="1" bw="11" slack="0"/>
<pin id="227" dir="1" index="2" bw="1" slack="1"/>
</pin_list>
<bind>
<opcode="icmp(45) " fcode="icmp"/>
<opset="axi_last_V/3 "/>
</bind>
</comp>

<comp id="230" class="1004" name="tmp_user_V_load_load_fu_230">
<pin_list>
<pin id="231" dir="0" index="0" bw="1" slack="3"/>
<pin id="232" dir="1" index="1" bw="1" slack="0"/>
</pin_list>
<bind>
<opcode="load(27) " fcode="load"/>
<opset="tmp_user_V_load/4 "/>
</bind>
</comp>

<comp id="234" class="1004" name="tmp_data_V_fu_234">
<pin_list>
<pin id="235" dir="0" index="0" bw="24" slack="0"/>
<pin id="236" dir="0" index="1" bw="8" slack="0"/>
<pin id="237" dir="0" index="2" bw="8" slack="0"/>
<pin id="238" dir="0" index="3" bw="8" slack="0"/>
<pin id="239" dir="1" index="4" bw="24" slack="0"/>
</pin_list>
<bind>
<opcode="bitconcatenate(1004) " fcode="bitconcatenate"/>
<opset="tmp_data_V/4 "/>
</bind>
</comp>

<comp id="245" class="1004" name="StgValue_38_store_fu_245">
<pin_list>
<pin id="246" dir="0" index="0" bw="1" slack="0"/>
<pin id="247" dir="0" index="1" bw="1" slack="3"/>
<pin id="248" dir="1" index="2" bw="0" slack="2147483647"/>
</pin_list>
<bind>
<opcode="store(28) " fcode="store"/>
<opset="StgValue_38/4 "/>
</bind>
</comp>

<comp id="250" class="1005" name="tmp_user_V_reg_250">
<pin_list>
<pin id="251" dir="0" index="0" bw="1" slack="0"/>
<pin id="252" dir="1" index="1" bw="1" slack="0"/>
</pin_list>
<bind>
<opset="tmp_user_V "/>
</bind>
</comp>

<comp id="257" class="1005" name="exitcond2_reg_257">
<pin_list>
<pin id="258" dir="0" index="0" bw="1" slack="1"/>
<pin id="259" dir="1" index="1" bw="1" slack="2147483647"/>
</pin_list>
<bind>
<opset="exitcond2 "/>
</bind>
</comp>

<comp id="261" class="1005" name="i_V_reg_261">
<pin_list>
<pin id="262" dir="0" index="0" bw="11" slack="0"/>
<pin id="263" dir="1" index="1" bw="11" slack="0"/>
</pin_list>
<bind>
<opset="i_V "/>
</bind>
</comp>

<comp id="266" class="1005" name="exitcond_reg_266">
<pin_list>
<pin id="267" dir="0" index="0" bw="1" slack="1"/>
<pin id="268" dir="1" index="1" bw="1" slack="2147483647"/>
</pin_list>
<bind>
<opset="exitcond "/>
</bind>
</comp>

<comp id="270" class="1005" name="j_V_reg_270">
<pin_list>
<pin id="271" dir="0" index="0" bw="11" slack="0"/>
<pin id="272" dir="1" index="1" bw="11" slack="0"/>
</pin_list>
<bind>
<opset="j_V "/>
</bind>
</comp>

<comp id="275" class="1005" name="axi_last_V_reg_275">
<pin_list>
<pin id="276" dir="0" index="0" bw="1" slack="1"/>
<pin id="277" dir="1" index="1" bw="1" slack="1"/>
</pin_list>
<bind>
<opset="axi_last_V "/>
</bind>
</comp>

<comp id="280" class="1005" name="tmp_user_V_load_reg_280">
<pin_list>
<pin id="281" dir="0" index="0" bw="1" slack="1"/>
<pin id="282" dir="1" index="1" bw="1" slack="1"/>
</pin_list>
<bind>
<opset="tmp_user_V_load "/>
</bind>
</comp>

<comp id="285" class="1005" name="tmp_data_V_reg_285">
<pin_list>
<pin id="286" dir="0" index="0" bw="24" slack="1"/>
<pin id="287" dir="1" index="1" bw="24" slack="1"/>
</pin_list>
<bind>
<opset="tmp_data_V "/>
</bind>
</comp>

</comp_list>

<net_list>
<net id="125"><net_src comp="20" pin="0"/><net_sink comp="122" pin=0"/></net>

<net id="130"><net_src comp="102" pin="0"/><net_sink comp="126" pin=0"/></net>

<net id="131"><net_src comp="0" pin="0"/><net_sink comp="126" pin=1"/></net>

<net id="136"><net_src comp="102" pin="0"/><net_sink comp="132" pin=0"/></net>

<net id="137"><net_src comp="2" pin="0"/><net_sink comp="132" pin=1"/></net>

<net id="142"><net_src comp="102" pin="0"/><net_sink comp="138" pin=0"/></net>

<net id="143"><net_src comp="4" pin="0"/><net_sink comp="138" pin=1"/></net>

<net id="161"><net_src comp="108" pin="0"/><net_sink comp="144" pin=0"/></net>

<net id="162"><net_src comp="6" pin="0"/><net_sink comp="144" pin=1"/></net>

<net id="163"><net_src comp="8" pin="0"/><net_sink comp="144" pin=2"/></net>

<net id="164"><net_src comp="10" pin="0"/><net_sink comp="144" pin=3"/></net>

<net id="165"><net_src comp="12" pin="0"/><net_sink comp="144" pin=4"/></net>

<net id="166"><net_src comp="14" pin="0"/><net_sink comp="144" pin=5"/></net>

<net id="167"><net_src comp="16" pin="0"/><net_sink comp="144" pin=6"/></net>

<net id="168"><net_src comp="18" pin="0"/><net_sink comp="144" pin=7"/></net>

<net id="169"><net_src comp="110" pin="0"/><net_sink comp="144" pin=9"/></net>

<net id="170"><net_src comp="112" pin="0"/><net_sink comp="144" pin=10"/></net>

<net id="171"><net_src comp="114" pin="0"/><net_sink comp="144" pin=13"/></net>

<net id="172"><net_src comp="114" pin="0"/><net_sink comp="144" pin=14"/></net>

<net id="176"><net_src comp="76" pin="0"/><net_sink comp="173" pin=0"/></net>

<net id="183"><net_src comp="173" pin="1"/><net_sink comp="177" pin=0"/></net>

<net id="187"><net_src comp="76" pin="0"/><net_sink comp="184" pin=0"/></net>

<net id="194"><net_src comp="184" pin="1"/><net_sink comp="188" pin=0"/></net>

<net id="199"><net_src comp="74" pin="0"/><net_sink comp="195" pin=0"/></net>

<net id="204"><net_src comp="177" pin="4"/><net_sink comp="200" pin=0"/></net>

<net id="205"><net_src comp="78" pin="0"/><net_sink comp="200" pin=1"/></net>

<net id="210"><net_src comp="177" pin="4"/><net_sink comp="206" pin=0"/></net>

<net id="211"><net_src comp="84" pin="0"/><net_sink comp="206" pin=1"/></net>

<net id="216"><net_src comp="188" pin="4"/><net_sink comp="212" pin=0"/></net>

<net id="217"><net_src comp="92" pin="0"/><net_sink comp="212" pin=1"/></net>

<net id="222"><net_src comp="188" pin="4"/><net_sink comp="218" pin=0"/></net>

<net id="223"><net_src comp="84" pin="0"/><net_sink comp="218" pin=1"/></net>

<net id="228"><net_src comp="188" pin="4"/><net_sink comp="224" pin=0"/></net>

<net id="229"><net_src comp="96" pin="0"/><net_sink comp="224" pin=1"/></net>

<net id="233"><net_src comp="230" pin="1"/><net_sink comp="144" pin=11"/></net>

<net id="240"><net_src comp="106" pin="0"/><net_sink comp="234" pin=0"/></net>

<net id="241"><net_src comp="138" pin="2"/><net_sink comp="234" pin=1"/></net>

<net id="242"><net_src comp="132" pin="2"/><net_sink comp="234" pin=2"/></net>

<net id="243"><net_src comp="126" pin="2"/><net_sink comp="234" pin=3"/></net>

<net id="244"><net_src comp="234" pin="4"/><net_sink comp="144" pin=8"/></net>

<net id="249"><net_src comp="116" pin="0"/><net_sink comp="245" pin=0"/></net>

<net id="253"><net_src comp="122" pin="1"/><net_sink comp="250" pin=0"/></net>

<net id="254"><net_src comp="250" pin="1"/><net_sink comp="195" pin=1"/></net>

<net id="255"><net_src comp="250" pin="1"/><net_sink comp="230" pin=0"/></net>

<net id="256"><net_src comp="250" pin="1"/><net_sink comp="245" pin=1"/></net>

<net id="260"><net_src comp="200" pin="2"/><net_sink comp="257" pin=0"/></net>

<net id="264"><net_src comp="206" pin="2"/><net_sink comp="261" pin=0"/></net>

<net id="265"><net_src comp="261" pin="1"/><net_sink comp="177" pin=2"/></net>

<net id="269"><net_src comp="212" pin="2"/><net_sink comp="266" pin=0"/></net>

<net id="273"><net_src comp="218" pin="2"/><net_sink comp="270" pin=0"/></net>

<net id="274"><net_src comp="270" pin="1"/><net_sink comp="188" pin=2"/></net>

<net id="278"><net_src comp="224" pin="2"/><net_sink comp="275" pin=0"/></net>

<net id="279"><net_src comp="275" pin="1"/><net_sink comp="144" pin=12"/></net>

<net id="283"><net_src comp="230" pin="1"/><net_sink comp="280" pin=0"/></net>

<net id="284"><net_src comp="280" pin="1"/><net_sink comp="144" pin=11"/></net>

<net id="288"><net_src comp="234" pin="4"/><net_sink comp="285" pin=0"/></net>

<net id="289"><net_src comp="285" pin="1"/><net_sink comp="144" pin=8"/></net>

</net_list>

</model> 
---------------- Datapath Model END ------------------

* FSMD analyzer results:
  - Output states:
	Port: AXI_video_strm_V_data_V | {5 }
	Port: AXI_video_strm_V_keep_V | {5 }
	Port: AXI_video_strm_V_strb_V | {5 }
	Port: AXI_video_strm_V_user_V | {5 }
	Port: AXI_video_strm_V_last_V | {5 }
	Port: AXI_video_strm_V_id_V | {5 }
	Port: AXI_video_strm_V_dest_V | {5 }
 - Input state : 
	Port: Mat2AXIvideo : img_data_stream_0_V | {4 }
	Port: Mat2AXIvideo : img_data_stream_1_V | {4 }
	Port: Mat2AXIvideo : img_data_stream_2_V | {4 }
	Port: Mat2AXIvideo : AXI_video_strm_V_data_V | {}
	Port: Mat2AXIvideo : AXI_video_strm_V_keep_V | {}
	Port: Mat2AXIvideo : AXI_video_strm_V_strb_V | {}
	Port: Mat2AXIvideo : AXI_video_strm_V_user_V | {}
	Port: Mat2AXIvideo : AXI_video_strm_V_last_V | {}
	Port: Mat2AXIvideo : AXI_video_strm_V_id_V | {}
	Port: Mat2AXIvideo : AXI_video_strm_V_dest_V | {}
  - Chain level:
	State 1
		StgValue_12 : 1
	State 2
		exitcond2 : 1
		i_V : 1
		StgValue_18 : 2
	State 3
		exitcond : 1
		j_V : 1
		StgValue_27 : 2
		axi_last_V : 1
	State 4
		empty : 1
		StgValue_37 : 1
	State 5
		empty_85 : 1
	State 6


============================================================
+ Verbose Summary: Datapath Resource usage 
============================================================

* Functional unit list:
|----------|-------------------|---------|---------|
| Operation|  Functional Unit  |    FF   |   LUT   |
|----------|-------------------|---------|---------|
|          |  exitcond2_fu_200 |    0    |    13   |
|   icmp   |  exitcond_fu_212  |    0    |    13   |
|          | axi_last_V_fu_224 |    0    |    13   |
|----------|-------------------|---------|---------|
|    add   |     i_V_fu_206    |    0    |    13   |
|          |     j_V_fu_218    |    0    |    13   |
|----------|-------------------|---------|---------|
|          | tmp_4_read_fu_126 |    0    |    0    |
|   read   | tmp_5_read_fu_132 |    0    |    0    |
|          | tmp_3_read_fu_138 |    0    |    0    |
|----------|-------------------|---------|---------|
|   write  |  grp_write_fu_144 |    0    |    0    |
|----------|-------------------|---------|---------|
|bitconcatenate| tmp_data_V_fu_234 |    0    |    0    |
|----------|-------------------|---------|---------|
|   Total  |                   |    0    |    65   |
|----------|-------------------|---------|---------|

Memories:
N/A

* Register list:
+-----------------------+--------+
|                       |   FF   |
+-----------------------+--------+
|   axi_last_V_reg_275  |    1   |
|   exitcond2_reg_257   |    1   |
|    exitcond_reg_266   |    1   |
|      i_V_reg_261      |   11   |
|      j_V_reg_270      |   11   |
|     t_V_1_reg_184     |   11   |
|      t_V_reg_173      |   11   |
|   tmp_data_V_reg_285  |   24   |
|tmp_user_V_load_reg_280|    1   |
|   tmp_user_V_reg_250  |    1   |
+-----------------------+--------+
|         Total         |   73   |
+-----------------------+--------+

* Multiplexer (MUX) list: 
|------------------|------|------|------|--------||---------||---------|
|       Comp       |  Pin | Size |  BW  | S x BW ||  Delay  ||   LUT   |
|------------------|------|------|------|--------||---------||---------|
| grp_write_fu_144 |  p8  |   2  |  24  |   48   ||    9    |
| grp_write_fu_144 |  p11 |   2  |   1  |    2   ||    9    |
|------------------|------|------|------|--------||---------||---------|
|       Total      |      |      |      |   50   ||  3.538  ||    18   |
|------------------|------|------|------|--------||---------||---------|



* Summary:
+-----------+--------+--------+--------+
|           |  Delay |   FF   |   LUT  |
+-----------+--------+--------+--------+
|  Function |    -   |    0   |   65   |
|   Memory  |    -   |    -   |    -   |
|Multiplexer|    3   |    -   |   18   |
|  Register |    -   |   73   |    -   |
+-----------+--------+--------+--------+
|   Total   |    3   |   73   |   83   |
+-----------+--------+--------+--------+
