==============================================================
File generated on Wed Jun 26 10:05:06 -0300 2019
Vivado(TM) HLS - High-Level Synthesis from C, C++ and SystemC v2018.3 (64-bit)
SW Build 2405991 on Thu Dec  6 23:38:27 MST 2018
IP Build 2404404 on Fri Dec  7 01:43:56 MST 2018
Copyright 1986-2018 Xilinx, Inc. All Rights Reserved.
==============================================================
INFO: [SYN 201-201] Setting up clock 'default' with a period of 10ns.
INFO: [HLS 200-10] Setting target device to 'xc7z020clg400-1'
INFO: [SCHED 204-61] Option 'relax_ii_for_timing' is enabled, will increase II to preserve clock frequency constraints.
INFO: [HLS 200-10] Analyzing design file 'sobel_hls.cpp' ... 
WARNING: [HLS 214-114] Only function calls and local variable declarations are allowed in a dataflow region: sobel_hls.cpp:16:1
WARNING: [HLS 200-471] Dataflow form checks found 1 issue(s) in file sobel_hls.cpp
INFO: [HLS 200-111] Finished Linking Time (s): cpu = 00:00:01 ; elapsed = 00:00:25 . Memory (MB): peak = 105.316 ; gain = 19.063
INFO: [HLS 200-111] Finished Checking Pragmas Time (s): cpu = 00:00:01 ; elapsed = 00:00:25 . Memory (MB): peak = 105.316 ; gain = 19.063
INFO: [HLS 200-10] Starting code transformations ...
INFO: [HLS 200-489] Unrolling loop 'Loop-1' (C:/Xilinx/Vivado/2018.3/common/technology/autopilot/hls/hls_video_core.h:677) in function 'hls::Mat<720, 1280, 0>::read()' completely with a factor of 1.
INFO: [HLS 200-489] Unrolling loop 'Loop-1' (C:/Xilinx/Vivado/2018.3/common/technology/autopilot/hls/hls_video_core.h:701) in function 'hls::Mat<720, 1280, 0>::write(hls::Scalar<1, unsigned char>)' completely with a factor of 1.
INFO: [XFORM 203-603] Inlining function 'hls::Mat<720, 1280, 4096>::init' into 'hls::Mat<720, 1280, 4096>::Mat.1' (C:/Xilinx/Vivado/2018.3/common/technology/autopilot/hls/hls_video_core.h:642).
INFO: [XFORM 203-603] Inlining function 'hls::Mat<720, 1280, 0>::init' into 'hls::Mat<720, 1280, 0>::Mat.1' (C:/Xilinx/Vivado/2018.3/common/technology/autopilot/hls/hls_video_core.h:642).
INFO: [XFORM 203-603] Inlining function 'hls::AXIGetBitFields<24, unsigned char>.1' into 'hls::AXIGetBitFields<24, unsigned char>' (C:/Xilinx/Vivado/2018.3/common/technology/autopilot/hls/hls_axi_io.h:71).
INFO: [XFORM 203-603] Inlining function 'hls::AXIGetBitFields<24, unsigned char>' into 'hls::AXIvideo2Mat<24, 720, 1280, 4096>' (C:/Xilinx/Vivado/2018.3/common/technology/autopilot/hls/hls_video_io.h:92).
INFO: [XFORM 203-603] Inlining function 'hls::Mat<720, 1280, 4096>::write' into 'hls::Mat<720, 1280, 4096>::operator<<' (C:/Xilinx/Vivado/2018.3/common/technology/autopilot/hls/hls_video_core.h:717).
INFO: [XFORM 203-603] Inlining function 'hls::Mat<720, 1280, 4096>::operator<<' into 'hls::CvtColor<HLS_GRAY2RGB, 0, 4096, 720, 1280>' (C:/Xilinx/Vivado/2018.3/common/technology/autopilot/hls/hls_video_imgproc.h:1973).
INFO: [XFORM 203-603] Inlining function 'hls::Mat<720, 1280, 4096>::operator<<' into 'hls::AXIvideo2Mat<24, 720, 1280, 4096>' (C:/Xilinx/Vivado/2018.3/common/technology/autopilot/hls/hls_video_io.h:94).
INFO: [XFORM 203-603] Inlining function 'hls::Mat<720, 1280, 4096>::read' into 'hls::Mat<720, 1280, 4096>::operator>>' (C:/Xilinx/Vivado/2018.3/common/technology/autopilot/hls/hls_video_core.h:711).
INFO: [XFORM 203-603] Inlining function 'hls::Mat<720, 1280, 4096>::operator>>' into 'hls::Mat2AXIvideo<24, 720, 1280, 4096>' (C:/Xilinx/Vivado/2018.3/common/technology/autopilot/hls/hls_video_io.h:140).
INFO: [XFORM 203-603] Inlining function 'hls::Mat<720, 1280, 4096>::operator>>' into 'hls::CvtColor<HLS_BGR2GRAY, 4096, 0, 720, 1280>' (C:/Xilinx/Vivado/2018.3/common/technology/autopilot/hls/hls_video_imgproc.h:1971).
INFO: [XFORM 203-603] Inlining function 'hls::ColorConverter<unsigned char, unsigned char>::convert<3>' into 'hls::kernel_CvtColor<HLS_BGR2GRAY, unsigned char, unsigned char>::apply<3, 1>' (C:/Xilinx/Vivado/2018.3/common/technology/autopilot/hls/hls_video_imgproc.h:1534).
INFO: [XFORM 203-603] Inlining function 'hls::Mat<720, 1280, 0>::write' into 'hls::Mat<720, 1280, 0>::operator<<' (C:/Xilinx/Vivado/2018.3/common/technology/autopilot/hls/hls_video_core.h:717).
INFO: [XFORM 203-603] Inlining function 'hls::Mat<720, 1280, 0>::operator<<' into 'hls::arithm_pro<hls::kernel_addWeighted, 720, 1280, 0, 0, 0, double, double, double>' (C:/Xilinx/Vivado/2018.3/common/technology/autopilot/hls/hls_video_arithm.h:363).
INFO: [XFORM 203-603] Inlining function 'hls::Mat<720, 1280, 0>::operator<<' into 'hls::Duplicate<720, 1280, 0, 0>' (C:/Xilinx/Vivado/2018.3/common/technology/autopilot/hls/hls_video_arithm.h:1563).
INFO: [XFORM 203-603] Inlining function 'hls::Mat<720, 1280, 0>::operator<<' into 'hls::Duplicate<720, 1280, 0, 0>' (C:/Xilinx/Vivado/2018.3/common/technology/autopilot/hls/hls_video_arithm.h:1562).
INFO: [XFORM 203-603] Inlining function 'hls::Mat<720, 1280, 0>::operator<<' into 'hls::CvtColor<HLS_BGR2GRAY, 4096, 0, 720, 1280>' (C:/Xilinx/Vivado/2018.3/common/technology/autopilot/hls/hls_video_imgproc.h:1973).
INFO: [XFORM 203-603] Inlining function 'hls::normalizeAnchor<int, int>' into 'hls::filter_opr<hls::filter2d_kernel, hls::BORDER_DEFAULT>::filter<0, 0, ap_fixed<16, 2, (ap_q_mode)0, (ap_o_mode)3, 0>, int, 720, 1280, 3, 3>' (C:/Xilinx/Vivado/2018.3/common/technology/autopilot/hls/hls_video_imgproc.h:424).
INFO: [XFORM 203-603] Inlining function 'hls::normalizeAnchor<int, int>' into 'hls::filter_opr<hls::filter2d_kernel, hls::BORDER_DEFAULT>::filter<0, 0, ap_int<8>, int, 720, 1280, 3, 3>' (C:/Xilinx/Vivado/2018.3/common/technology/autopilot/hls/hls_video_imgproc.h:424).
INFO: [XFORM 203-603] Inlining function 'hls::filter_opr<hls::filter2d_kernel, hls::BORDER_DEFAULT>::get_parameters<3, 3, int>' into 'hls::filter_opr<hls::filter2d_kernel, hls::BORDER_DEFAULT>::filter<0, 0, ap_fixed<16, 2, (ap_q_mode)0, (ap_o_mode)3, 0>, int, 720, 1280, 3, 3>' (C:/Xilinx/Vivado/2018.3/common/technology/autopilot/hls/hls_video_imgproc.h:434).
INFO: [XFORM 203-603] Inlining function 'hls::filter_opr<hls::filter2d_kernel, hls::BORDER_DEFAULT>::get_parameters<3, 3, int>' into 'hls::filter_opr<hls::filter2d_kernel, hls::BORDER_DEFAULT>::filter<0, 0, ap_int<8>, int, 720, 1280, 3, 3>' (C:/Xilinx/Vivado/2018.3/common/technology/autopilot/hls/hls_video_imgproc.h:434).
INFO: [XFORM 203-603] Inlining function 'hls::borderInterpolate' into 'hls::filter_opr<hls::filter2d_kernel, hls::BORDER_DEFAULT>::filter<0, 0, ap_int<8>, int, 720, 1280, 3, 3>' (C:/Xilinx/Vivado/2018.3/common/technology/autopilot/hls/hls_video_imgproc.h:452).
INFO: [XFORM 203-603] Inlining function 'hls::borderInterpolate' into 'hls::filter_opr<hls::filter2d_kernel, hls::BORDER_DEFAULT>::filter<0, 0, ap_int<8>, int, 720, 1280, 3, 3>' (C:/Xilinx/Vivado/2018.3/common/technology/autopilot/hls/hls_video_imgproc.h:470).
INFO: [XFORM 203-603] Inlining function 'hls::borderInterpolate' into 'hls::filter_opr<hls::filter2d_kernel, hls::BORDER_DEFAULT>::filter<0, 0, ap_int<8>, int, 720, 1280, 3, 3>' (C:/Xilinx/Vivado/2018.3/common/technology/autopilot/hls/hls_video_imgproc.h:506).
INFO: [XFORM 203-603] Inlining function 'hls::borderInterpolate' into 'hls::filter_opr<hls::filter2d_kernel, hls::BORDER_DEFAULT>::filter<0, 0, ap_fixed<16, 2, (ap_q_mode)0, (ap_o_mode)3, 0>, int, 720, 1280, 3, 3>' (C:/Xilinx/Vivado/2018.3/common/technology/autopilot/hls/hls_video_imgproc.h:452).
INFO: [XFORM 203-603] Inlining function 'hls::borderInterpolate' into 'hls::filter_opr<hls::filter2d_kernel, hls::BORDER_DEFAULT>::filter<0, 0, ap_fixed<16, 2, (ap_q_mode)0, (ap_o_mode)3, 0>, int, 720, 1280, 3, 3>' (C:/Xilinx/Vivado/2018.3/common/technology/autopilot/hls/hls_video_imgproc.h:470).
INFO: [XFORM 203-603] Inlining function 'hls::borderInterpolate' into 'hls::filter_opr<hls::filter2d_kernel, hls::BORDER_DEFAULT>::filter<0, 0, ap_fixed<16, 2, (ap_q_mode)0, (ap_o_mode)3, 0>, int, 720, 1280, 3, 3>' (C:/Xilinx/Vivado/2018.3/common/technology/autopilot/hls/hls_video_imgproc.h:506).
INFO: [XFORM 203-603] Inlining function 'hls::Window<3, 3, unsigned char>::getval' into 'hls::Window<3, 3, unsigned char>::operator()' (C:/Xilinx/Vivado/2018.3/common/technology/autopilot/hls/hls_video_mem.h:501).
INFO: [XFORM 203-603] Inlining function 'hls::Window<3, 3, unsigned char>::operator()' into 'hls::filter_opr<hls::filter2d_kernel, hls::BORDER_DEFAULT>::filter<0, 0, ap_fixed<16, 2, (ap_q_mode)0, (ap_o_mode)3, 0>, int, 720, 1280, 3, 3>' (C:/Xilinx/Vivado/2018.3/common/technology/autopilot/hls/hls_video_imgproc.h:507).
INFO: [XFORM 203-603] Inlining function 'hls::Window<3, 3, unsigned char>::operator()' into 'hls::filter_opr<hls::filter2d_kernel, hls::BORDER_DEFAULT>::filter<0, 0, ap_fixed<16, 2, (ap_q_mode)0, (ap_o_mode)3, 0>, int, 720, 1280, 3, 3>' (C:/Xilinx/Vivado/2018.3/common/technology/autopilot/hls/hls_video_imgproc.h:503).
INFO: [XFORM 203-603] Inlining function 'hls::Window<3, 3, unsigned char>::operator()' into 'hls::filter_opr<hls::filter2d_kernel, hls::BORDER_DEFAULT>::filter<0, 0, ap_fixed<16, 2, (ap_q_mode)0, (ap_o_mode)3, 0>, int, 720, 1280, 3, 3>' (C:/Xilinx/Vivado/2018.3/common/technology/autopilot/hls/hls_video_imgproc.h:484).
INFO: [XFORM 203-603] Inlining function 'hls::Window<3, 3, unsigned char>::operator()' into 'hls::filter_opr<hls::filter2d_kernel, hls::BORDER_DEFAULT>::filter<0, 0, ap_fixed<16, 2, (ap_q_mode)0, (ap_o_mode)3, 0>, int, 720, 1280, 3, 3>' (C:/Xilinx/Vivado/2018.3/common/technology/autopilot/hls/hls_video_imgproc.h:481).
INFO: [XFORM 203-603] Inlining function 'hls::Window<3, 3, unsigned char>::operator()' into 'hls::filter_opr<hls::filter2d_kernel, hls::BORDER_DEFAULT>::filter<0, 0, ap_fixed<16, 2, (ap_q_mode)0, (ap_o_mode)3, 0>, int, 720, 1280, 3, 3>' (C:/Xilinx/Vivado/2018.3/common/technology/autopilot/hls/hls_video_imgproc.h:481).
INFO: [XFORM 203-603] Inlining function 'hls::Window<3, 3, unsigned char>::operator()' into 'hls::filter_opr<hls::filter2d_kernel, hls::BORDER_DEFAULT>::filter<0, 0, ap_fixed<16, 2, (ap_q_mode)0, (ap_o_mode)3, 0>, int, 720, 1280, 3, 3>' (C:/Xilinx/Vivado/2018.3/common/technology/autopilot/hls/hls_video_imgproc.h:458).
INFO: [XFORM 203-603] Inlining function 'hls::Window<3, 3, unsigned char>::operator()' into 'hls::filter_opr<hls::filter2d_kernel, hls::BORDER_DEFAULT>::filter<0, 0, ap_int<8>, int, 720, 1280, 3, 3>' (C:/Xilinx/Vivado/2018.3/common/technology/autopilot/hls/hls_video_imgproc.h:507).
INFO: [XFORM 203-603] Inlining function 'hls::Window<3, 3, unsigned char>::operator()' into 'hls::filter_opr<hls::filter2d_kernel, hls::BORDER_DEFAULT>::filter<0, 0, ap_int<8>, int, 720, 1280, 3, 3>' (C:/Xilinx/Vivado/2018.3/common/technology/autopilot/hls/hls_video_imgproc.h:503).
INFO: [XFORM 203-603] Inlining function 'hls::Window<3, 3, unsigned char>::operator()' into 'hls::filter_opr<hls::filter2d_kernel, hls::BORDER_DEFAULT>::filter<0, 0, ap_int<8>, int, 720, 1280, 3, 3>' (C:/Xilinx/Vivado/2018.3/common/technology/autopilot/hls/hls_video_imgproc.h:484).
INFO: [XFORM 203-603] Inlining function 'hls::Window<3, 3, unsigned char>::operator()' into 'hls::filter_opr<hls::filter2d_kernel, hls::BORDER_DEFAULT>::filter<0, 0, ap_int<8>, int, 720, 1280, 3, 3>' (C:/Xilinx/Vivado/2018.3/common/technology/autopilot/hls/hls_video_imgproc.h:481).
INFO: [XFORM 203-603] Inlining function 'hls::Window<3, 3, unsigned char>::operator()' into 'hls::filter_opr<hls::filter2d_kernel, hls::BORDER_DEFAULT>::filter<0, 0, ap_int<8>, int, 720, 1280, 3, 3>' (C:/Xilinx/Vivado/2018.3/common/technology/autopilot/hls/hls_video_imgproc.h:481).
INFO: [XFORM 203-603] Inlining function 'hls::Window<3, 3, unsigned char>::operator()' into 'hls::filter_opr<hls::filter2d_kernel, hls::BORDER_DEFAULT>::filter<0, 0, ap_int<8>, int, 720, 1280, 3, 3>' (C:/Xilinx/Vivado/2018.3/common/technology/autopilot/hls/hls_video_imgproc.h:458).
INFO: [XFORM 203-603] Inlining function 'hls::Window<3, 1, unsigned char>::getval' into 'hls::Window<3, 1, unsigned char>::operator()' (C:/Xilinx/Vivado/2018.3/common/technology/autopilot/hls/hls_video_mem.h:501).
INFO: [XFORM 203-603] Inlining function 'hls::Window<3, 1, unsigned char>::operator()' into 'hls::filter_opr<hls::filter2d_kernel, hls::BORDER_DEFAULT>::filter<0, 0, ap_int<8>, int, 720, 1280, 3, 3>' (C:/Xilinx/Vivado/2018.3/common/technology/autopilot/hls/hls_video_imgproc.h:458).
INFO: [XFORM 203-603] Inlining function 'hls::Window<3, 1, unsigned char>::operator()' into 'hls::filter_opr<hls::filter2d_kernel, hls::BORDER_DEFAULT>::filter<0, 0, ap_int<8>, int, 720, 1280, 3, 3>' (C:/Xilinx/Vivado/2018.3/common/technology/autopilot/hls/hls_video_imgproc.h:460).
INFO: [XFORM 203-603] Inlining function 'hls::Window<3, 1, unsigned char>::operator()' into 'hls::filter_opr<hls::filter2d_kernel, hls::BORDER_DEFAULT>::filter<0, 0, ap_int<8>, int, 720, 1280, 3, 3>' (C:/Xilinx/Vivado/2018.3/common/technology/autopilot/hls/hls_video_imgproc.h:484).
INFO: [XFORM 203-603] Inlining function 'hls::Window<3, 1, unsigned char>::operator()' into 'hls::filter_opr<hls::filter2d_kernel, hls::BORDER_DEFAULT>::filter<0, 0, ap_int<8>, int, 720, 1280, 3, 3>' (C:/Xilinx/Vivado/2018.3/common/technology/autopilot/hls/hls_video_imgproc.h:503).
INFO: [XFORM 203-603] Inlining function 'hls::Window<3, 1, unsigned char>::operator()' into 'hls::filter_opr<hls::filter2d_kernel, hls::BORDER_DEFAULT>::filter<0, 0, ap_int<8>, int, 720, 1280, 3, 3>' (C:/Xilinx/Vivado/2018.3/common/technology/autopilot/hls/hls_video_imgproc.h:507).
INFO: [XFORM 203-603] Inlining function 'hls::Window<3, 1, unsigned char>::operator()' into 'hls::filter_opr<hls::filter2d_kernel, hls::BORDER_DEFAULT>::filter<0, 0, ap_fixed<16, 2, (ap_q_mode)0, (ap_o_mode)3, 0>, int, 720, 1280, 3, 3>' (C:/Xilinx/Vivado/2018.3/common/technology/autopilot/hls/hls_video_imgproc.h:458).
INFO: [XFORM 203-603] Inlining function 'hls::Window<3, 1, unsigned char>::operator()' into 'hls::filter_opr<hls::filter2d_kernel, hls::BORDER_DEFAULT>::filter<0, 0, ap_fixed<16, 2, (ap_q_mode)0, (ap_o_mode)3, 0>, int, 720, 1280, 3, 3>' (C:/Xilinx/Vivado/2018.3/common/technology/autopilot/hls/hls_video_imgproc.h:460).
INFO: [XFORM 203-603] Inlining function 'hls::Window<3, 1, unsigned char>::operator()' into 'hls::filter_opr<hls::filter2d_kernel, hls::BORDER_DEFAULT>::filter<0, 0, ap_fixed<16, 2, (ap_q_mode)0, (ap_o_mode)3, 0>, int, 720, 1280, 3, 3>' (C:/Xilinx/Vivado/2018.3/common/technology/autopilot/hls/hls_video_imgproc.h:484).
INFO: [XFORM 203-603] Inlining function 'hls::Window<3, 1, unsigned char>::operator()' into 'hls::filter_opr<hls::filter2d_kernel, hls::BORDER_DEFAULT>::filter<0, 0, ap_fixed<16, 2, (ap_q_mode)0, (ap_o_mode)3, 0>, int, 720, 1280, 3, 3>' (C:/Xilinx/Vivado/2018.3/common/technology/autopilot/hls/hls_video_imgproc.h:503).
INFO: [XFORM 203-603] Inlining function 'hls::Window<3, 1, unsigned char>::operator()' into 'hls::filter_opr<hls::filter2d_kernel, hls::BORDER_DEFAULT>::filter<0, 0, ap_fixed<16, 2, (ap_q_mode)0, (ap_o_mode)3, 0>, int, 720, 1280, 3, 3>' (C:/Xilinx/Vivado/2018.3/common/technology/autopilot/hls/hls_video_imgproc.h:507).
INFO: [XFORM 203-603] Inlining function 'hls::LineBuffer<6, 1280, unsigned char, 0>::getval' into 'hls::LineBuffer<6, 1280, unsigned char, 0>::operator()' (C:/Xilinx/Vivado/2018.3/common/technology/autopilot/hls/hls_video_mem.h:843).
INFO: [XFORM 203-603] Inlining function 'hls::LineBuffer<6, 1280, unsigned char, 0>::operator()' into 'hls::filter_opr<hls::filter2d_kernel, hls::BORDER_DEFAULT>::filter<0, 0, ap_fixed<16, 2, (ap_q_mode)0, (ap_o_mode)3, 0>, int, 720, 1280, 3, 3>' (C:/Xilinx/Vivado/2018.3/common/technology/autopilot/hls/hls_video_imgproc.h:493).
INFO: [XFORM 203-603] Inlining function 'hls::LineBuffer<6, 1280, unsigned char, 0>::operator()' into 'hls::filter_opr<hls::filter2d_kernel, hls::BORDER_DEFAULT>::filter<0, 0, ap_fixed<16, 2, (ap_q_mode)0, (ap_o_mode)3, 0>, int, 720, 1280, 3, 3>' (C:/Xilinx/Vivado/2018.3/common/technology/autopilot/hls/hls_video_imgproc.h:489).
INFO: [XFORM 203-603] Inlining function 'hls::LineBuffer<6, 1280, unsigned char, 0>::operator()' into 'hls::filter_opr<hls::filter2d_kernel, hls::BORDER_DEFAULT>::filter<0, 0, ap_fixed<16, 2, (ap_q_mode)0, (ap_o_mode)3, 0>, int, 720, 1280, 3, 3>' (C:/Xilinx/Vivado/2018.3/common/technology/autopilot/hls/hls_video_imgproc.h:489).
INFO: [XFORM 203-603] Inlining function 'hls::LineBuffer<6, 1280, unsigned char, 0>::operator()' into 'hls::filter_opr<hls::filter2d_kernel, hls::BORDER_DEFAULT>::filter<0, 0, ap_fixed<16, 2, (ap_q_mode)0, (ap_o_mode)3, 0>, int, 720, 1280, 3, 3>' (C:/Xilinx/Vivado/2018.3/common/technology/autopilot/hls/hls_video_imgproc.h:472).
INFO: [XFORM 203-603] Inlining function 'hls::LineBuffer<6, 1280, unsigned char, 0>::operator()' into 'hls::filter_opr<hls::filter2d_kernel, hls::BORDER_DEFAULT>::filter<0, 0, ap_fixed<16, 2, (ap_q_mode)0, (ap_o_mode)3, 0>, int, 720, 1280, 3, 3>' (C:/Xilinx/Vivado/2018.3/common/technology/autopilot/hls/hls_video_imgproc.h:460).
INFO: [XFORM 203-603] Inlining function 'hls::LineBuffer<6, 1280, unsigned char, 0>::operator()' into 'hls::filter_opr<hls::filter2d_kernel, hls::BORDER_DEFAULT>::filter<0, 0, ap_int<8>, int, 720, 1280, 3, 3>' (C:/Xilinx/Vivado/2018.3/common/technology/autopilot/hls/hls_video_imgproc.h:493).
INFO: [XFORM 203-603] Inlining function 'hls::LineBuffer<6, 1280, unsigned char, 0>::operator()' into 'hls::filter_opr<hls::filter2d_kernel, hls::BORDER_DEFAULT>::filter<0, 0, ap_int<8>, int, 720, 1280, 3, 3>' (C:/Xilinx/Vivado/2018.3/common/technology/autopilot/hls/hls_video_imgproc.h:489).
INFO: [XFORM 203-603] Inlining function 'hls::LineBuffer<6, 1280, unsigned char, 0>::operator()' into 'hls::filter_opr<hls::filter2d_kernel, hls::BORDER_DEFAULT>::filter<0, 0, ap_int<8>, int, 720, 1280, 3, 3>' (C:/Xilinx/Vivado/2018.3/common/technology/autopilot/hls/hls_video_imgproc.h:489).
INFO: [XFORM 203-603] Inlining function 'hls::LineBuffer<6, 1280, unsigned char, 0>::operator()' into 'hls::filter_opr<hls::filter2d_kernel, hls::BORDER_DEFAULT>::filter<0, 0, ap_int<8>, int, 720, 1280, 3, 3>' (C:/Xilinx/Vivado/2018.3/common/technology/autopilot/hls/hls_video_imgproc.h:472).
INFO: [XFORM 203-603] Inlining function 'hls::LineBuffer<6, 1280, unsigned char, 0>::operator()' into 'hls::filter_opr<hls::filter2d_kernel, hls::BORDER_DEFAULT>::filter<0, 0, ap_int<8>, int, 720, 1280, 3, 3>' (C:/Xilinx/Vivado/2018.3/common/technology/autopilot/hls/hls_video_imgproc.h:460).
INFO: [XFORM 203-603] Inlining function 'hls::Window<3, 3, unsigned char>::shift_pixels_right' into 'hls::Window<3, 3, unsigned char>::shift_right' (C:/Xilinx/Vivado/2018.3/common/technology/autopilot/hls/hls_video_mem.h:543).
INFO: [XFORM 203-603] Inlining function 'hls::Window<3, 3, unsigned char>::shift_right' into 'hls::filter_opr<hls::filter2d_kernel, hls::BORDER_DEFAULT>::filter<0, 0, ap_fixed<16, 2, (ap_q_mode)0, (ap_o_mode)3, 0>, int, 720, 1280, 3, 3>' (C:/Xilinx/Vivado/2018.3/common/technology/autopilot/hls/hls_video_imgproc.h:499).
INFO: [XFORM 203-603] Inlining function 'hls::Window<3, 3, unsigned char>::shift_right' into 'hls::filter_opr<hls::filter2d_kernel, hls::BORDER_DEFAULT>::filter<0, 0, ap_int<8>, int, 720, 1280, 3, 3>' (C:/Xilinx/Vivado/2018.3/common/technology/autopilot/hls/hls_video_imgproc.h:499).
INFO: [XFORM 203-603] Inlining function 'hls::filter2d_kernel::apply<unsigned char, ap_fixed<28, 14, (ap_q_mode)5, (ap_o_mode)3, 0>, ap_fixed<16, 2, (ap_q_mode)0, (ap_o_mode)3, 0>, 3, 3>' into 'hls::filter2d_kernel::apply<unsigned char, unsigned char, ap_fixed<16, 2, (ap_q_mode)0, (ap_o_mode)3, 0>, 3, 3>' (C:/Xilinx/Vivado/2018.3/common/technology/autopilot/hls/hls_video_imgproc.h:303).
INFO: [XFORM 203-603] Inlining function 'hls::filter2d_kernel::apply<unsigned char, unsigned char, ap_fixed<16, 2, (ap_q_mode)0, (ap_o_mode)3, 0>, 3, 3>' into 'hls::filter_opr<hls::filter2d_kernel, hls::BORDER_DEFAULT>::filter<0, 0, ap_fixed<16, 2, (ap_q_mode)0, (ap_o_mode)3, 0>, int, 720, 1280, 3, 3>' (C:/Xilinx/Vivado/2018.3/common/technology/autopilot/hls/hls_video_imgproc.h:514).
INFO: [XFORM 203-603] Inlining function 'hls::filter_opr<hls::filter2d_kernel, hls::BORDER_DEFAULT>::filter<0, 0, ap_fixed<16, 2, (ap_q_mode)0, (ap_o_mode)3, 0>, int, 720, 1280, 3, 3>' into 'hls::Filter2D<hls::BORDER_DEFAULT, 0, 0, ap_fixed<16, 2, (ap_q_mode)0, (ap_o_mode)3, 0>, int, 720, 1280, 3, 3>' (C:/Xilinx/Vivado/2018.3/common/technology/autopilot/hls/hls_video_imgproc.h:1289).
INFO: [XFORM 203-603] Inlining function 'hls::Mat<720, 1280, 0>::read' into 'hls::Mat<720, 1280, 0>::operator>>' (C:/Xilinx/Vivado/2018.3/common/technology/autopilot/hls/hls_video_core.h:711).
INFO: [XFORM 203-603] Inlining function 'hls::Mat<720, 1280, 0>::operator>>' into 'hls::arithm_pro<hls::kernel_addWeighted, 720, 1280, 0, 0, 0, double, double, double>' (C:/Xilinx/Vivado/2018.3/common/technology/autopilot/hls/hls_video_arithm.h:359).
INFO: [XFORM 203-603] Inlining function 'hls::Mat<720, 1280, 0>::operator>>' into 'hls::arithm_pro<hls::kernel_addWeighted, 720, 1280, 0, 0, 0, double, double, double>' (C:/Xilinx/Vivado/2018.3/common/technology/autopilot/hls/hls_video_arithm.h:358).
INFO: [XFORM 203-603] Inlining function 'hls::Mat<720, 1280, 0>::operator>>' into 'hls::CvtColor<HLS_GRAY2RGB, 0, 4096, 720, 1280>' (C:/Xilinx/Vivado/2018.3/common/technology/autopilot/hls/hls_video_imgproc.h:1971).
INFO: [XFORM 203-603] Inlining function 'hls::Mat<720, 1280, 0>::operator>>' into 'hls::Duplicate<720, 1280, 0, 0>' (C:/Xilinx/Vivado/2018.3/common/technology/autopilot/hls/hls_video_arithm.h:1561).
INFO: [XFORM 203-603] Inlining function 'hls::Window<1, 3, ap_int<8> >::getval' into 'hls::Window<1, 3, ap_int<8> >::operator()' (C:/Xilinx/Vivado/2018.3/common/technology/autopilot/hls/hls_video_mem.h:501).
INFO: [XFORM 203-603] Inlining function 'hls::Window<1, 3, ap_int<8> >::operator()' into 'hls::Sobel_kernel<0, 1, 3, ap_int<8> >' (C:/Xilinx/Vivado/2018.3/common/technology/autopilot/hls/hls_video_imgproc.h:2591).
INFO: [XFORM 203-603] Inlining function 'hls::Window<1, 3, ap_int<8> >::operator()' into 'hls::Sobel_kernel<0, 1, 3, ap_int<8> >' (C:/Xilinx/Vivado/2018.3/common/technology/autopilot/hls/hls_video_imgproc.h:2599).
INFO: [XFORM 203-603] Inlining function 'hls::Window<1, 3, ap_int<8> >::operator()' into 'hls::Sobel_kernel<1, 0, 3, ap_int<8> >' (C:/Xilinx/Vivado/2018.3/common/technology/autopilot/hls/hls_video_imgproc.h:2591).
INFO: [XFORM 203-603] Inlining function 'hls::Window<1, 3, ap_int<8> >::operator()' into 'hls::Sobel_kernel<1, 0, 3, ap_int<8> >' (C:/Xilinx/Vivado/2018.3/common/technology/autopilot/hls/hls_video_imgproc.h:2599).
INFO: [XFORM 203-603] Inlining function 'hls::Window<3, 1, ap_int<8> >::getval' into 'hls::Window<3, 1, ap_int<8> >::operator()' (C:/Xilinx/Vivado/2018.3/common/technology/autopilot/hls/hls_video_mem.h:501).
INFO: [XFORM 203-603] Inlining function 'hls::Window<3, 1, ap_int<8> >::operator()' into 'hls::Sobel_kernel<0, 1, 3, ap_int<8> >' (C:/Xilinx/Vivado/2018.3/common/technology/autopilot/hls/hls_video_imgproc.h:2593).
INFO: [XFORM 203-603] Inlining function 'hls::Window<3, 1, ap_int<8> >::operator()' into 'hls::Sobel_kernel<0, 1, 3, ap_int<8> >' (C:/Xilinx/Vivado/2018.3/common/technology/autopilot/hls/hls_video_imgproc.h:2599).
INFO: [XFORM 203-603] Inlining function 'hls::Window<3, 1, ap_int<8> >::operator()' into 'hls::Sobel_kernel<1, 0, 3, ap_int<8> >' (C:/Xilinx/Vivado/2018.3/common/technology/autopilot/hls/hls_video_imgproc.h:2593).
INFO: [XFORM 203-603] Inlining function 'hls::Window<3, 1, ap_int<8> >::operator()' into 'hls::Sobel_kernel<1, 0, 3, ap_int<8> >' (C:/Xilinx/Vivado/2018.3/common/technology/autopilot/hls/hls_video_imgproc.h:2599).
INFO: [XFORM 203-603] Inlining function 'hls::Window<3, 3, ap_int<8> >::getval' into 'hls::Window<3, 3, ap_int<8> >::operator()' (C:/Xilinx/Vivado/2018.3/common/technology/autopilot/hls/hls_video_mem.h:501).
INFO: [XFORM 203-603] Inlining function 'hls::Window<3, 3, ap_int<8> >::operator()' into 'hls::Sobel_kernel<1, 0, 3, ap_int<8> >' (C:/Xilinx/Vivado/2018.3/common/technology/autopilot/hls/hls_video_imgproc.h:2599).
INFO: [XFORM 203-603] Inlining function 'hls::Window<3, 3, ap_int<8> >::operator()' into 'hls::Sobel_kernel<0, 1, 3, ap_int<8> >' (C:/Xilinx/Vivado/2018.3/common/technology/autopilot/hls/hls_video_imgproc.h:2599).
INFO: [XFORM 203-603] Inlining function 'hls::filter2d_kernel::apply<unsigned char, ap_fixed<20, 20, (ap_q_mode)5, (ap_o_mode)3, 0>, ap_int<8>, 3, 3>' into 'hls::filter2d_kernel::apply<unsigned char, unsigned char, ap_int<8>, 3, 3>' (C:/Xilinx/Vivado/2018.3/common/technology/autopilot/hls/hls_video_imgproc.h:303).
INFO: [XFORM 203-603] Inlining function 'hls::filter2d_kernel::apply<unsigned char, unsigned char, ap_int<8>, 3, 3>' into 'hls::filter_opr<hls::filter2d_kernel, hls::BORDER_DEFAULT>::filter<0, 0, ap_int<8>, int, 720, 1280, 3, 3>' (C:/Xilinx/Vivado/2018.3/common/technology/autopilot/hls/hls_video_imgproc.h:514).
INFO: [XFORM 203-603] Inlining function 'hls::filter_opr<hls::filter2d_kernel, hls::BORDER_DEFAULT>::filter<0, 0, ap_int<8>, int, 720, 1280, 3, 3>' into 'hls::Filter2D<hls::BORDER_DEFAULT, 0, 0, ap_int<8>, int, 720, 1280, 3, 3>' (C:/Xilinx/Vivado/2018.3/common/technology/autopilot/hls/hls_video_imgproc.h:1289).
INFO: [XFORM 203-603] Inlining function 'hls::kernel_addWeighted::apply<unsigned char, unsigned char, unsigned char, double>' into 'hls::arithm_pro<hls::kernel_addWeighted, 720, 1280, 0, 0, 0, double, double, double>' (C:/Xilinx/Vivado/2018.3/common/technology/autopilot/hls/hls_video_arithm.h:361).
INFO: [XFORM 203-603] Inlining function 'hls::kernel_CvtColor<HLS_GRAY2RGB, unsigned char, unsigned char>::apply<1, 3>' into 'hls::CvtColor<HLS_GRAY2RGB, 0, 4096, 720, 1280>' (C:/Xilinx/Vivado/2018.3/common/technology/autopilot/hls/hls_video_imgproc.h:1972).
INFO: [XFORM 203-603] Inlining function 'hls::AXISetBitFields<24, unsigned char>.1' into 'hls::AXISetBitFields<24, unsigned char>' (C:/Xilinx/Vivado/2018.3/common/technology/autopilot/hls/hls_axi_io.h:100).
INFO: [XFORM 203-603] Inlining function 'hls::AXISetBitFields<24, unsigned char>' into 'hls::Mat2AXIvideo<24, 720, 1280, 4096>' (C:/Xilinx/Vivado/2018.3/common/technology/autopilot/hls/hls_video_io.h:143).
INFO: [HLS 200-111] Finished Standard Transforms Time (s): cpu = 00:00:04 ; elapsed = 00:00:31 . Memory (MB): peak = 353.832 ; gain = 267.578
INFO: [HLS 200-10] Checking synthesizability ...
INFO: [XFORM 203-602] Inlining function 'hls::sr_cast_class<ap_uint<8> >::operator()<35, 13, (ap_q_mode)5, (ap_o_mode)3>' into 'hls::sr_cast<unsigned char, ap_fixed<35, 13, (ap_q_mode)5, (ap_o_mode)3, 0> >' (C:/Xilinx/Vivado/2018.3/common/technology/autopilot/hls/hls_video_types.h:500) automatically.
INFO: [XFORM 203-602] Inlining function 'hls::sr_cast<unsigned char, ap_fixed<35, 13, (ap_q_mode)5, (ap_o_mode)3, 0> >' into 'hls::kernel_CvtColor<HLS_BGR2GRAY, unsigned char, unsigned char>::apply<3, 1>' (C:/Xilinx/Vivado/2018.3/common/technology/autopilot/hls/hls_video_imgproc.h:1498->C:/Xilinx/Vivado/2018.3/common/technology/autopilot/hls/hls_video_imgproc.h:1534) automatically.
INFO: [XFORM 203-602] Inlining function 'hls::sr_cast_class<ap_uint<8> >::operator()<28, 14, (ap_q_mode)5, (ap_o_mode)3>' into 'hls::sr_cast<unsigned char, ap_fixed<28, 14, (ap_q_mode)5, (ap_o_mode)3, 0> >' (C:/Xilinx/Vivado/2018.3/common/technology/autopilot/hls/hls_video_types.h:500) automatically.
INFO: [XFORM 203-602] Inlining function 'hls::sr_cast<unsigned char, ap_fixed<28, 14, (ap_q_mode)5, (ap_o_mode)3, 0> >' into 'hls::Filter2D<hls::BORDER_DEFAULT, 0, 0, ap_fixed<16, 2, (ap_q_mode)0, (ap_o_mode)3, 0>, int, 720, 1280, 3, 3>' (C:/Xilinx/Vivado/2018.3/common/technology/autopilot/hls/hls_video_imgproc.h:304->C:/Xilinx/Vivado/2018.3/common/technology/autopilot/hls/hls_video_imgproc.h:514->C:/Xilinx/Vivado/2018.3/common/technology/autopilot/hls/hls_video_imgproc.h:1289) automatically.
INFO: [XFORM 203-602] Inlining function 'hls::GaussianBlur<3, 3, hls::BORDER_DEFAULT, 0, 0, 720, 1280>' into 'hls::GaussianBlur<3, 3, 0, 0, 720, 1280>' (C:/Xilinx/Vivado/2018.3/common/technology/autopilot/hls/hls_video_imgproc.h:2688) automatically.
INFO: [XFORM 203-602] Inlining function 'hls::sr_cast_class<ap_uint<8> >::operator()<20, 20, (ap_q_mode)5, (ap_o_mode)3>' into 'hls::sr_cast<unsigned char, ap_fixed<20, 20, (ap_q_mode)5, (ap_o_mode)3, 0> >' (C:/Xilinx/Vivado/2018.3/common/technology/autopilot/hls/hls_video_types.h:500) automatically.
INFO: [XFORM 203-602] Inlining function 'hls::sr_cast<unsigned char, ap_fixed<20, 20, (ap_q_mode)5, (ap_o_mode)3, 0> >' into 'hls::Filter2D<hls::BORDER_DEFAULT, 0, 0, ap_int<8>, int, 720, 1280, 3, 3>' (C:/Xilinx/Vivado/2018.3/common/technology/autopilot/hls/hls_video_imgproc.h:304->C:/Xilinx/Vivado/2018.3/common/technology/autopilot/hls/hls_video_imgproc.h:514->C:/Xilinx/Vivado/2018.3/common/technology/autopilot/hls/hls_video_imgproc.h:1289) automatically.
INFO: [XFORM 203-602] Inlining function 'hls::Sobel<1, 0, 3, hls::BORDER_DEFAULT, 0, 0, 720, 1280, 720, 1280>' into 'hls::Sobel<1, 0, 3, 0, 0, 720, 1280, 720, 1280>' (C:/Xilinx/Vivado/2018.3/common/technology/autopilot/hls/hls_video_imgproc.h:2627) automatically.
INFO: [XFORM 203-602] Inlining function 'hls::Sobel<0, 1, 3, hls::BORDER_DEFAULT, 0, 0, 720, 1280, 720, 1280>' into 'hls::Sobel<0, 1, 3, 0, 0, 720, 1280, 720, 1280>' (C:/Xilinx/Vivado/2018.3/common/technology/autopilot/hls/hls_video_imgproc.h:2627) automatically.
INFO: [XFORM 203-602] Inlining function 'generic_isnan<double>' into 'hls::isnan' (r:/builds/2018.3/continuous/2018_12_06_2405991/src/products/hls/hls_lib/hlsmath/src/c++/isnandouble.cpp:6) automatically.
INFO: [XFORM 203-602] Inlining function 'hls::isnan' into 'hls::__isnan' (r:/builds/2018.3/continuous/2018_12_06_2405991/src/products/hls/hls_lib/hlsmath/src/c++/isnandouble.cpp:10) automatically.
INFO: [XFORM 203-602] Inlining function 'hls::__isnan' into 'hls::sr_cast_class<ap_uint<8> >::operator().1' (C:/Xilinx/Vivado/2018.3/common/technology/autopilot/hls/hls_video_types.h:428) automatically.
INFO: [XFORM 203-602] Inlining function 'hls::sr_cast<unsigned char, double>' into 'hls::arithm_pro<hls::kernel_addWeighted, 720, 1280, 0, 0, 0, double, double, double>' (C:/Xilinx/Vivado/2018.3/common/technology/autopilot/hls/hls_video_arithm.h:282->C:/Xilinx/Vivado/2018.3/common/technology/autopilot/hls/hls_video_arithm.h:361) automatically.
INFO: [XFORM 203-602] Inlining function 'hls::sr_cast_class<ap_uint<8> >::operator()<8>' into 'hls::sr_cast_class<ap_uint<8> >::operator()' (C:/Xilinx/Vivado/2018.3/common/technology/autopilot/hls/hls_video_types.h:432) automatically.
INFO: [XFORM 203-602] Inlining function 'hls::sr_cast_class<ap_uint<8> >::operator()' into 'hls::sr_cast<unsigned char, unsigned char>' (C:/Xilinx/Vivado/2018.3/common/technology/autopilot/hls/hls_video_types.h:500) automatically.
INFO: [XFORM 203-602] Inlining function 'hls::sr_cast<unsigned char, unsigned char>' into 'hls::CvtColor<HLS_GRAY2RGB, 0, 4096, 720, 1280>' (C:/Xilinx/Vivado/2018.3/common/technology/autopilot/hls/hls_video_imgproc.h:1554->C:/Xilinx/Vivado/2018.3/common/technology/autopilot/hls/hls_video_imgproc.h:1972) automatically.
WARNING: [SYNCHK 200-23] C:/Xilinx/Vivado/2018.3/common/technology/autopilot\ap_fixed_base.h:590: variable-indexed range selection may cause suboptimal QoR.
INFO: [SYNCHK 200-10] 0 error(s), 1 warning(s).
INFO: [HLS 200-111] Finished Checking Synthesizability Time (s): cpu = 00:00:06 ; elapsed = 00:00:33 . Memory (MB): peak = 419.230 ; gain = 332.977
WARNING: [XFORM 203-1103] Ignored data pack directive on non-struct variable 'img_5.data_stream.V' (sobel_hls.cpp:14).
WARNING: [XFORM 203-1103] Ignored data pack directive on non-struct variable 'img_2a.data_stream.V' (sobel_hls.cpp:10).
WARNING: [XFORM 203-1103] Ignored data pack directive on non-struct variable 'img_2b.data_stream.V' (sobel_hls.cpp:11).
WARNING: [XFORM 203-1103] Ignored data pack directive on non-struct variable 'img_6.data_stream.V' (sobel_hls.cpp:15).
WARNING: [XFORM 203-1103] Ignored data pack directive on non-struct variable 'img_1.data_stream.V' (sobel_hls.cpp:8).
WARNING: [XFORM 203-1103] Ignored data pack directive on non-struct variable 'img_0.data_stream.V' (sobel_hls.cpp:7).
INFO: [XFORM 203-502] Unrolling all sub-loops inside loop 'loop_width' (C:/Xilinx/Vivado/2018.3/common/technology/autopilot/hls/hls_video_io.h:126) in function 'hls::Mat2AXIvideo<24, 720, 1280, 4096>' for pipelining.
INFO: [XFORM 203-502] Unrolling small iteration loop 'Loop-1' (C:/Xilinx/Vivado/2018.3/common/technology/autopilot/hls/hls_video_imgproc.h:398) in function 'hls::Filter2D<hls::BORDER_DEFAULT, 0, 0, ap_int<8>, int, 720, 1280, 3, 3>' automatically.
INFO: [XFORM 203-502] Unrolling small iteration loop 'Loop-2' (C:/Xilinx/Vivado/2018.3/common/technology/autopilot/hls/hls_video_imgproc.h:400) in function 'hls::Filter2D<hls::BORDER_DEFAULT, 0, 0, ap_int<8>, int, 720, 1280, 3, 3>' automatically.
INFO: [XFORM 203-502] Unrolling small iteration loop 'Loop-3' (C:/Xilinx/Vivado/2018.3/common/technology/autopilot/hls/hls_video_imgproc.h:403) in function 'hls::Filter2D<hls::BORDER_DEFAULT, 0, 0, ap_int<8>, int, 720, 1280, 3, 3>' automatically.
INFO: [XFORM 203-502] Unrolling small iteration loop 'Loop-4' (C:/Xilinx/Vivado/2018.3/common/technology/autopilot/hls/hls_video_imgproc.h:405) in function 'hls::Filter2D<hls::BORDER_DEFAULT, 0, 0, ap_int<8>, int, 720, 1280, 3, 3>' automatically.
INFO: [XFORM 203-502] Unrolling all sub-loops inside loop 'loop_width' (C:/Xilinx/Vivado/2018.3/common/technology/autopilot/hls/hls_video_imgproc.h:444) in function 'hls::Filter2D<hls::BORDER_DEFAULT, 0, 0, ap_int<8>, int, 720, 1280, 3, 3>' for pipelining.
INFO: [XFORM 203-502] Unrolling small iteration loop 'Loop-1' (C:/Xilinx/Vivado/2018.3/common/technology/autopilot/hls/hls_video_imgproc.h:398) in function 'hls::Filter2D<hls::BORDER_DEFAULT, 0, 0, ap_fixed<16, 2, (ap_q_mode)0, (ap_o_mode)3, 0>, int, 720, 1280, 3, 3>' automatically.
INFO: [XFORM 203-502] Unrolling small iteration loop 'Loop-2' (C:/Xilinx/Vivado/2018.3/common/technology/autopilot/hls/hls_video_imgproc.h:400) in function 'hls::Filter2D<hls::BORDER_DEFAULT, 0, 0, ap_fixed<16, 2, (ap_q_mode)0, (ap_o_mode)3, 0>, int, 720, 1280, 3, 3>' automatically.
INFO: [XFORM 203-502] Unrolling small iteration loop 'Loop-3' (C:/Xilinx/Vivado/2018.3/common/technology/autopilot/hls/hls_video_imgproc.h:403) in function 'hls::Filter2D<hls::BORDER_DEFAULT, 0, 0, ap_fixed<16, 2, (ap_q_mode)0, (ap_o_mode)3, 0>, int, 720, 1280, 3, 3>' automatically.
INFO: [XFORM 203-502] Unrolling small iteration loop 'Loop-4' (C:/Xilinx/Vivado/2018.3/common/technology/autopilot/hls/hls_video_imgproc.h:405) in function 'hls::Filter2D<hls::BORDER_DEFAULT, 0, 0, ap_fixed<16, 2, (ap_q_mode)0, (ap_o_mode)3, 0>, int, 720, 1280, 3, 3>' automatically.
INFO: [XFORM 203-502] Unrolling all sub-loops inside loop 'loop_width' (C:/Xilinx/Vivado/2018.3/common/technology/autopilot/hls/hls_video_imgproc.h:444) in function 'hls::Filter2D<hls::BORDER_DEFAULT, 0, 0, ap_fixed<16, 2, (ap_q_mode)0, (ap_o_mode)3, 0>, int, 720, 1280, 3, 3>' for pipelining.
INFO: [XFORM 203-502] Unrolling all sub-loops inside loop 'loop_width' (C:/Xilinx/Vivado/2018.3/common/technology/autopilot/hls/hls_video_imgproc.h:1968) in function 'hls::CvtColor<HLS_GRAY2RGB, 0, 4096, 720, 1280>' for pipelining.
INFO: [XFORM 203-502] Unrolling all sub-loops inside loop 'loop_width' (C:/Xilinx/Vivado/2018.3/common/technology/autopilot/hls/hls_video_imgproc.h:1968) in function 'hls::CvtColor<HLS_BGR2GRAY, 4096, 0, 720, 1280>' for pipelining.
INFO: [XFORM 203-502] Unrolling all sub-loops inside loop 'loop_width' (C:/Xilinx/Vivado/2018.3/common/technology/autopilot/hls/hls_video_io.h:73) in function 'hls::AXIvideo2Mat<24, 720, 1280, 4096>' for pipelining.
INFO: [HLS 200-489] Unrolling loop 'Loop-1.1.1' (C:/Xilinx/Vivado/2018.3/common/technology/autopilot/hls/hls_video_core.h:677) in function 'hls::Mat2AXIvideo<24, 720, 1280, 4096>' completely with a factor of 3.
INFO: [HLS 200-489] Unrolling loop 'loop_channels' (C:/Xilinx/Vivado/2018.3/common/technology/autopilot/hls/hls_video_io.h:142) in function 'hls::Mat2AXIvideo<24, 720, 1280, 4096>' completely with a factor of 3.
INFO: [HLS 200-489] Unrolling loop 'Loop-1' (C:/Xilinx/Vivado/2018.3/common/technology/autopilot/hls/hls_video_imgproc.h:398) in function 'hls::Filter2D<hls::BORDER_DEFAULT, 0, 0, ap_int<8>, int, 720, 1280, 3, 3>' completely with a factor of 0.
INFO: [HLS 200-489] Unrolling loop 'Loop-2' (C:/Xilinx/Vivado/2018.3/common/technology/autopilot/hls/hls_video_imgproc.h:400) in function 'hls::Filter2D<hls::BORDER_DEFAULT, 0, 0, ap_int<8>, int, 720, 1280, 3, 3>' completely with a factor of 0.
INFO: [HLS 200-489] Unrolling loop 'Loop-3' (C:/Xilinx/Vivado/2018.3/common/technology/autopilot/hls/hls_video_imgproc.h:403) in function 'hls::Filter2D<hls::BORDER_DEFAULT, 0, 0, ap_int<8>, int, 720, 1280, 3, 3>' completely with a factor of 0.
INFO: [HLS 200-489] Unrolling loop 'Loop-4' (C:/Xilinx/Vivado/2018.3/common/technology/autopilot/hls/hls_video_imgproc.h:405) in function 'hls::Filter2D<hls::BORDER_DEFAULT, 0, 0, ap_int<8>, int, 720, 1280, 3, 3>' completely with a factor of 0.
INFO: [HLS 200-489] Unrolling loop 'Loop-5.1.1' (C:/Xilinx/Vivado/2018.3/common/technology/autopilot/hls/hls_video_imgproc.h:456) in function 'hls::Filter2D<hls::BORDER_DEFAULT, 0, 0, ap_int<8>, int, 720, 1280, 3, 3>' completely with a factor of 3.
INFO: [HLS 200-489] Unrolling loop 'Loop-5.1.2' (C:/Xilinx/Vivado/2018.3/common/technology/autopilot/hls/hls_video_imgproc.h:469) in function 'hls::Filter2D<hls::BORDER_DEFAULT, 0, 0, ap_int<8>, int, 720, 1280, 3, 3>' completely with a factor of 6.
INFO: [HLS 200-489] Unrolling loop 'Loop-5.1.3' (C:/Xilinx/Vivado/2018.3/common/technology/autopilot/hls/hls_video_imgproc.h:478) in function 'hls::Filter2D<hls::BORDER_DEFAULT, 0, 0, ap_int<8>, int, 720, 1280, 3, 3>' completely with a factor of 3.
INFO: [HLS 200-489] Unrolling loop 'Loop-5.1.3.1' (C:/Xilinx/Vivado/2018.3/common/technology/autopilot/hls/hls_video_imgproc.h:479) in function 'hls::Filter2D<hls::BORDER_DEFAULT, 0, 0, ap_int<8>, int, 720, 1280, 3, 3>' completely with a factor of 2.
INFO: [HLS 200-489] Unrolling loop 'Loop-5.1.4' (C:/Xilinx/Vivado/2018.3/common/technology/autopilot/hls/hls_video_imgproc.h:487) in function 'hls::Filter2D<hls::BORDER_DEFAULT, 0, 0, ap_int<8>, int, 720, 1280, 3, 3>' completely with a factor of 5.
INFO: [HLS 200-489] Unrolling loop 'Loop-5.1.5' (C:/Xilinx/Vivado/2018.3/common/technology/autopilot/hls/hls_video_mem.h:161) in function 'hls::Filter2D<hls::BORDER_DEFAULT, 0, 0, ap_int<8>, int, 720, 1280, 3, 3>' completely with a factor of 3.
INFO: [HLS 200-489] Unrolling loop 'Loop-5.1.5.1' (C:/Xilinx/Vivado/2018.3/common/technology/autopilot/hls/hls_video_mem.h:163) in function 'hls::Filter2D<hls::BORDER_DEFAULT, 0, 0, ap_int<8>, int, 720, 1280, 3, 3>' completely with a factor of 2.
INFO: [HLS 200-489] Unrolling loop 'Loop-5.1.6' (C:/Xilinx/Vivado/2018.3/common/technology/autopilot/hls/hls_video_imgproc.h:501) in function 'hls::Filter2D<hls::BORDER_DEFAULT, 0, 0, ap_int<8>, int, 720, 1280, 3, 3>' completely with a factor of 3.
INFO: [HLS 200-489] Unrolling loop 'loop_height' (C:/Xilinx/Vivado/2018.3/common/technology/autopilot/hls/hls_video_imgproc.h:285) in function 'hls::Filter2D<hls::BORDER_DEFAULT, 0, 0, ap_int<8>, int, 720, 1280, 3, 3>' completely with a factor of 3.
INFO: [HLS 200-489] Unrolling loop 'loop_width' (C:/Xilinx/Vivado/2018.3/common/technology/autopilot/hls/hls_video_imgproc.h:286) in function 'hls::Filter2D<hls::BORDER_DEFAULT, 0, 0, ap_int<8>, int, 720, 1280, 3, 3>' completely with a factor of 3.
INFO: [HLS 200-489] Unrolling loop 'Loop-1' (C:/Xilinx/Vivado/2018.3/common/technology/autopilot/hls/hls_video_imgproc.h:398) in function 'hls::Filter2D<hls::BORDER_DEFAULT, 0, 0, ap_fixed<16, 2, (ap_q_mode)0, (ap_o_mode)3, 0>, int, 720, 1280, 3, 3>' completely with a factor of 0.
INFO: [HLS 200-489] Unrolling loop 'Loop-2' (C:/Xilinx/Vivado/2018.3/common/technology/autopilot/hls/hls_video_imgproc.h:400) in function 'hls::Filter2D<hls::BORDER_DEFAULT, 0, 0, ap_fixed<16, 2, (ap_q_mode)0, (ap_o_mode)3, 0>, int, 720, 1280, 3, 3>' completely with a factor of 0.
INFO: [HLS 200-489] Unrolling loop 'Loop-3' (C:/Xilinx/Vivado/2018.3/common/technology/autopilot/hls/hls_video_imgproc.h:403) in function 'hls::Filter2D<hls::BORDER_DEFAULT, 0, 0, ap_fixed<16, 2, (ap_q_mode)0, (ap_o_mode)3, 0>, int, 720, 1280, 3, 3>' completely with a factor of 0.
INFO: [HLS 200-489] Unrolling loop 'Loop-4' (C:/Xilinx/Vivado/2018.3/common/technology/autopilot/hls/hls_video_imgproc.h:405) in function 'hls::Filter2D<hls::BORDER_DEFAULT, 0, 0, ap_fixed<16, 2, (ap_q_mode)0, (ap_o_mode)3, 0>, int, 720, 1280, 3, 3>' completely with a factor of 0.
INFO: [HLS 200-489] Unrolling loop 'Loop-5.1.1' (C:/Xilinx/Vivado/2018.3/common/technology/autopilot/hls/hls_video_imgproc.h:456) in function 'hls::Filter2D<hls::BORDER_DEFAULT, 0, 0, ap_fixed<16, 2, (ap_q_mode)0, (ap_o_mode)3, 0>, int, 720, 1280, 3, 3>' completely with a factor of 3.
INFO: [HLS 200-489] Unrolling loop 'Loop-5.1.2' (C:/Xilinx/Vivado/2018.3/common/technology/autopilot/hls/hls_video_imgproc.h:469) in function 'hls::Filter2D<hls::BORDER_DEFAULT, 0, 0, ap_fixed<16, 2, (ap_q_mode)0, (ap_o_mode)3, 0>, int, 720, 1280, 3, 3>' completely with a factor of 6.
INFO: [HLS 200-489] Unrolling loop 'Loop-5.1.3' (C:/Xilinx/Vivado/2018.3/common/technology/autopilot/hls/hls_video_imgproc.h:478) in function 'hls::Filter2D<hls::BORDER_DEFAULT, 0, 0, ap_fixed<16, 2, (ap_q_mode)0, (ap_o_mode)3, 0>, int, 720, 1280, 3, 3>' completely with a factor of 3.
INFO: [HLS 200-489] Unrolling loop 'Loop-5.1.3.1' (C:/Xilinx/Vivado/2018.3/common/technology/autopilot/hls/hls_video_imgproc.h:479) in function 'hls::Filter2D<hls::BORDER_DEFAULT, 0, 0, ap_fixed<16, 2, (ap_q_mode)0, (ap_o_mode)3, 0>, int, 720, 1280, 3, 3>' completely with a factor of 2.
INFO: [HLS 200-489] Unrolling loop 'Loop-5.1.4' (C:/Xilinx/Vivado/2018.3/common/technology/autopilot/hls/hls_video_imgproc.h:487) in function 'hls::Filter2D<hls::BORDER_DEFAULT, 0, 0, ap_fixed<16, 2, (ap_q_mode)0, (ap_o_mode)3, 0>, int, 720, 1280, 3, 3>' completely with a factor of 5.
INFO: [HLS 200-489] Unrolling loop 'Loop-5.1.5' (C:/Xilinx/Vivado/2018.3/common/technology/autopilot/hls/hls_video_mem.h:161) in function 'hls::Filter2D<hls::BORDER_DEFAULT, 0, 0, ap_fixed<16, 2, (ap_q_mode)0, (ap_o_mode)3, 0>, int, 720, 1280, 3, 3>' completely with a factor of 3.
INFO: [HLS 200-489] Unrolling loop 'Loop-5.1.5.1' (C:/Xilinx/Vivado/2018.3/common/technology/autopilot/hls/hls_video_mem.h:163) in function 'hls::Filter2D<hls::BORDER_DEFAULT, 0, 0, ap_fixed<16, 2, (ap_q_mode)0, (ap_o_mode)3, 0>, int, 720, 1280, 3, 3>' completely with a factor of 2.
INFO: [HLS 200-489] Unrolling loop 'Loop-5.1.6' (C:/Xilinx/Vivado/2018.3/common/technology/autopilot/hls/hls_video_imgproc.h:501) in function 'hls::Filter2D<hls::BORDER_DEFAULT, 0, 0, ap_fixed<16, 2, (ap_q_mode)0, (ap_o_mode)3, 0>, int, 720, 1280, 3, 3>' completely with a factor of 3.
INFO: [HLS 200-489] Unrolling loop 'loop_height' (C:/Xilinx/Vivado/2018.3/common/technology/autopilot/hls/hls_video_imgproc.h:285) in function 'hls::Filter2D<hls::BORDER_DEFAULT, 0, 0, ap_fixed<16, 2, (ap_q_mode)0, (ap_o_mode)3, 0>, int, 720, 1280, 3, 3>' completely with a factor of 3.
INFO: [HLS 200-489] Unrolling loop 'loop_width' (C:/Xilinx/Vivado/2018.3/common/technology/autopilot/hls/hls_video_imgproc.h:286) in function 'hls::Filter2D<hls::BORDER_DEFAULT, 0, 0, ap_fixed<16, 2, (ap_q_mode)0, (ap_o_mode)3, 0>, int, 720, 1280, 3, 3>' completely with a factor of 3.
INFO: [HLS 200-489] Unrolling loop 'Loop-1.1.1' (C:/Xilinx/Vivado/2018.3/common/technology/autopilot/hls/hls_video_core.h:701) in function 'hls::CvtColor<HLS_GRAY2RGB, 0, 4096, 720, 1280>' completely with a factor of 3.
INFO: [HLS 200-489] Unrolling loop 'Loop-1.1.1' (C:/Xilinx/Vivado/2018.3/common/technology/autopilot/hls/hls_video_core.h:677) in function 'hls::CvtColor<HLS_BGR2GRAY, 4096, 0, 720, 1280>' completely with a factor of 3.
INFO: [HLS 200-489] Unrolling loop 'loop_channels' (C:/Xilinx/Vivado/2018.3/common/technology/autopilot/hls/hls_video_io.h:91) in function 'hls::AXIvideo2Mat<24, 720, 1280, 4096>' completely with a factor of 3.
INFO: [HLS 200-489] Unrolling loop 'Loop-2.1.2' (C:/Xilinx/Vivado/2018.3/common/technology/autopilot/hls/hls_video_core.h:701) in function 'hls::AXIvideo2Mat<24, 720, 1280, 4096>' completely with a factor of 3.
INFO: [XFORM 203-102] Partitioning array 's.val.assign' (C:/Xilinx/Vivado/2018.3/common/technology/autopilot/hls/hls_video_core.h:589) automatically.
INFO: [XFORM 203-102] Partitioning array 's.val.assign' (C:/Xilinx/Vivado/2018.3/common/technology/autopilot/hls/hls_video_core.h:589) automatically.
INFO: [XFORM 203-102] Automatically partitioning streamed array 'img_0.data_stream.V' (sobel_hls.cpp:7) .
INFO: [XFORM 203-102] Automatically partitioning streamed array 'img_1.data_stream.V' (sobel_hls.cpp:8) .
INFO: [XFORM 203-102] Automatically partitioning streamed array 'img_2.data_stream.V' (sobel_hls.cpp:9) .
INFO: [XFORM 203-102] Automatically partitioning streamed array 'img_2a.data_stream.V' (sobel_hls.cpp:10) .
INFO: [XFORM 203-102] Automatically partitioning streamed array 'img_2b.data_stream.V' (sobel_hls.cpp:11) .
INFO: [XFORM 203-102] Automatically partitioning streamed array 'img_3.data_stream.V' (sobel_hls.cpp:12) .
INFO: [XFORM 203-102] Automatically partitioning streamed array 'img_4.data_stream.V' (sobel_hls.cpp:13) .
INFO: [XFORM 203-102] Automatically partitioning streamed array 'img_5.data_stream.V' (sobel_hls.cpp:14) .
INFO: [XFORM 203-102] Automatically partitioning streamed array 'img_6.data_stream.V' (sobel_hls.cpp:15) .
INFO: [XFORM 203-101] Partitioning array 's1.val' (C:/Xilinx/Vivado/2018.3/common/technology/autopilot/hls/hls_video_arithm.h:351) in dimension 1 completely.
INFO: [XFORM 203-101] Partitioning array 's2.val' (C:/Xilinx/Vivado/2018.3/common/technology/autopilot/hls/hls_video_arithm.h:352) in dimension 1 completely.
INFO: [XFORM 203-101] Partitioning array 'd.val' (C:/Xilinx/Vivado/2018.3/common/technology/autopilot/hls/hls_video_arithm.h:353) in dimension 1 completely.
INFO: [XFORM 203-101] Partitioning array 'scl.val' (C:/Xilinx/Vivado/2018.3/common/technology/autopilot/hls/hls_video_core.h:670) in dimension 1 completely.
INFO: [XFORM 203-101] Partitioning array 'scl.val.1' (C:/Xilinx/Vivado/2018.3/common/technology/autopilot/hls/hls_video_core.h:670) in dimension 1 completely.
INFO: [XFORM 203-101] Partitioning array 'kernel.val.V'  in dimension 1 completely.
INFO: [XFORM 203-101] Partitioning array 'kernel.val.V210'  in dimension 1 completely.
INFO: [XFORM 203-101] Partitioning array 'pix.val' (C:/Xilinx/Vivado/2018.3/common/technology/autopilot/hls/hls_video_io.h:115) in dimension 1 completely.
INFO: [XFORM 203-101] Partitioning array 'scl.val' (C:/Xilinx/Vivado/2018.3/common/technology/autopilot/hls/hls_video_core.h:670) in dimension 1 completely.
INFO: [XFORM 203-101] Partitioning array 'kernel.val.V211'  in dimension 1 completely.
INFO: [XFORM 203-101] Partitioning array 'src_kernel_win.val' (C:/Xilinx/Vivado/2018.3/common/technology/autopilot/hls/hls_video_imgproc.h:398) in dimension 1 completely.
INFO: [XFORM 203-101] Partitioning array 'k_buf.val' (C:/Xilinx/Vivado/2018.3/common/technology/autopilot/hls/hls_video_imgproc.h:400) in dimension 1 completely.
INFO: [XFORM 203-101] Partitioning array 'right_border_buf.val' (C:/Xilinx/Vivado/2018.3/common/technology/autopilot/hls/hls_video_imgproc.h:403) in dimension 1 completely.
INFO: [XFORM 203-101] Partitioning array 'col_buf.val' (C:/Xilinx/Vivado/2018.3/common/technology/autopilot/hls/hls_video_imgproc.h:405) in dimension 1 completely.
INFO: [XFORM 203-101] Partitioning array 'src_kernel_win.val' (C:/Xilinx/Vivado/2018.3/common/technology/autopilot/hls/hls_video_imgproc.h:398) in dimension 1 completely.
INFO: [XFORM 203-101] Partitioning array 'k_buf.val' (C:/Xilinx/Vivado/2018.3/common/technology/autopilot/hls/hls_video_imgproc.h:400) in dimension 1 completely.
INFO: [XFORM 203-101] Partitioning array 'right_border_buf.val' (C:/Xilinx/Vivado/2018.3/common/technology/autopilot/hls/hls_video_imgproc.h:403) in dimension 1 completely.
INFO: [XFORM 203-101] Partitioning array 'col_buf.val' (C:/Xilinx/Vivado/2018.3/common/technology/autopilot/hls/hls_video_imgproc.h:405) in dimension 1 completely.
INFO: [XFORM 203-101] Partitioning array 's.val' (C:/Xilinx/Vivado/2018.3/common/technology/autopilot/hls/hls_video_arithm.h:1556) in dimension 1 completely.
INFO: [XFORM 203-101] Partitioning array 'scl.val' (C:/Xilinx/Vivado/2018.3/common/technology/autopilot/hls/hls_video_core.h:670) in dimension 1 completely.
INFO: [XFORM 203-101] Partitioning array '_s.val' (C:/Xilinx/Vivado/2018.3/common/technology/autopilot/hls/hls_video_imgproc.h:1965) in dimension 1 completely.
INFO: [XFORM 203-101] Partitioning array '_d.val' (C:/Xilinx/Vivado/2018.3/common/technology/autopilot/hls/hls_video_imgproc.h:1966) in dimension 1 completely.
INFO: [XFORM 203-101] Partitioning array 'scl.val' (C:/Xilinx/Vivado/2018.3/common/technology/autopilot/hls/hls_video_core.h:670) in dimension 1 completely.
INFO: [XFORM 203-101] Partitioning array 'kernel_opr.par.val.V' (C:/Xilinx/Vivado/2018.3/common/technology/autopilot/hls/hls_video_imgproc.h:1960) in dimension 1 completely.
INFO: [XFORM 203-101] Partitioning array '_s.val' (C:/Xilinx/Vivado/2018.3/common/technology/autopilot/hls/hls_video_imgproc.h:1965) in dimension 1 completely.
INFO: [XFORM 203-101] Partitioning array '_d.val' (C:/Xilinx/Vivado/2018.3/common/technology/autopilot/hls/hls_video_imgproc.h:1966) in dimension 1 completely.
INFO: [XFORM 203-101] Partitioning array 'scl.val' (C:/Xilinx/Vivado/2018.3/common/technology/autopilot/hls/hls_video_core.h:670) in dimension 1 completely.
INFO: [XFORM 203-101] Partitioning array 'pix.val' (C:/Xilinx/Vivado/2018.3/common/technology/autopilot/hls/hls_video_io.h:56) in dimension 1 completely.
INFO: [XFORM 203-101] Partitioning array 'img_0.data_stream.V' (sobel_hls.cpp:7) in dimension 1 completely.
INFO: [XFORM 203-101] Partitioning array 'img_1.data_stream.V' (sobel_hls.cpp:8) in dimension 1 completely.
INFO: [XFORM 203-101] Partitioning array 'img_2.data_stream.V' (sobel_hls.cpp:9) in dimension 1 completely.
INFO: [XFORM 203-101] Partitioning array 'img_2a.data_stream.V' (sobel_hls.cpp:10) in dimension 1 completely.
INFO: [XFORM 203-101] Partitioning array 'img_2b.data_stream.V' (sobel_hls.cpp:11) in dimension 1 completely.
INFO: [XFORM 203-101] Partitioning array 'img_3.data_stream.V' (sobel_hls.cpp:12) in dimension 1 completely.
INFO: [XFORM 203-101] Partitioning array 'img_4.data_stream.V' (sobel_hls.cpp:13) in dimension 1 completely.
INFO: [XFORM 203-101] Partitioning array 'img_5.data_stream.V' (sobel_hls.cpp:14) in dimension 1 completely.
INFO: [XFORM 203-101] Partitioning array 'img_6.data_stream.V' (sobel_hls.cpp:15) in dimension 1 completely.
INFO: [XFORM 203-101] Partitioning array 'kernel.val.V'  in dimension 2 completely.
INFO: [XFORM 203-101] Partitioning array 'kernel.val.V210'  in dimension 2 completely.
INFO: [XFORM 203-101] Partitioning array 'kernel.val.V211'  in dimension 2 completely.
INFO: [XFORM 203-101] Partitioning array 'src_kernel_win.val' (C:/Xilinx/Vivado/2018.3/common/technology/autopilot/hls/hls_video_imgproc.h:398) in dimension 2 completely.
INFO: [XFORM 203-101] Partitioning array 'k_buf.val' (C:/Xilinx/Vivado/2018.3/common/technology/autopilot/hls/hls_video_imgproc.h:400) in dimension 2 completely.
INFO: [XFORM 203-101] Partitioning array 'right_border_buf.val' (C:/Xilinx/Vivado/2018.3/common/technology/autopilot/hls/hls_video_imgproc.h:403) in dimension 2 completely.
INFO: [XFORM 203-101] Partitioning array 'col_buf.val' (C:/Xilinx/Vivado/2018.3/common/technology/autopilot/hls/hls_video_imgproc.h:405) in dimension 2 completely.
INFO: [XFORM 203-101] Partitioning array 'src_kernel_win.val' (C:/Xilinx/Vivado/2018.3/common/technology/autopilot/hls/hls_video_imgproc.h:398) in dimension 2 completely.
INFO: [XFORM 203-101] Partitioning array 'k_buf.val' (C:/Xilinx/Vivado/2018.3/common/technology/autopilot/hls/hls_video_imgproc.h:400) in dimension 2 completely.
INFO: [XFORM 203-101] Partitioning array 'right_border_buf.val' (C:/Xilinx/Vivado/2018.3/common/technology/autopilot/hls/hls_video_imgproc.h:403) in dimension 2 completely.
INFO: [XFORM 203-101] Partitioning array 'col_buf.val' (C:/Xilinx/Vivado/2018.3/common/technology/autopilot/hls/hls_video_imgproc.h:405) in dimension 2 completely.
INFO: [XFORM 203-101] Partitioning array 'src_kernel_win.val' (C:/Xilinx/Vivado/2018.3/common/technology/autopilot/hls/hls_video_imgproc.h:398) in dimension 3 completely.
INFO: [XFORM 203-101] Partitioning array 'right_border_buf.val' (C:/Xilinx/Vivado/2018.3/common/technology/autopilot/hls/hls_video_imgproc.h:403) in dimension 3 completely.
INFO: [XFORM 203-101] Partitioning array 'col_buf.val' (C:/Xilinx/Vivado/2018.3/common/technology/autopilot/hls/hls_video_imgproc.h:405) in dimension 3 completely.
INFO: [XFORM 203-101] Partitioning array 'src_kernel_win.val' (C:/Xilinx/Vivado/2018.3/common/technology/autopilot/hls/hls_video_imgproc.h:398) in dimension 3 completely.
INFO: [XFORM 203-101] Partitioning array 'right_border_buf.val' (C:/Xilinx/Vivado/2018.3/common/technology/autopilot/hls/hls_video_imgproc.h:403) in dimension 3 completely.
INFO: [XFORM 203-101] Partitioning array 'col_buf.val' (C:/Xilinx/Vivado/2018.3/common/technology/autopilot/hls/hls_video_imgproc.h:405) in dimension 3 completely.
INFO: [XFORM 203-602] Inlining function 'hls::sr_cast_class<ap_uint<8> >::operator()<35, 13, (ap_q_mode)5, (ap_o_mode)3>' into 'hls::sr_cast<unsigned char, ap_fixed<35, 13, (ap_q_mode)5, (ap_o_mode)3, 0> >' (C:/Xilinx/Vivado/2018.3/common/technology/autopilot/hls/hls_video_types.h:500) automatically.
INFO: [XFORM 203-602] Inlining function 'hls::sr_cast<unsigned char, ap_fixed<35, 13, (ap_q_mode)5, (ap_o_mode)3, 0> >' into 'hls::kernel_CvtColor<HLS_BGR2GRAY, unsigned char, unsigned char>::apply<3, 1>' (C:/Xilinx/Vivado/2018.3/common/technology/autopilot/hls/hls_video_imgproc.h:1498->C:/Xilinx/Vivado/2018.3/common/technology/autopilot/hls/hls_video_imgproc.h:1534) automatically.
INFO: [XFORM 203-602] Inlining function 'hls::kernel_CvtColor<HLS_BGR2GRAY, unsigned char, unsigned char>::apply<3, 1>' into 'hls::CvtColor<HLS_BGR2GRAY, 4096, 0, 720, 1280>' (C:/Xilinx/Vivado/2018.3/common/technology/autopilot/hls/hls_video_imgproc.h:1972) automatically.
INFO: [XFORM 203-602] Inlining function 'hls::sr_cast_class<ap_uint<8> >::operator()<28, 14, (ap_q_mode)5, (ap_o_mode)3>' into 'hls::sr_cast<unsigned char, ap_fixed<28, 14, (ap_q_mode)5, (ap_o_mode)3, 0> >' (C:/Xilinx/Vivado/2018.3/common/technology/autopilot/hls/hls_video_types.h:500) automatically.
INFO: [XFORM 203-602] Inlining function 'hls::sr_cast<unsigned char, ap_fixed<28, 14, (ap_q_mode)5, (ap_o_mode)3, 0> >' into 'hls::Filter2D<hls::BORDER_DEFAULT, 0, 0, ap_fixed<16, 2, (ap_q_mode)0, (ap_o_mode)3, 0>, int, 720, 1280, 3, 3>' (C:/Xilinx/Vivado/2018.3/common/technology/autopilot/hls/hls_video_imgproc.h:304->C:/Xilinx/Vivado/2018.3/common/technology/autopilot/hls/hls_video_imgproc.h:514->C:/Xilinx/Vivado/2018.3/common/technology/autopilot/hls/hls_video_imgproc.h:1289) automatically.
INFO: [XFORM 203-602] Inlining function 'hls::GaussianBlur<3, 3, hls::BORDER_DEFAULT, 0, 0, 720, 1280>' into 'hls::GaussianBlur<3, 3, 0, 0, 720, 1280>' (C:/Xilinx/Vivado/2018.3/common/technology/autopilot/hls/hls_video_imgproc.h:2688) automatically.
INFO: [XFORM 203-602] Inlining function 'hls::sr_cast_class<ap_uint<8> >::operator()<20, 20, (ap_q_mode)5, (ap_o_mode)3>' into 'hls::sr_cast<unsigned char, ap_fixed<20, 20, (ap_q_mode)5, (ap_o_mode)3, 0> >' (C:/Xilinx/Vivado/2018.3/common/technology/autopilot/hls/hls_video_types.h:500) automatically.
INFO: [XFORM 203-602] Inlining function 'hls::sr_cast<unsigned char, ap_fixed<20, 20, (ap_q_mode)5, (ap_o_mode)3, 0> >' into 'hls::Filter2D<hls::BORDER_DEFAULT, 0, 0, ap_int<8>, int, 720, 1280, 3, 3>' (C:/Xilinx/Vivado/2018.3/common/technology/autopilot/hls/hls_video_imgproc.h:304->C:/Xilinx/Vivado/2018.3/common/technology/autopilot/hls/hls_video_imgproc.h:514->C:/Xilinx/Vivado/2018.3/common/technology/autopilot/hls/hls_video_imgproc.h:1289) automatically.
INFO: [XFORM 203-602] Inlining function 'hls::Sobel<1, 0, 3, hls::BORDER_DEFAULT, 0, 0, 720, 1280, 720, 1280>' into 'hls::Sobel<1, 0, 3, 0, 0, 720, 1280, 720, 1280>' (C:/Xilinx/Vivado/2018.3/common/technology/autopilot/hls/hls_video_imgproc.h:2627) automatically.
INFO: [XFORM 203-602] Inlining function 'hls::Sobel<0, 1, 3, hls::BORDER_DEFAULT, 0, 0, 720, 1280, 720, 1280>' into 'hls::Sobel<0, 1, 3, 0, 0, 720, 1280, 720, 1280>' (C:/Xilinx/Vivado/2018.3/common/technology/autopilot/hls/hls_video_imgproc.h:2627) automatically.
INFO: [XFORM 203-602] Inlining function 'generic_isnan<double>' into 'hls::isnan' (r:/builds/2018.3/continuous/2018_12_06_2405991/src/products/hls/hls_lib/hlsmath/src/c++/isnandouble.cpp:6) automatically.
INFO: [XFORM 203-602] Inlining function 'hls::isnan' into 'hls::__isnan' (r:/builds/2018.3/continuous/2018_12_06_2405991/src/products/hls/hls_lib/hlsmath/src/c++/isnandouble.cpp:10) automatically.
INFO: [XFORM 203-602] Inlining function 'hls::__isnan' into 'hls::sr_cast_class<ap_uint<8> >::operator().1' (C:/Xilinx/Vivado/2018.3/common/technology/autopilot/hls/hls_video_types.h:428) automatically.
INFO: [XFORM 203-602] Inlining function 'hls::sr_cast<unsigned char, double>' into 'hls::arithm_pro<hls::kernel_addWeighted, 720, 1280, 0, 0, 0, double, double, double>' (C:/Xilinx/Vivado/2018.3/common/technology/autopilot/hls/hls_video_arithm.h:282->C:/Xilinx/Vivado/2018.3/common/technology/autopilot/hls/hls_video_arithm.h:361) automatically.
INFO: [XFORM 203-602] Inlining function 'hls::arithm_pro<hls::kernel_addWeighted, 720, 1280, 0, 0, 0, double, double, double>' into 'hls::AddWeighted<720, 1280, 0, 0, 0, double>' (C:/Xilinx/Vivado/2018.3/common/technology/autopilot/hls/hls_video_arithm.h:879) automatically.
INFO: [XFORM 203-602] Inlining function 'hls::sr_cast_class<ap_uint<8> >::operator()<8>' into 'hls::sr_cast_class<ap_uint<8> >::operator()' (C:/Xilinx/Vivado/2018.3/common/technology/autopilot/hls/hls_video_types.h:432) automatically.
INFO: [XFORM 203-602] Inlining function 'hls::sr_cast_class<ap_uint<8> >::operator()' into 'hls::sr_cast<unsigned char, unsigned char>' (C:/Xilinx/Vivado/2018.3/common/technology/autopilot/hls/hls_video_types.h:500) automatically.
INFO: [XFORM 203-602] Inlining function 'hls::sr_cast<unsigned char, unsigned char>' into 'hls::CvtColor<HLS_GRAY2RGB, 0, 4096, 720, 1280>' (C:/Xilinx/Vivado/2018.3/common/technology/autopilot/hls/hls_video_imgproc.h:1554->C:/Xilinx/Vivado/2018.3/common/technology/autopilot/hls/hls_video_imgproc.h:1972) automatically.
WARNING: [XFORM 203-561] Updating loop lower bound from 0 to 1280 for loop 'loop_width' in function 'hls::Mat2AXIvideo<24, 720, 1280, 4096>'.
WARNING: [XFORM 203-561] Updating loop lower bound from 0 to 720 for loop 'loop_height' in function 'hls::Mat2AXIvideo<24, 720, 1280, 4096>'.
WARNING: [XFORM 203-561] Updating loop lower bound from 0 to 1280 for loop 'loop_width' in function 'hls::Duplicate<720, 1280, 0, 0>'.
WARNING: [XFORM 203-561] Updating loop lower bound from 0 to 720 for loop 'loop_height' in function 'hls::Duplicate<720, 1280, 0, 0>'.
INFO: [XFORM 203-712] Applying dataflow to function 'sobel_hls', detected/extracted 10 process function(s): 
	 'Block__proc'
	 'hls::AXIvideo2Mat<24, 720, 1280, 4096>'
	 'hls::CvtColor<HLS_BGR2GRAY, 4096, 0, 720, 1280>'
	 'hls::GaussianBlur<3, 3, 0, 0, 720, 1280>'
	 'hls::Duplicate<720, 1280, 0, 0>'
	 'hls::Sobel<1, 0, 3, 0, 0, 720, 1280, 720, 1280>'
	 'hls::Sobel<0, 1, 3, 0, 0, 720, 1280, 720, 1280>'
	 'hls::AddWeighted<720, 1280, 0, 0, 0, double>'
	 'hls::CvtColor<HLS_GRAY2RGB, 0, 4096, 720, 1280>'
	 'hls::Mat2AXIvideo<24, 720, 1280, 4096>'.
WARNING: [XFORM 203-561] Updating loop lower bound from 10 to 1282 for loop 'loop_width' in function 'hls::Filter2D<hls::BORDER_DEFAULT, 0, 0, ap_int<8>, int, 720, 1280, 3, 3>'.
WARNING: [XFORM 203-561] Updating loop upper bound from 723 to 722 for loop 'loop_height' in function 'hls::Filter2D<hls::BORDER_DEFAULT, 0, 0, ap_int<8>, int, 720, 1280, 3, 3>'.
WARNING: [XFORM 203-561] Updating loop lower bound from 9 to 722 for loop 'loop_height' in function 'hls::Filter2D<hls::BORDER_DEFAULT, 0, 0, ap_int<8>, int, 720, 1280, 3, 3>'.
WARNING: [XFORM 203-561] Updating loop lower bound from 10 to 1282 for loop 'loop_width' in function 'hls::Filter2D<hls::BORDER_DEFAULT, 0, 0, ap_fixed<16, 2, (ap_q_mode)0, (ap_o_mode)3, 0>, int, 720, 1280, 3, 3>'.
WARNING: [XFORM 203-561] Updating loop upper bound from 723 to 722 for loop 'loop_height' in function 'hls::Filter2D<hls::BORDER_DEFAULT, 0, 0, ap_fixed<16, 2, (ap_q_mode)0, (ap_o_mode)3, 0>, int, 720, 1280, 3, 3>'.
WARNING: [XFORM 203-561] Updating loop lower bound from 9 to 722 for loop 'loop_height' in function 'hls::Filter2D<hls::BORDER_DEFAULT, 0, 0, ap_fixed<16, 2, (ap_q_mode)0, (ap_o_mode)3, 0>, int, 720, 1280, 3, 3>'.
INFO: [XFORM 203-401] Performing if-conversion on hyperblock from (C:/Xilinx/Vivado/2018.3/common/technology/autopilot/hls/hls_video_types.h:427:42) to (C:/Xilinx/Vivado/2018.3/common/technology/autopilot/hls/hls_video_types.h:430:5) in function 'hls::sr_cast_class<ap_uint<8> >::operator().1'... converting 30 basic blocks.
INFO: [XFORM 203-401] Performing if-conversion on hyperblock from (C:/Xilinx/Vivado/2018.3/common/technology/autopilot/hls/hls_video_imgproc.h:444:57) to (C:/Xilinx/Vivado/2018.3/common/technology/autopilot/hls/hls_video_imgproc.h:465:21) in function 'hls::Filter2D<hls::BORDER_DEFAULT, 0, 0, ap_int<8>, int, 720, 1280, 3, 3>'... converting 13 basic blocks.
INFO: [XFORM 203-401] Performing if-conversion on hyperblock from (C:/Xilinx/Vivado/2018.3/common/technology/autopilot/hls/hls_video_mem.h:165:17) to (C:/Xilinx/Vivado/2018.3/common/technology/autopilot/hls/hls_video_imgproc.h:512:24) in function 'hls::Filter2D<hls::BORDER_DEFAULT, 0, 0, ap_int<8>, int, 720, 1280, 3, 3>'... converting 13 basic blocks.
INFO: [XFORM 203-401] Performing if-conversion on hyperblock from (C:/Xilinx/Vivado/2018.3/common/technology/autopilot/hls/hls_video_imgproc.h:444:57) to (C:/Xilinx/Vivado/2018.3/common/technology/autopilot/hls/hls_video_imgproc.h:465:21) in function 'hls::Filter2D<hls::BORDER_DEFAULT, 0, 0, ap_fixed<16, 2, (ap_q_mode)0, (ap_o_mode)3, 0>, int, 720, 1280, 3, 3>'... converting 13 basic blocks.
INFO: [XFORM 203-401] Performing if-conversion on hyperblock from (C:/Xilinx/Vivado/2018.3/common/technology/autopilot/hls/hls_video_mem.h:165:17) to (C:/Xilinx/Vivado/2018.3/common/technology/autopilot/hls/hls_video_imgproc.h:512:24) in function 'hls::Filter2D<hls::BORDER_DEFAULT, 0, 0, ap_fixed<16, 2, (ap_q_mode)0, (ap_o_mode)3, 0>, int, 720, 1280, 3, 3>'... converting 13 basic blocks.
INFO: [XFORM 203-602] Inlining function 'hls::sr_cast_class<ap_uint<8> >::operator().1' into 'hls::AddWeighted<720, 1280, 0, 0, 0, double>' (C:/Xilinx/Vivado/2018.3/common/technology/autopilot/hls/hls_video_types.h:500->C:/Xilinx/Vivado/2018.3/common/technology/autopilot/hls/hls_video_arithm.h:282->C:/Xilinx/Vivado/2018.3/common/technology/autopilot/hls/hls_video_arithm.h:361->C:/Xilinx/Vivado/2018.3/common/technology/autopilot/hls/hls_video_arithm.h:879) automatically.
INFO: [XFORM 203-11] Balancing expressions in function 'hls::Filter2D<hls::BORDER_DEFAULT, 0, 0, ap_int<8>, int, 720, 1280, 3, 3>' (C:/Xilinx/Vivado/2018.3/common/technology/autopilot/hls/hls_video_imgproc.h:1279)...11 expression(s) balanced.
INFO: [XFORM 203-11] Balancing expressions in function 'hls::Filter2D<hls::BORDER_DEFAULT, 0, 0, ap_fixed<16, 2, (ap_q_mode)0, (ap_o_mode)3, 0>, int, 720, 1280, 3, 3>' (C:/Xilinx/Vivado/2018.3/common/technology/autopilot/hls/hls_video_imgproc.h:118:33)...4 expression(s) balanced.
INFO: [HLS 200-111] Finished Pre-synthesis Time (s): cpu = 00:00:11 ; elapsed = 00:00:38 . Memory (MB): peak = 541.266 ; gain = 455.012
WARNING: [XFORM 203-631] Renaming function 'hls::Sobel<1, 0, 3, 0, 0, 720, 1280, 720, 1280>' to 'Sobel' (C:/Xilinx/Vivado/2018.3/common/technology/autopilot/hls/hls_video_imgproc.h:2619:1)
WARNING: [XFORM 203-631] Renaming function 'hls::Sobel<0, 1, 3, 0, 0, 720, 1280, 720, 1280>' to 'Sobel.1' (C:/Xilinx/Vivado/2018.3/common/technology/autopilot/hls/hls_video_imgproc.h:2619:1)
WARNING: [XFORM 203-631] Renaming function 'hls::Mat2AXIvideo<24, 720, 1280, 4096>' to 'Mat2AXIvideo' (C:/Xilinx/Vivado/2018.3/common/technology/autopilot/hls/hls_video_io.h:78:50)
WARNING: [XFORM 203-631] Renaming function 'hls::GaussianBlur<3, 3, 0, 0, 720, 1280>' to 'GaussianBlur' (C:/Xilinx/Vivado/2018.3/common/technology/autopilot/hls/hls_video_imgproc.h:2678:1)
WARNING: [XFORM 203-631] Renaming function 'hls::Filter2D<hls::BORDER_DEFAULT, 0, 0, ap_int<8>, int, 720, 1280, 3, 3>' to 'Filter2D' (C:/Xilinx/Vivado/2018.3/common/technology/autopilot/hls/hls_video_imgproc.h:118:33)
WARNING: [XFORM 203-631] Renaming function 'hls::Filter2D<hls::BORDER_DEFAULT, 0, 0, ap_fixed<16, 2, (ap_q_mode)0, (ap_o_mode)3, 0>, int, 720, 1280, 3, 3>' to 'Filter2D.1' (C:/Xilinx/Vivado/2018.3/common/technology/autopilot/hls/hls_video_imgproc.h:118:33)
WARNING: [XFORM 203-631] Renaming function 'hls::Duplicate<720, 1280, 0, 0>' to 'Duplicate' (C:/Xilinx/Vivado/2018.3/common/technology/autopilot/hls/hls_video_arithm.h:672:50)
WARNING: [XFORM 203-631] Renaming function 'hls::CvtColor<HLS_GRAY2RGB, 0, 4096, 720, 1280>' to 'CvtColor' (C:/Xilinx/Vivado/2018.3/common/technology/autopilot/hls/hls_video_imgproc.h:672:39)
WARNING: [XFORM 203-631] Renaming function 'hls::CvtColor<HLS_BGR2GRAY, 4096, 0, 720, 1280>' to 'CvtColor.1' (C:/Xilinx/Vivado/2018.3/common/technology/autopilot/hls/hls_video_imgproc.h:409:39)
WARNING: [XFORM 203-631] Renaming function 'hls::AddWeighted<720, 1280, 0, 0, 0, double>' to 'AddWeighted' (C:/Xilinx/Vivado/2018.3/common/technology/autopilot/hls/hls_video_arithm.h:17:50)
WARNING: [XFORM 203-631] Renaming function 'hls::AXIvideo2Mat<24, 720, 1280, 4096>' to 'AXIvideo2Mat' (C:/Xilinx/Vivado/2018.3/common/technology/autopilot/hls/hls_video_io.h:49:9)
WARNING: [ANALYSIS 214-52] Found false inter dependency for variable 'k_buf[0].val[4]' (C:/Xilinx/Vivado/2018.3/common/technology/autopilot/hls/hls_video_imgproc.h:400).
WARNING: [ANALYSIS 214-52] Found false inter dependency for variable 'k_buf[0].val[5]' (C:/Xilinx/Vivado/2018.3/common/technology/autopilot/hls/hls_video_imgproc.h:400).
WARNING: [ANALYSIS 214-52] Found false inter dependency for variable 'k_buf[0].val[3]' (C:/Xilinx/Vivado/2018.3/common/technology/autopilot/hls/hls_video_imgproc.h:400).
WARNING: [ANALYSIS 214-52] Found false inter dependency for variable 'k_buf[0].val[4]' (C:/Xilinx/Vivado/2018.3/common/technology/autopilot/hls/hls_video_imgproc.h:400).
WARNING: [ANALYSIS 214-52] Found false inter dependency for variable 'k_buf[0].val[3]' (C:/Xilinx/Vivado/2018.3/common/technology/autopilot/hls/hls_video_imgproc.h:400).
WARNING: [ANALYSIS 214-52] Found false inter dependency for variable 'k_buf[0].val[5]' (C:/Xilinx/Vivado/2018.3/common/technology/autopilot/hls/hls_video_imgproc.h:400).
INFO: [HLS 200-111] Finished Architecture Synthesis Time (s): cpu = 00:00:13 ; elapsed = 00:00:41 . Memory (MB): peak = 694.391 ; gain = 608.137
INFO: [HLS 200-10] Starting hardware synthesis ...
INFO: [HLS 200-10] Synthesizing 'sobel_hls' ...
WARNING: [SYN 201-103] Legalizing function name 'Block__proc' to 'Block_proc'.
WARNING: [SYN 201-103] Legalizing function name 'CvtColor.1' to 'CvtColor_1'.
WARNING: [SYN 201-103] Legalizing function name 'Filter2D.1' to 'Filter2D_1'.
WARNING: [SYN 201-103] Legalizing function name 'Sobel.1' to 'Sobel_1'.
INFO: [HLS 200-10] ----------------------------------------------------------------
INFO: [HLS 200-42] -- Implementing module 'Block_proc' 
INFO: [HLS 200-10] ----------------------------------------------------------------
INFO: [SCHED 204-11] Starting scheduling ...
INFO: [SCHED 204-11] Finished scheduling.
INFO: [HLS 200-111]  Elapsed time: 41.18 seconds; current allocated memory: 618.440 MB.
INFO: [BIND 205-100] Starting micro-architecture generation ...
INFO: [BIND 205-101] Performing variable lifetime analysis.
INFO: [BIND 205-101] Exploring resource sharing.
INFO: [BIND 205-101] Binding ...
INFO: [BIND 205-100] Finished micro-architecture generation.
INFO: [HLS 200-111]  Elapsed time: 0.132 seconds; current allocated memory: 618.528 MB.
INFO: [HLS 200-10] ----------------------------------------------------------------
INFO: [HLS 200-42] -- Implementing module 'AXIvideo2Mat' 
INFO: [HLS 200-10] ----------------------------------------------------------------
INFO: [SCHED 204-11] Starting scheduling ...
INFO: [SCHED 204-61] Pipelining loop 'loop_wait_for_start'.
INFO: [SCHED 204-61] Pipelining result : Target II = 1, Final II = 1, Depth = 1.
INFO: [SCHED 204-61] Pipelining loop 'loop_width'.
INFO: [SCHED 204-61] Pipelining result : Target II = 1, Final II = 1, Depth = 2.
INFO: [SCHED 204-61] Pipelining loop 'loop_wait_for_eol'.
INFO: [SCHED 204-61] Pipelining result : Target II = 1, Final II = 1, Depth = 1.
INFO: [SCHED 204-11] Finished scheduling.
INFO: [HLS 200-111]  Elapsed time: 0.553 seconds; current allocated memory: 618.744 MB.
INFO: [HLS 200-434] Only 3 loops out of a total 4 loops have been pipelined in this design.
INFO: [BIND 205-100] Starting micro-architecture generation ...
INFO: [BIND 205-101] Performing variable lifetime analysis.
INFO: [BIND 205-101] Exploring resource sharing.
INFO: [BIND 205-101] Binding ...
INFO: [BIND 205-100] Finished micro-architecture generation.
INFO: [HLS 200-111]  Elapsed time: 0.201 seconds; current allocated memory: 619.117 MB.
INFO: [HLS 200-10] ----------------------------------------------------------------
INFO: [HLS 200-42] -- Implementing module 'CvtColor_1' 
INFO: [HLS 200-10] ----------------------------------------------------------------
INFO: [SCHED 204-11] Starting scheduling ...
INFO: [SCHED 204-61] Pipelining loop 'loop_width'.
INFO: [SCHED 204-61] Pipelining result : Target II = 1, Final II = 1, Depth = 5.
WARNING: [SCHED 204-21] Estimated clock period (9.4ns) exceeds the target (target clock period: 10ns, clock uncertainty: 1.25ns, effective delay budget: 8.75ns).
WARNING: [SCHED 204-21] The critical path in module 'CvtColor_1' consists of the following:
	'mul' operation of DSP[51] ('r.V', C:/Xilinx/Vivado/2018.3/common/technology/autopilot/hls/hls_video_imgproc.h:1493->C:/Xilinx/Vivado/2018.3/common/technology/autopilot/hls/hls_video_imgproc.h:1534->C:/Xilinx/Vivado/2018.3/common/technology/autopilot/hls/hls_video_imgproc.h:1972) [45]  (3.36 ns)
	'add' operation of DSP[51] ('ret.V', C:/Xilinx/Vivado/2018.3/common/technology/autopilot/hls/hls_video_imgproc.h:1497->C:/Xilinx/Vivado/2018.3/common/technology/autopilot/hls/hls_video_imgproc.h:1534->C:/Xilinx/Vivado/2018.3/common/technology/autopilot/hls/hls_video_imgproc.h:1972) [51]  (3.02 ns)
	'add' operation of DSP[53] ('ret.V', C:/Xilinx/Vivado/2018.3/common/technology/autopilot/hls/hls_video_imgproc.h:1497->C:/Xilinx/Vivado/2018.3/common/technology/autopilot/hls/hls_video_imgproc.h:1534->C:/Xilinx/Vivado/2018.3/common/technology/autopilot/hls/hls_video_imgproc.h:1972) [53]  (3.02 ns)
INFO: [SCHED 204-11] Finished scheduling.
INFO: [HLS 200-111]  Elapsed time: 0.46 seconds; current allocated memory: 619.347 MB.
INFO: [BIND 205-100] Starting micro-architecture generation ...
INFO: [BIND 205-101] Performing variable lifetime analysis.
INFO: [BIND 205-101] Exploring resource sharing.
INFO: [BIND 205-101] Binding ...
INFO: [BIND 205-100] Finished micro-architecture generation.
INFO: [HLS 200-111]  Elapsed time: 0.202 seconds; current allocated memory: 619.627 MB.
INFO: [HLS 200-10] ----------------------------------------------------------------
INFO: [HLS 200-42] -- Implementing module 'Filter2D_1' 
INFO: [HLS 200-10] ----------------------------------------------------------------
INFO: [SCHED 204-11] Starting scheduling ...
INFO: [SCHED 204-61] Pipelining loop 'loop_width'.
INFO: [SCHED 204-61] Pipelining result : Target II = 1, Final II = 1, Depth = 6.
WARNING: [SCHED 204-21] Estimated clock period (8.75387ns) exceeds the target (target clock period: 10ns, clock uncertainty: 1.25ns, effective delay budget: 8.75ns).
WARNING: [SCHED 204-21] The critical path in module 'Filter2D_1' consists of the following:
	'mul' operation of DSP[235] ('r_V_52_2_2', C:/Xilinx/Vivado/2018.3/common/technology/autopilot/hls/hls_video_imgproc.h:289->C:/Xilinx/Vivado/2018.3/common/technology/autopilot/hls/hls_video_imgproc.h:303->C:/Xilinx/Vivado/2018.3/common/technology/autopilot/hls/hls_video_imgproc.h:514->C:/Xilinx/Vivado/2018.3/common/technology/autopilot/hls/hls_video_imgproc.h:1289) [233]  (3.36 ns)
	'add' operation of DSP[235] ('tmp5', C:/Xilinx/Vivado/2018.3/common/technology/autopilot/hls/hls_video_imgproc.h:290->C:/Xilinx/Vivado/2018.3/common/technology/autopilot/hls/hls_video_imgproc.h:303->C:/Xilinx/Vivado/2018.3/common/technology/autopilot/hls/hls_video_imgproc.h:514->C:/Xilinx/Vivado/2018.3/common/technology/autopilot/hls/hls_video_imgproc.h:1289) [235]  (3.02 ns)
	'add' operation ('__Val2__', C:/Xilinx/Vivado/2018.3/common/technology/autopilot/hls/hls_video_imgproc.h:290->C:/Xilinx/Vivado/2018.3/common/technology/autopilot/hls/hls_video_imgproc.h:303->C:/Xilinx/Vivado/2018.3/common/technology/autopilot/hls/hls_video_imgproc.h:514->C:/Xilinx/Vivado/2018.3/common/technology/autopilot/hls/hls_video_imgproc.h:1289) [237]  (2.37 ns)
INFO: [SCHED 204-11] Finished scheduling.
INFO: [HLS 200-111]  Elapsed time: 0.504 seconds; current allocated memory: 620.428 MB.
INFO: [BIND 205-100] Starting micro-architecture generation ...
INFO: [BIND 205-101] Performing variable lifetime analysis.
INFO: [BIND 205-101] Exploring resource sharing.
INFO: [BIND 205-101] Binding ...
INFO: [BIND 205-100] Finished micro-architecture generation.
INFO: [HLS 200-111]  Elapsed time: 0.399 seconds; current allocated memory: 621.211 MB.
INFO: [HLS 200-10] ----------------------------------------------------------------
INFO: [HLS 200-42] -- Implementing module 'GaussianBlur' 
INFO: [HLS 200-10] ----------------------------------------------------------------
INFO: [SCHED 204-11] Starting scheduling ...
INFO: [SCHED 204-11] Finished scheduling.
INFO: [HLS 200-111]  Elapsed time: 0.446 seconds; current allocated memory: 621.308 MB.
INFO: [BIND 205-100] Starting micro-architecture generation ...
INFO: [BIND 205-101] Performing variable lifetime analysis.
INFO: [BIND 205-101] Exploring resource sharing.
INFO: [BIND 205-101] Binding ...
INFO: [BIND 205-100] Finished micro-architecture generation.
INFO: [HLS 200-111]  Elapsed time: 0.277 seconds; current allocated memory: 621.398 MB.
INFO: [HLS 200-10] ----------------------------------------------------------------
INFO: [HLS 200-42] -- Implementing module 'Duplicate' 
INFO: [HLS 200-10] ----------------------------------------------------------------
INFO: [SCHED 204-11] Starting scheduling ...
INFO: [SCHED 204-61] Pipelining loop 'loop_width'.
INFO: [SCHED 204-61] Pipelining result : Target II = 1, Final II = 1, Depth = 2.
INFO: [SCHED 204-11] Finished scheduling.
INFO: [HLS 200-111]  Elapsed time: 0.425 seconds; current allocated memory: 621.554 MB.
INFO: [BIND 205-100] Starting micro-architecture generation ...
INFO: [BIND 205-101] Performing variable lifetime analysis.
INFO: [BIND 205-101] Exploring resource sharing.
INFO: [BIND 205-101] Binding ...
INFO: [BIND 205-100] Finished micro-architecture generation.
INFO: [HLS 200-111]  Elapsed time: 0.206 seconds; current allocated memory: 621.687 MB.
INFO: [HLS 200-10] ----------------------------------------------------------------
INFO: [HLS 200-42] -- Implementing module 'Filter2D' 
INFO: [HLS 200-10] ----------------------------------------------------------------
INFO: [SCHED 204-11] Starting scheduling ...
INFO: [SCHED 204-61] Pipelining loop 'loop_width'.
INFO: [SCHED 204-61] Pipelining result : Target II = 1, Final II = 1, Depth = 6.
WARNING: [SCHED 204-21] Estimated clock period (10.049ns) exceeds the target (target clock period: 10ns, clock uncertainty: 1.25ns, effective delay budget: 8.75ns).
WARNING: [SCHED 204-21] The critical path in module 'Filter2D' consists of the following:
	'mul' operation of DSP[211] ('r_V_50_0_2', C:/Xilinx/Vivado/2018.3/common/technology/autopilot/hls/hls_video_imgproc.h:289->C:/Xilinx/Vivado/2018.3/common/technology/autopilot/hls/hls_video_imgproc.h:303->C:/Xilinx/Vivado/2018.3/common/technology/autopilot/hls/hls_video_imgproc.h:514->C:/Xilinx/Vivado/2018.3/common/technology/autopilot/hls/hls_video_imgproc.h:1289) [209]  (3.36 ns)
	'add' operation of DSP[211] ('sum_V_0_2', C:/Xilinx/Vivado/2018.3/common/technology/autopilot/hls/hls_video_imgproc.h:290->C:/Xilinx/Vivado/2018.3/common/technology/autopilot/hls/hls_video_imgproc.h:303->C:/Xilinx/Vivado/2018.3/common/technology/autopilot/hls/hls_video_imgproc.h:514->C:/Xilinx/Vivado/2018.3/common/technology/autopilot/hls/hls_video_imgproc.h:1289) [211]  (3.02 ns)
	'add' operation ('tmp_38', C:/Xilinx/Vivado/2018.3/common/technology/autopilot/hls/hls_video_imgproc.h:290->C:/Xilinx/Vivado/2018.3/common/technology/autopilot/hls/hls_video_imgproc.h:303->C:/Xilinx/Vivado/2018.3/common/technology/autopilot/hls/hls_video_imgproc.h:514->C:/Xilinx/Vivado/2018.3/common/technology/autopilot/hls/hls_video_imgproc.h:1289) [222]  (0 ns)
	'add' operation ('tmp6', C:/Xilinx/Vivado/2018.3/common/technology/autopilot/hls/hls_video_types.h:409->C:/Xilinx/Vivado/2018.3/common/technology/autopilot/hls/hls_video_types.h:500->C:/Xilinx/Vivado/2018.3/common/technology/autopilot/hls/hls_video_imgproc.h:304->C:/Xilinx/Vivado/2018.3/common/technology/autopilot/hls/hls_video_imgproc.h:514->C:/Xilinx/Vivado/2018.3/common/technology/autopilot/hls/hls_video_imgproc.h:1289) [237]  (3.67 ns)
INFO: [SCHED 204-11] Finished scheduling.
INFO: [HLS 200-111]  Elapsed time: 0.525 seconds; current allocated memory: 622.425 MB.
INFO: [BIND 205-100] Starting micro-architecture generation ...
INFO: [BIND 205-101] Performing variable lifetime analysis.
INFO: [BIND 205-101] Exploring resource sharing.
INFO: [BIND 205-101] Binding ...
INFO: [BIND 205-100] Finished micro-architecture generation.
INFO: [HLS 200-111]  Elapsed time: 0.351 seconds; current allocated memory: 623.194 MB.
INFO: [HLS 200-10] ----------------------------------------------------------------
INFO: [HLS 200-42] -- Implementing module 'Sobel' 
INFO: [HLS 200-10] ----------------------------------------------------------------
INFO: [SCHED 204-11] Starting scheduling ...
INFO: [SCHED 204-11] Finished scheduling.
INFO: [HLS 200-111]  Elapsed time: 0.469 seconds; current allocated memory: 623.310 MB.
INFO: [BIND 205-100] Starting micro-architecture generation ...
INFO: [BIND 205-101] Performing variable lifetime analysis.
INFO: [BIND 205-101] Exploring resource sharing.
INFO: [BIND 205-101] Binding ...
INFO: [BIND 205-100] Finished micro-architecture generation.
INFO: [HLS 200-111]  Elapsed time: 0.229 seconds; current allocated memory: 623.409 MB.
INFO: [HLS 200-10] ----------------------------------------------------------------
INFO: [HLS 200-42] -- Implementing module 'Sobel_1' 
INFO: [HLS 200-10] ----------------------------------------------------------------
INFO: [SCHED 204-11] Starting scheduling ...
INFO: [SCHED 204-11] Finished scheduling.
INFO: [HLS 200-111]  Elapsed time: 0.338 seconds; current allocated memory: 623.493 MB.
INFO: [BIND 205-100] Starting micro-architecture generation ...
INFO: [BIND 205-101] Performing variable lifetime analysis.
INFO: [BIND 205-101] Exploring resource sharing.
INFO: [BIND 205-101] Binding ...
INFO: [BIND 205-100] Finished micro-architecture generation.
INFO: [HLS 200-111]  Elapsed time: 0.281 seconds; current allocated memory: 623.555 MB.
INFO: [HLS 200-10] ----------------------------------------------------------------
INFO: [HLS 200-42] -- Implementing module 'AddWeighted' 
INFO: [HLS 200-10] ----------------------------------------------------------------
INFO: [SCHED 204-11] Starting scheduling ...
INFO: [SCHED 204-61] Pipelining loop 'loop_width'.
INFO: [SCHED 204-61] Pipelining result : Target II = 1, Final II = 1, Depth = 28.
INFO: [SCHED 204-11] Finished scheduling.
INFO: [HLS 200-111]  Elapsed time: 0.721 seconds; current allocated memory: 624.500 MB.
INFO: [BIND 205-100] Starting micro-architecture generation ...
INFO: [BIND 205-101] Performing variable lifetime analysis.
INFO: [BIND 205-101] Exploring resource sharing.
INFO: [BIND 205-101] Binding ...
INFO: [BIND 205-100] Finished micro-architecture generation.
INFO: [HLS 200-111]  Elapsed time: 0.472 seconds; current allocated memory: 625.317 MB.
INFO: [HLS 200-10] ----------------------------------------------------------------
INFO: [HLS 200-42] -- Implementing module 'CvtColor' 
INFO: [HLS 200-10] ----------------------------------------------------------------
INFO: [SCHED 204-11] Starting scheduling ...
INFO: [SCHED 204-61] Pipelining loop 'loop_width'.
INFO: [SCHED 204-61] Pipelining result : Target II = 1, Final II = 1, Depth = 2.
INFO: [SCHED 204-11] Finished scheduling.
INFO: [HLS 200-111]  Elapsed time: 0.828 seconds; current allocated memory: 625.536 MB.
INFO: [BIND 205-100] Starting micro-architecture generation ...
INFO: [BIND 205-101] Performing variable lifetime analysis.
INFO: [BIND 205-101] Exploring resource sharing.
INFO: [BIND 205-101] Binding ...
INFO: [BIND 205-100] Finished micro-architecture generation.
INFO: [HLS 200-111]  Elapsed time: 0.188 seconds; current allocated memory: 625.709 MB.
INFO: [HLS 200-10] ----------------------------------------------------------------
INFO: [HLS 200-42] -- Implementing module 'Mat2AXIvideo' 
INFO: [HLS 200-10] ----------------------------------------------------------------
INFO: [SCHED 204-11] Starting scheduling ...
INFO: [SCHED 204-61] Pipelining loop 'loop_width'.
INFO: [SCHED 204-61] Pipelining result : Target II = 1, Final II = 1, Depth = 3.
INFO: [SCHED 204-11] Finished scheduling.
INFO: [HLS 200-111]  Elapsed time: 0.332 seconds; current allocated memory: 625.816 MB.
INFO: [BIND 205-100] Starting micro-architecture generation ...
INFO: [BIND 205-101] Performing variable lifetime analysis.
INFO: [BIND 205-101] Exploring resource sharing.
INFO: [BIND 205-101] Binding ...
INFO: [BIND 205-100] Finished micro-architecture generation.
INFO: [HLS 200-111]  Elapsed time: 0.182 seconds; current allocated memory: 625.997 MB.
INFO: [HLS 200-10] ----------------------------------------------------------------
INFO: [HLS 200-42] -- Implementing module 'sobel_hls' 
INFO: [HLS 200-10] ----------------------------------------------------------------
INFO: [SCHED 204-11] Starting scheduling ...
INFO: [SCHED 204-11] Finished scheduling.
INFO: [HLS 200-111]  Elapsed time: 0.292 seconds; current allocated memory: 626.171 MB.
INFO: [BIND 205-100] Starting micro-architecture generation ...
INFO: [BIND 205-101] Performing variable lifetime analysis.
INFO: [BIND 205-101] Exploring resource sharing.
INFO: [BIND 205-101] Binding ...
INFO: [BIND 205-100] Finished micro-architecture generation.
INFO: [HLS 200-111]  Elapsed time: 1.168 seconds; current allocated memory: 627.355 MB.
INFO: [HLS 200-10] ----------------------------------------------------------------
INFO: [HLS 200-10] -- Generating RTL for module 'Block_proc' 
INFO: [HLS 200-10] ----------------------------------------------------------------
INFO: [RTGEN 206-100] Finished creating RTL model for 'Block_proc'.
INFO: [HLS 200-111]  Elapsed time: 0.771 seconds; current allocated memory: 627.859 MB.
INFO: [HLS 200-10] ----------------------------------------------------------------
INFO: [HLS 200-10] -- Generating RTL for module 'AXIvideo2Mat' 
INFO: [HLS 200-10] ----------------------------------------------------------------
INFO: [RTGEN 206-100] Finished creating RTL model for 'AXIvideo2Mat'.
INFO: [HLS 200-111]  Elapsed time: 0.264 seconds; current allocated memory: 628.851 MB.
INFO: [HLS 200-10] ----------------------------------------------------------------
INFO: [HLS 200-10] -- Generating RTL for module 'CvtColor_1' 
INFO: [HLS 200-10] ----------------------------------------------------------------
INFO: [SYN 201-210] Renamed object name 'sobel_hls_mul_mul_22ns_8ns_29_1_1' to 'sobel_hls_mul_mulbkb' due to the length limit 20
INFO: [SYN 201-210] Renamed object name 'sobel_hls_mac_muladd_20ns_8ns_29ns_29_1_1' to 'sobel_hls_mac_mulcud' due to the length limit 20
INFO: [SYN 201-210] Renamed object name 'sobel_hls_mac_muladd_23ns_8ns_29ns_30_1_1' to 'sobel_hls_mac_muldEe' due to the length limit 20
INFO: [RTGEN 206-100] Generating core module 'sobel_hls_mac_mulcud': 1 instance(s).
INFO: [RTGEN 206-100] Generating core module 'sobel_hls_mac_muldEe': 1 instance(s).
INFO: [RTGEN 206-100] Generating core module 'sobel_hls_mul_mulbkb': 1 instance(s).
INFO: [RTGEN 206-100] Finished creating RTL model for 'CvtColor_1'.
INFO: [HLS 200-111]  Elapsed time: 0.496 seconds; current allocated memory: 629.398 MB.
INFO: [HLS 200-10] ----------------------------------------------------------------
INFO: [HLS 200-10] -- Generating RTL for module 'Filter2D_1' 
INFO: [HLS 200-10] ----------------------------------------------------------------
INFO: [SYN 201-210] Renamed object name 'Filter2D_1_k_buf_0_val_3' to 'Filter2D_1_k_buf_eOg' due to the length limit 20
INFO: [SYN 201-210] Renamed object name 'Filter2D_1_k_buf_0_val_4' to 'Filter2D_1_k_buf_fYi' due to the length limit 20
INFO: [SYN 201-210] Renamed object name 'Filter2D_1_k_buf_0_val_5' to 'Filter2D_1_k_buf_g8j' due to the length limit 20
INFO: [SYN 201-210] Renamed object name 'sobel_hls_mux_32_8_1_1' to 'sobel_hls_mux_32_hbi' due to the length limit 20
INFO: [SYN 201-210] Renamed object name 'sobel_hls_mul_mul_14ns_8ns_21_1_1' to 'sobel_hls_mul_mulibs' due to the length limit 20
INFO: [SYN 201-210] Renamed object name 'sobel_hls_ama_addmuladd_8ns_8ns_11ns_24ns_25_1_1' to 'sobel_hls_ama_addjbC' due to the length limit 20
INFO: [SYN 201-210] Renamed object name 'sobel_hls_mac_muladd_11ns_8ns_21ns_21_1_1' to 'sobel_hls_mac_mulkbM' due to the length limit 20
INFO: [SYN 201-210] Renamed object name 'sobel_hls_mac_muladd_11ns_8ns_24ns_25_1_1' to 'sobel_hls_mac_mullbW' due to the length limit 20
INFO: [RTGEN 206-100] Generating core module 'sobel_hls_ama_addjbC': 1 instance(s).
INFO: [RTGEN 206-100] Generating core module 'sobel_hls_mac_mulkbM': 1 instance(s).
INFO: [RTGEN 206-100] Generating core module 'sobel_hls_mac_mullbW': 1 instance(s).
INFO: [RTGEN 206-100] Generating core module 'sobel_hls_mul_mulibs': 1 instance(s).
INFO: [RTGEN 206-100] Generating core module 'sobel_hls_mux_32_hbi': 6 instance(s).
INFO: [RTGEN 206-100] Finished creating RTL model for 'Filter2D_1'.
INFO: [HLS 200-111]  Elapsed time: 0.658 seconds; current allocated memory: 630.921 MB.
INFO: [HLS 200-10] ----------------------------------------------------------------
INFO: [HLS 200-10] -- Generating RTL for module 'GaussianBlur' 
INFO: [HLS 200-10] ----------------------------------------------------------------
INFO: [RTGEN 206-100] Finished creating RTL model for 'GaussianBlur'.
INFO: [HLS 200-111]  Elapsed time: 1.108 seconds; current allocated memory: 631.478 MB.
INFO: [HLS 200-10] ----------------------------------------------------------------
INFO: [HLS 200-10] -- Generating RTL for module 'Duplicate' 
INFO: [HLS 200-10] ----------------------------------------------------------------
INFO: [RTGEN 206-100] Finished creating RTL model for 'Duplicate'.
INFO: [HLS 200-111]  Elapsed time: 0.328 seconds; current allocated memory: 631.828 MB.
INFO: [HLS 200-10] ----------------------------------------------------------------
INFO: [HLS 200-10] -- Generating RTL for module 'Filter2D' 
INFO: [HLS 200-10] ----------------------------------------------------------------
INFO: [SYN 201-210] Renamed object name 'Filter2D_k_buf_0_val_3' to 'Filter2D_k_buf_0_mb6' due to the length limit 20
INFO: [SYN 201-210] Renamed object name 'Filter2D_k_buf_0_val_4' to 'Filter2D_k_buf_0_ncg' due to the length limit 20
INFO: [SYN 201-210] Renamed object name 'Filter2D_k_buf_0_val_5' to 'Filter2D_k_buf_0_ocq' due to the length limit 20
INFO: [SYN 201-210] Renamed object name 'sobel_hls_mac_muladd_2s_8ns_9s_11_1_1' to 'sobel_hls_mac_mulpcA' due to the length limit 20
INFO: [SYN 201-210] Renamed object name 'sobel_hls_mac_muladd_2s_8ns_11s_11_1_1' to 'sobel_hls_mac_mulqcK' due to the length limit 20
INFO: [RTGEN 206-100] Generating core module 'sobel_hls_mac_mulpcA': 1 instance(s).
INFO: [RTGEN 206-100] Generating core module 'sobel_hls_mac_mulqcK': 1 instance(s).
INFO: [RTGEN 206-100] Generating core module 'sobel_hls_mux_32_hbi': 6 instance(s).
INFO: [RTGEN 206-100] Finished creating RTL model for 'Filter2D'.
INFO: [HLS 200-111]  Elapsed time: 0.485 seconds; current allocated memory: 633.252 MB.
INFO: [HLS 200-10] ----------------------------------------------------------------
INFO: [HLS 200-10] -- Generating RTL for module 'Sobel' 
INFO: [HLS 200-10] ----------------------------------------------------------------
INFO: [RTGEN 206-100] Finished creating RTL model for 'Sobel'.
INFO: [HLS 200-111]  Elapsed time: 1.127 seconds; current allocated memory: 633.809 MB.
INFO: [HLS 200-10] ----------------------------------------------------------------
INFO: [HLS 200-10] -- Generating RTL for module 'Sobel_1' 
INFO: [HLS 200-10] ----------------------------------------------------------------
INFO: [RTGEN 206-100] Finished creating RTL model for 'Sobel_1'.
INFO: [HLS 200-111]  Elapsed time: 0.364 seconds; current allocated memory: 634.105 MB.
INFO: [HLS 200-10] ----------------------------------------------------------------
INFO: [HLS 200-10] -- Generating RTL for module 'AddWeighted' 
INFO: [HLS 200-10] ----------------------------------------------------------------
INFO: [SYN 201-210] Renamed object name 'sobel_hls_dadd_64ns_64ns_64_5_full_dsp_1' to 'sobel_hls_dadd_64rcU' due to the length limit 20
INFO: [SYN 201-210] Renamed object name 'sobel_hls_dmul_64ns_64ns_64_6_max_dsp_1' to 'sobel_hls_dmul_64sc4' due to the length limit 20
INFO: [SYN 201-210] Renamed object name 'sobel_hls_uitodp_32ns_64_6_1' to 'sobel_hls_uitodp_tde' due to the length limit 20
INFO: [RTGEN 206-100] Generating core module 'sobel_hls_dadd_64rcU': 2 instance(s).
INFO: [RTGEN 206-100] Generating core module 'sobel_hls_dmul_64sc4': 2 instance(s).
INFO: [RTGEN 206-100] Generating core module 'sobel_hls_uitodp_tde': 2 instance(s).
INFO: [RTGEN 206-100] Finished creating RTL model for 'AddWeighted'.
INFO: [HLS 200-111]  Elapsed time: 0.463 seconds; current allocated memory: 635.623 MB.
INFO: [HLS 200-10] ----------------------------------------------------------------
INFO: [HLS 200-10] -- Generating RTL for module 'CvtColor' 
INFO: [HLS 200-10] ----------------------------------------------------------------
INFO: [RTGEN 206-100] Finished creating RTL model for 'CvtColor'.
INFO: [HLS 200-111]  Elapsed time: 1.1 seconds; current allocated memory: 636.349 MB.
INFO: [HLS 200-10] ----------------------------------------------------------------
INFO: [HLS 200-10] -- Generating RTL for module 'Mat2AXIvideo' 
INFO: [HLS 200-10] ----------------------------------------------------------------
INFO: [RTGEN 206-100] Finished creating RTL model for 'Mat2AXIvideo'.
INFO: [HLS 200-111]  Elapsed time: 0.537 seconds; current allocated memory: 637.156 MB.
INFO: [HLS 200-10] ----------------------------------------------------------------
INFO: [HLS 200-10] -- Generating RTL for module 'sobel_hls' 
INFO: [HLS 200-10] ----------------------------------------------------------------
INFO: [RTGEN 206-500] Setting interface mode on port 'sobel_hls/INPUT_STREAM_V_data_V' to 'axis' (register, both mode).
INFO: [RTGEN 206-500] Setting interface mode on port 'sobel_hls/INPUT_STREAM_V_keep_V' to 'axis' (register, both mode).
INFO: [RTGEN 206-500] Setting interface mode on port 'sobel_hls/INPUT_STREAM_V_strb_V' to 'axis' (register, both mode).
INFO: [RTGEN 206-500] Setting interface mode on port 'sobel_hls/INPUT_STREAM_V_user_V' to 'axis' (register, both mode).
INFO: [RTGEN 206-500] Setting interface mode on port 'sobel_hls/INPUT_STREAM_V_last_V' to 'axis' (register, both mode).
INFO: [RTGEN 206-500] Setting interface mode on port 'sobel_hls/INPUT_STREAM_V_id_V' to 'axis' (register, both mode).
INFO: [RTGEN 206-500] Setting interface mode on port 'sobel_hls/INPUT_STREAM_V_dest_V' to 'axis' (register, both mode).
INFO: [RTGEN 206-500] Setting interface mode on port 'sobel_hls/OUTPUT_STREAM_V_data_V' to 'axis' (register, both mode).
INFO: [RTGEN 206-500] Setting interface mode on port 'sobel_hls/OUTPUT_STREAM_V_keep_V' to 'axis' (register, both mode).
INFO: [RTGEN 206-500] Setting interface mode on port 'sobel_hls/OUTPUT_STREAM_V_strb_V' to 'axis' (register, both mode).
INFO: [RTGEN 206-500] Setting interface mode on port 'sobel_hls/OUTPUT_STREAM_V_user_V' to 'axis' (register, both mode).
INFO: [RTGEN 206-500] Setting interface mode on port 'sobel_hls/OUTPUT_STREAM_V_last_V' to 'axis' (register, both mode).
INFO: [RTGEN 206-500] Setting interface mode on port 'sobel_hls/OUTPUT_STREAM_V_id_V' to 'axis' (register, both mode).
INFO: [RTGEN 206-500] Setting interface mode on port 'sobel_hls/OUTPUT_STREAM_V_dest_V' to 'axis' (register, both mode).
INFO: [RTGEN 206-500] Setting interface mode on function 'sobel_hls' to 'ap_ctrl_hs'.
INFO: [SYN 201-210] Renamed object name 'start_for_AddWeighted_U0' to 'start_for_AddWeigudo' due to the length limit 20
INFO: [SYN 201-210] Renamed object name 'start_for_CvtColor_1_U0' to 'start_for_CvtColovdy' due to the length limit 20
INFO: [SYN 201-210] Renamed object name 'start_for_GaussianBlur_U0' to 'start_for_GaussiawdI' due to the length limit 20
INFO: [SYN 201-210] Renamed object name 'start_for_Duplicate_U0' to 'start_for_DuplicaxdS' due to the length limit 20
INFO: [SYN 201-210] Renamed object name 'start_for_Sobel_1_U0' to 'start_for_Sobel_1yd2' due to the length limit 20
INFO: [SYN 201-210] Renamed object name 'start_for_CvtColor_U0' to 'start_for_CvtColozec' due to the length limit 20
INFO: [SYN 201-210] Renamed object name 'start_for_Mat2AXIvideo_U0' to 'start_for_Mat2AXIAem' due to the length limit 20
INFO: [RTGEN 206-100] Finished creating RTL model for 'sobel_hls'.
INFO: [HLS 200-111]  Elapsed time: 0.727 seconds; current allocated memory: 638.576 MB.
INFO: [RTMG 210-278] Implementing memory 'Filter2D_1_k_buf_eOg_ram (RAM)' using block RAMs.
INFO: [RTMG 210-285] Implementing FIFO 'img_0_rows_V_c_U(fifo_w11_d2_A)' using Shift Registers.
INFO: [RTMG 210-285] Implementing FIFO 'img_0_cols_V_c_U(fifo_w12_d2_A)' using Shift Registers.
INFO: [RTMG 210-285] Implementing FIFO 'img_5_rows_V_c_U(fifo_w11_d7_A)' using Shift Registers.
INFO: [RTMG 210-285] Implementing FIFO 'img_5_cols_V_c_U(fifo_w12_d7_A)' using Shift Registers.
INFO: [RTMG 210-285] Implementing FIFO 'img_0_data_stream_0_U(fifo_w8_d2_A)' using Shift Registers.
INFO: [RTMG 210-285] Implementing FIFO 'img_0_data_stream_1_U(fifo_w8_d2_A)' using Shift Registers.
INFO: [RTMG 210-285] Implementing FIFO 'img_0_data_stream_2_U(fifo_w8_d2_A)' using Shift Registers.
INFO: [RTMG 210-285] Implementing FIFO 'img_0_rows_V_c22_U(fifo_w11_d2_A)' using Shift Registers.
INFO: [RTMG 210-285] Implementing FIFO 'img_0_cols_V_c23_U(fifo_w12_d2_A)' using Shift Registers.
INFO: [RTMG 210-285] Implementing FIFO 'img_1_data_stream_0_U(fifo_w8_d2_A)' using Shift Registers.
INFO: [RTMG 210-285] Implementing FIFO 'img_2_data_stream_0_U(fifo_w8_d2_A)' using Shift Registers.
INFO: [RTMG 210-285] Implementing FIFO 'img_2a_data_stream_0_U(fifo_w8_d2_A)' using Shift Registers.
INFO: [RTMG 210-285] Implementing FIFO 'img_2b_data_stream_0_U(fifo_w8_d2_A)' using Shift Registers.
INFO: [RTMG 210-285] Implementing FIFO 'img_3_data_stream_0_U(fifo_w8_d2_A)' using Shift Registers.
INFO: [RTMG 210-285] Implementing FIFO 'img_4_data_stream_0_U(fifo_w8_d2_A)' using Shift Registers.
INFO: [RTMG 210-285] Implementing FIFO 'img_5_data_stream_0_U(fifo_w8_d2_A)' using Shift Registers.
INFO: [RTMG 210-285] Implementing FIFO 'img_5_rows_V_c24_U(fifo_w11_d2_A)' using Shift Registers.
INFO: [RTMG 210-285] Implementing FIFO 'img_5_cols_V_c25_U(fifo_w12_d2_A)' using Shift Registers.
INFO: [RTMG 210-285] Implementing FIFO 'img_6_data_stream_0_U(fifo_w8_d2_A)' using Shift Registers.
INFO: [RTMG 210-285] Implementing FIFO 'img_6_data_stream_1_U(fifo_w8_d2_A)' using Shift Registers.
INFO: [RTMG 210-285] Implementing FIFO 'img_6_data_stream_2_U(fifo_w8_d2_A)' using Shift Registers.
INFO: [RTMG 210-285] Implementing FIFO 'start_for_AddWeigudo_U(start_for_AddWeigudo)' using Shift Registers.
INFO: [RTMG 210-285] Implementing FIFO 'start_for_CvtColovdy_U(start_for_CvtColovdy)' using Shift Registers.
INFO: [RTMG 210-285] Implementing FIFO 'start_for_GaussiawdI_U(start_for_GaussiawdI)' using Shift Registers.
INFO: [RTMG 210-285] Implementing FIFO 'start_for_DuplicaxdS_U(start_for_DuplicaxdS)' using Shift Registers.
INFO: [RTMG 210-285] Implementing FIFO 'start_for_Sobel_U0_U(start_for_Sobel_U0)' using Shift Registers.
INFO: [RTMG 210-285] Implementing FIFO 'start_for_Sobel_1yd2_U(start_for_Sobel_1yd2)' using Shift Registers.
INFO: [RTMG 210-285] Implementing FIFO 'start_for_CvtColozec_U(start_for_CvtColozec)' using Shift Registers.
INFO: [RTMG 210-285] Implementing FIFO 'start_for_Mat2AXIAem_U(start_for_Mat2AXIAem)' using Shift Registers.
INFO: [HLS 200-111] Finished generating all RTL models Time (s): cpu = 00:00:30 ; elapsed = 00:01:06 . Memory (MB): peak = 730.191 ; gain = 643.938
INFO: [SYSC 207-301] Generating SystemC RTL for sobel_hls.
INFO: [VHDL 208-304] Generating VHDL RTL for sobel_hls.
INFO: [VLOG 209-307] Generating Verilog RTL for sobel_hls.
INFO: [HLS 200-112] Total elapsed time: 65.677 seconds; peak allocated memory: 638.576 MB.
==============================================================
File generated on Wed Jun 26 10:07:54 -0300 2019
Vivado(TM) HLS - High-Level Synthesis from C, C++ and SystemC v2018.3 (64-bit)
SW Build 2405991 on Thu Dec  6 23:38:27 MST 2018
IP Build 2404404 on Fri Dec  7 01:43:56 MST 2018
Copyright 1986-2018 Xilinx, Inc. All Rights Reserved.
==============================================================
INFO: [SYN 201-201] Setting up clock 'default' with a period of 10ns.
INFO: [HLS 200-10] Setting target device to 'xc7z020clg400-1'
INFO: [IMPL 213-8] Exporting RTL as a Vivado IP.
INFO: [IMPL 213-8] Starting RTL evaluation using Vivado ...
