#-----------------------------------------------------------
# Vivado v2018.3 (64-bit)
# SW Build 2405991 on Thu Dec  6 23:38:27 MST 2018
# IP Build 2404404 on Fri Dec  7 01:43:56 MST 2018
# Start of session at: Wed Jun 26 10:17:08 2019
# Process ID: 24952
# Current directory: C:/xilinx_projects/sobel_hls/sobel_hls/solution3/impl/ip
# Command line: vivado.exe -notrace -mode batch -source run_ippack.tcl
# Log file: C:/xilinx_projects/sobel_hls/sobel_hls/solution3/impl/ip/vivado.log
# Journal file: C:/xilinx_projects/sobel_hls/sobel_hls/solution3/impl/ip\vivado.jou
#-----------------------------------------------------------
Sourcing tcl script 'C:/Users/tomy-/AppData/Roaming/Xilinx/Vivado/Vivado_init.tcl'
source run_ippack.tcl -notrace
WARNING: [Board 49-91] Board repository path 'C:/Xilinx/vivado-boards-master/vivado-boards/new/board_files' does not exist, it will not be used to search board files.
INFO: [IP_Flow 19-234] Refreshing IP repositories
INFO: [IP_Flow 19-1704] No user IP repositories specified
INFO: [IP_Flow 19-2313] Loaded Vivado IP repository 'C:/Xilinx/Vivado/2018.3/data/ip'.
WARNING: [IP_Flow 19-4832] The IP name 'sobel_hls_ap_dadd_3_full_dsp_64' you have specified is long. The Windows operating system has path length limitations. It is recommended you use shorter names to reduce the likelihood of issues.
INFO: [IP_Flow 19-1686] Generating 'Synthesis' target for IP 'sobel_hls_ap_dadd_3_full_dsp_64'...
INFO: [IP_Flow 19-1686] Generating 'Simulation' target for IP 'sobel_hls_ap_dadd_3_full_dsp_64'...
WARNING: [IP_Flow 19-4832] The IP name 'sobel_hls_ap_dmul_4_max_dsp_64' you have specified is long. The Windows operating system has path length limitations. It is recommended you use shorter names to reduce the likelihood of issues.
INFO: [IP_Flow 19-1686] Generating 'Synthesis' target for IP 'sobel_hls_ap_dmul_4_max_dsp_64'...
INFO: [IP_Flow 19-1686] Generating 'Simulation' target for IP 'sobel_hls_ap_dmul_4_max_dsp_64'...
WARNING: [IP_Flow 19-4832] The IP name 'sobel_hls_ap_uitodp_4_no_dsp_32' you have specified is long. The Windows operating system has path length limitations. It is recommended you use shorter names to reduce the likelihood of issues.
INFO: [IP_Flow 19-1686] Generating 'Synthesis' target for IP 'sobel_hls_ap_uitodp_4_no_dsp_32'...
INFO: [IP_Flow 19-1686] Generating 'Simulation' target for IP 'sobel_hls_ap_uitodp_4_no_dsp_32'...
INFO: [IP_Flow 19-234] Refreshing IP repositories
INFO: [IP_Flow 19-1704] No user IP repositories specified
INFO: [IP_Flow 19-2313] Loaded Vivado IP repository 'C:/Xilinx/Vivado/2018.3/data/ip'.
INFO: [Common 17-206] Exiting Vivado at Wed Jun 26 10:17:27 2019...
