

================================================================
== Vivado HLS Report for 'CvtColor_1'
================================================================
* Date:           Wed Jun 26 10:05:47 2019

* Version:        2018.3 (Build 2405991 on Thu Dec 06 23:56:15 MST 2018)
* Project:        sobel_hls
* Solution:       solution4
* Product family: zynq
* Target device:  xc7z020clg400-1


================================================================
== Performance Estimates
================================================================
+ Timing (ns): 
    * Summary: 
    +--------+-------+----------+------------+
    |  Clock | Target| Estimated| Uncertainty|
    +--------+-------+----------+------------+
    |ap_clk  |  10.00|     9.400|        1.25|
    +--------+-------+----------+------------+

+ Latency (clock cycles): 
    * Summary: 
    +-----+--------+-----+--------+---------+
    |    Latency   |   Interval   | Pipeline|
    | min |   max  | min |   max  |   Type  |
    +-----+--------+-----+--------+---------+
    |    1|  925921|    1|  925921|   none  |
    +-----+--------+-----+--------+---------+

    + Detail: 
        * Instance: 
        N/A

        * Loop: 
        +---------------+-----+--------+----------+-----------+-----------+----------+----------+
        |               |    Latency   | Iteration|  Initiation Interval  |   Trip   |          |
        |   Loop Name   | min |   max  |  Latency |  achieved |   target  |   Count  | Pipelined|
        +---------------+-----+--------+----------+-----------+-----------+----------+----------+
        |- loop_height  |    0|  925920| 3 ~ 1286 |          -|          -|  0 ~ 720 |    no    |
        | + loop_width  |    0|    1283|         5|          1|          1| 0 ~ 1280 |    yes   |
        +---------------+-----+--------+----------+-----------+-----------+----------+----------+

============================================================
+ Verbose Summary: Synthesis Manager
============================================================
InlineROM: 1
ExposeGlobal: 0
============================================================
+ Verbose Summary: CDFG Model
============================================================
IsTopModel: 0
ResetActiveHigh: 1
IsCombinational: 2
IsDatapathOnly: 0
HasWiredReturn: 1
HasMFsm: 0
HasVarLatency: 1
IsPipeline: 0
IsRtlPipelined: 0
IsInstanceOverlapped: 0
IsDontTouch: 0
HasImplIP: 0
IsGatedGlobalClock: 0

+ Individual pipeline summary: 
  * Pipeline-0: initiation interval (II) = 1, depth = 5


============================================================
+ Verbose Summary: Schedule
============================================================
* Number of FSM states : 8
* Pipeline : 1
  Pipeline-0 : II = 1, D = 5, States = { 3 4 5 6 7 }
* Dataflow Pipeline: 0

* FSM state transitions: 
1 --> 
	2  / true
2 --> 
	3  / (tmp_i)
3 --> 
	8  / (!tmp_70_i)
	4  / (tmp_70_i)
4 --> 
	5  / true
5 --> 
	6  / true
6 --> 
	7  / true
7 --> 
	3  / true
8 --> 
	2  / true

* FSM state operations: 

State 1 <SV = 0> <Delay = 3.63>
ST_1 : Operation 9 [1/1] (0.00ns)   --->   "call void (...)* @_ssdm_op_SpecInterface(i8* %p_dst_data_stream_V, [8 x i8]* @ap_fifo_str, i32 0, i32 0, [1 x i8]* @p_str319, i32 0, i32 0, [1 x i8]* @p_str320, [1 x i8]* @p_str321, [1 x i8]* @p_str322, i32 2, i32 2, i32 16, i32 16, [1 x i8]* @p_str323, [1 x i8]* @p_str324)"   --->   Operation 9 'specinterface' <Predicate = true> <Delay = 0.00>
ST_1 : Operation 10 [1/1] (0.00ns)   --->   "call void (...)* @_ssdm_op_SpecInterface(i8* %p_src_data_stream_2_V, [8 x i8]* @ap_fifo_str, i32 0, i32 0, [1 x i8]* @p_str312, i32 0, i32 0, [1 x i8]* @p_str313, [1 x i8]* @p_str314, [1 x i8]* @p_str315, i32 2, i32 2, i32 16, i32 16, [1 x i8]* @p_str316, [1 x i8]* @p_str317)"   --->   Operation 10 'specinterface' <Predicate = true> <Delay = 0.00>
ST_1 : Operation 11 [1/1] (0.00ns)   --->   "call void (...)* @_ssdm_op_SpecInterface(i8* %p_src_data_stream_1_V, [8 x i8]* @ap_fifo_str, i32 0, i32 0, [1 x i8]* @p_str305, i32 0, i32 0, [1 x i8]* @p_str306, [1 x i8]* @p_str307, [1 x i8]* @p_str308, i32 2, i32 2, i32 16, i32 16, [1 x i8]* @p_str309, [1 x i8]* @p_str310)"   --->   Operation 11 'specinterface' <Predicate = true> <Delay = 0.00>
ST_1 : Operation 12 [1/1] (0.00ns)   --->   "call void (...)* @_ssdm_op_SpecInterface(i8* %p_src_data_stream_0_V, [8 x i8]* @ap_fifo_str, i32 0, i32 0, [1 x i8]* @p_str298, i32 0, i32 0, [1 x i8]* @p_str299, [1 x i8]* @p_str300, [1 x i8]* @p_str301, i32 2, i32 2, i32 16, i32 16, [1 x i8]* @p_str302, [1 x i8]* @p_str303)"   --->   Operation 12 'specinterface' <Predicate = true> <Delay = 0.00>
ST_1 : Operation 13 [1/1] (0.00ns)   --->   "call void (...)* @_ssdm_op_SpecInterface(i11* %p_src_rows_V, [8 x i8]* @ap_fifo_str, i32 0, i32 0, [1 x i8]* @p_str477, i32 0, i32 0, [1 x i8]* @p_str478, [1 x i8]* @p_str479, [1 x i8]* @p_str480, i32 2, i32 2, i32 16, i32 16, [1 x i8]* @p_str481, [11 x i8]* @ScalarProp_str)"   --->   Operation 13 'specinterface' <Predicate = true> <Delay = 0.00>
ST_1 : Operation 14 [1/1] (0.00ns)   --->   "call void (...)* @_ssdm_op_SpecInterface(i12* %p_src_cols_V, [8 x i8]* @ap_fifo_str, i32 0, i32 0, [1 x i8]* @p_str482, i32 0, i32 0, [1 x i8]* @p_str483, [1 x i8]* @p_str484, [1 x i8]* @p_str485, i32 2, i32 2, i32 16, i32 16, [1 x i8]* @p_str486, [11 x i8]* @ScalarProp_str)"   --->   Operation 14 'specinterface' <Predicate = true> <Delay = 0.00>
ST_1 : Operation 15 [1/1] (3.63ns)   --->   "%p_src_cols_V_read = call i12 @_ssdm_op_Read.ap_fifo.i12P(i12* %p_src_cols_V)"   --->   Operation 15 'read' 'p_src_cols_V_read' <Predicate = true> <Delay = 3.63> <Core = "FIFO">   --->   Core 32 'FIFO' <Latency = 0> <II = 1> <Delay = 3.63> <Storage> <Opcode : 'read' 'write' 'nbread' 'nbwrite'> <Ports = 0> <Width = 11> <Depth = 2> <FIFO>
ST_1 : Operation 16 [1/1] (3.63ns)   --->   "%p_src_rows_V_read = call i11 @_ssdm_op_Read.ap_fifo.i11P(i11* %p_src_rows_V)"   --->   Operation 16 'read' 'p_src_rows_V_read' <Predicate = true> <Delay = 3.63> <Core = "FIFO">   --->   Core 32 'FIFO' <Latency = 0> <II = 1> <Delay = 3.63> <Storage> <Opcode : 'read' 'write' 'nbread' 'nbwrite'> <Ports = 0> <Width = 11> <Depth = 2> <FIFO>
ST_1 : Operation 17 [1/1] (1.76ns)   --->   "br label %0" [C:/Xilinx/Vivado/2018.3/common/technology/autopilot/hls/hls_video_imgproc.h:1967]   --->   Operation 17 'br' <Predicate = true> <Delay = 1.76>

State 2 <SV = 1> <Delay = 2.85>
ST_2 : Operation 18 [1/1] (0.00ns)   --->   "%i_i = phi i10 [ 0, %entry ], [ %i, %3 ]"   --->   Operation 18 'phi' 'i_i' <Predicate = true> <Delay = 0.00>
ST_2 : Operation 19 [1/1] (0.00ns)   --->   "%i_cast_cast_i = zext i10 %i_i to i11" [C:/Xilinx/Vivado/2018.3/common/technology/autopilot/hls/hls_video_imgproc.h:1967]   --->   Operation 19 'zext' 'i_cast_cast_i' <Predicate = true> <Delay = 0.00>
ST_2 : Operation 20 [1/1] (1.88ns)   --->   "%tmp_i = icmp slt i11 %i_cast_cast_i, %p_src_rows_V_read" [C:/Xilinx/Vivado/2018.3/common/technology/autopilot/hls/hls_video_imgproc.h:1967]   --->   Operation 20 'icmp' 'tmp_i' <Predicate = true> <Delay = 1.88> <Core = "Cmp">   --->   Core 25 'Cmp' <Latency = 0> <II = 1> <Delay = 1.88> <FuncUnit> <Opcode : 'icmp'> <InPorts = 2> <OutPorts = 1>
ST_2 : Operation 21 [1/1] (0.00ns)   --->   "call void (...)* @_ssdm_op_SpecLoopTripCount(i64 0, i64 720, i64 0)"   --->   Operation 21 'speclooptripcount' <Predicate = true> <Delay = 0.00>
ST_2 : Operation 22 [1/1] (1.73ns)   --->   "%i = add i10 %i_i, 1" [C:/Xilinx/Vivado/2018.3/common/technology/autopilot/hls/hls_video_imgproc.h:1967]   --->   Operation 22 'add' 'i' <Predicate = true> <Delay = 1.73> <Core = "AddSub">   --->   Core 14 'AddSub' <Latency = 0> <II = 1> <Delay = 1.73> <FuncUnit> <Opcode : 'add' 'sub'> <InPorts = 2> <OutPorts = 1>
ST_2 : Operation 23 [1/1] (0.00ns)   --->   "br i1 %tmp_i, label %1, label %.exit" [C:/Xilinx/Vivado/2018.3/common/technology/autopilot/hls/hls_video_imgproc.h:1967]   --->   Operation 23 'br' <Predicate = true> <Delay = 0.00>
ST_2 : Operation 24 [1/1] (0.00ns)   --->   "call void (...)* @_ssdm_op_SpecLoopName([12 x i8]* @p_str7) nounwind" [C:/Xilinx/Vivado/2018.3/common/technology/autopilot/hls/hls_video_imgproc.h:1967]   --->   Operation 24 'specloopname' <Predicate = (tmp_i)> <Delay = 0.00>
ST_2 : Operation 25 [1/1] (0.00ns)   --->   "%tmp_i_100 = call i32 (...)* @_ssdm_op_SpecRegionBegin([12 x i8]* @p_str7)" [C:/Xilinx/Vivado/2018.3/common/technology/autopilot/hls/hls_video_imgproc.h:1967]   --->   Operation 25 'specregionbegin' 'tmp_i_100' <Predicate = (tmp_i)> <Delay = 0.00>
ST_2 : Operation 26 [1/1] (1.76ns)   --->   "br label %2" [C:/Xilinx/Vivado/2018.3/common/technology/autopilot/hls/hls_video_imgproc.h:1968]   --->   Operation 26 'br' <Predicate = (tmp_i)> <Delay = 1.76>
ST_2 : Operation 27 [1/1] (0.00ns)   --->   "ret void"   --->   Operation 27 'ret' <Predicate = (!tmp_i)> <Delay = 0.00>

State 3 <SV = 2> <Delay = 1.99>
ST_3 : Operation 28 [1/1] (0.00ns)   --->   "%j_i = phi i11 [ 0, %1 ], [ %j, %"operator>>.exit.i" ]"   --->   Operation 28 'phi' 'j_i' <Predicate = true> <Delay = 0.00>
ST_3 : Operation 29 [1/1] (0.00ns)   --->   "%j_cast_cast_i = zext i11 %j_i to i12" [C:/Xilinx/Vivado/2018.3/common/technology/autopilot/hls/hls_video_imgproc.h:1968]   --->   Operation 29 'zext' 'j_cast_cast_i' <Predicate = true> <Delay = 0.00>
ST_3 : Operation 30 [1/1] (1.99ns)   --->   "%tmp_70_i = icmp slt i12 %j_cast_cast_i, %p_src_cols_V_read" [C:/Xilinx/Vivado/2018.3/common/technology/autopilot/hls/hls_video_imgproc.h:1968]   --->   Operation 30 'icmp' 'tmp_70_i' <Predicate = true> <Delay = 1.99> <Core = "Cmp">   --->   Core 25 'Cmp' <Latency = 0> <II = 1> <Delay = 1.88> <FuncUnit> <Opcode : 'icmp'> <InPorts = 2> <OutPorts = 1>
ST_3 : Operation 31 [1/1] (0.00ns)   --->   "call void (...)* @_ssdm_op_SpecLoopTripCount(i64 0, i64 1280, i64 0)"   --->   Operation 31 'speclooptripcount' <Predicate = true> <Delay = 0.00>
ST_3 : Operation 32 [1/1] (1.63ns)   --->   "%j = add i11 %j_i, 1" [C:/Xilinx/Vivado/2018.3/common/technology/autopilot/hls/hls_video_imgproc.h:1968]   --->   Operation 32 'add' 'j' <Predicate = true> <Delay = 1.63> <Core = "AddSub">   --->   Core 14 'AddSub' <Latency = 0> <II = 1> <Delay = 1.73> <FuncUnit> <Opcode : 'add' 'sub'> <InPorts = 2> <OutPorts = 1>
ST_3 : Operation 33 [1/1] (0.00ns)   --->   "br i1 %tmp_70_i, label %"operator>>.exit.i", label %3" [C:/Xilinx/Vivado/2018.3/common/technology/autopilot/hls/hls_video_imgproc.h:1968]   --->   Operation 33 'br' <Predicate = true> <Delay = 0.00>

State 4 <SV = 3> <Delay = 3.63>
ST_4 : Operation 34 [1/1] (0.00ns)   --->   "%tmp_37_i = call i32 (...)* @_ssdm_op_SpecRegionBegin([12 x i8]* @p_str12)" [C:/Xilinx/Vivado/2018.3/common/technology/autopilot/hls/hls_video_core.h:672->C:/Xilinx/Vivado/2018.3/common/technology/autopilot/hls/hls_video_core.h:711->C:/Xilinx/Vivado/2018.3/common/technology/autopilot/hls/hls_video_imgproc.h:1971]   --->   Operation 34 'specregionbegin' 'tmp_37_i' <Predicate = (tmp_70_i)> <Delay = 0.00>
ST_4 : Operation 35 [1/1] (0.00ns)   --->   "call void (...)* @_ssdm_op_SpecProtocol(i32 0, [1 x i8]* @p_str2) nounwind" [C:/Xilinx/Vivado/2018.3/common/technology/autopilot/hls/hls_video_core.h:676->C:/Xilinx/Vivado/2018.3/common/technology/autopilot/hls/hls_video_core.h:711->C:/Xilinx/Vivado/2018.3/common/technology/autopilot/hls/hls_video_imgproc.h:1971]   --->   Operation 35 'specprotocol' <Predicate = (tmp_70_i)> <Delay = 0.00>
ST_4 : Operation 36 [1/1] (3.63ns)   --->   "%tmp_84 = call i8 @_ssdm_op_Read.ap_fifo.volatile.i8P(i8* %p_src_data_stream_0_V)" [C:/Xilinx/Vivado/2018.3/common/technology/autopilot/hls/hls_video_core.h:679->C:/Xilinx/Vivado/2018.3/common/technology/autopilot/hls/hls_video_core.h:711->C:/Xilinx/Vivado/2018.3/common/technology/autopilot/hls/hls_video_imgproc.h:1971]   --->   Operation 36 'read' 'tmp_84' <Predicate = (tmp_70_i)> <Delay = 3.63> <Core = "FIFO">   --->   Core 32 'FIFO' <Latency = 0> <II = 1> <Delay = 3.63> <Storage> <Opcode : 'read' 'write' 'nbread' 'nbwrite'> <Ports = 0> <Width = 11> <Depth = 2> <FIFO>
ST_4 : Operation 37 [1/1] (3.63ns)   --->   "%tmp_85 = call i8 @_ssdm_op_Read.ap_fifo.volatile.i8P(i8* %p_src_data_stream_1_V)" [C:/Xilinx/Vivado/2018.3/common/technology/autopilot/hls/hls_video_core.h:679->C:/Xilinx/Vivado/2018.3/common/technology/autopilot/hls/hls_video_core.h:711->C:/Xilinx/Vivado/2018.3/common/technology/autopilot/hls/hls_video_imgproc.h:1971]   --->   Operation 37 'read' 'tmp_85' <Predicate = (tmp_70_i)> <Delay = 3.63> <Core = "FIFO">   --->   Core 32 'FIFO' <Latency = 0> <II = 1> <Delay = 3.63> <Storage> <Opcode : 'read' 'write' 'nbread' 'nbwrite'> <Ports = 0> <Width = 11> <Depth = 2> <FIFO>
ST_4 : Operation 38 [1/1] (3.63ns)   --->   "%tmp_86 = call i8 @_ssdm_op_Read.ap_fifo.volatile.i8P(i8* %p_src_data_stream_2_V)" [C:/Xilinx/Vivado/2018.3/common/technology/autopilot/hls/hls_video_core.h:679->C:/Xilinx/Vivado/2018.3/common/technology/autopilot/hls/hls_video_core.h:711->C:/Xilinx/Vivado/2018.3/common/technology/autopilot/hls/hls_video_imgproc.h:1971]   --->   Operation 38 'read' 'tmp_86' <Predicate = (tmp_70_i)> <Delay = 3.63> <Core = "FIFO">   --->   Core 32 'FIFO' <Latency = 0> <II = 1> <Delay = 3.63> <Storage> <Opcode : 'read' 'write' 'nbread' 'nbwrite'> <Ports = 0> <Width = 11> <Depth = 2> <FIFO>
ST_4 : Operation 39 [1/1] (0.00ns)   --->   "%empty = call i32 (...)* @_ssdm_op_SpecRegionEnd([12 x i8]* @p_str12, i32 %tmp_37_i)" [C:/Xilinx/Vivado/2018.3/common/technology/autopilot/hls/hls_video_core.h:681->C:/Xilinx/Vivado/2018.3/common/technology/autopilot/hls/hls_video_core.h:711->C:/Xilinx/Vivado/2018.3/common/technology/autopilot/hls/hls_video_imgproc.h:1971]   --->   Operation 39 'specregionend' 'empty' <Predicate = (tmp_70_i)> <Delay = 0.00>

State 5 <SV = 4> <Delay = 6.38>
ST_5 : Operation 40 [1/1] (0.00ns)   --->   "%tmp_42_i_cast_i = zext i8 %tmp_86 to i29" [C:/Xilinx/Vivado/2018.3/common/technology/autopilot/hls/hls_video_imgproc.h:1497->C:/Xilinx/Vivado/2018.3/common/technology/autopilot/hls/hls_video_imgproc.h:1534->C:/Xilinx/Vivado/2018.3/common/technology/autopilot/hls/hls_video_imgproc.h:1972]   --->   Operation 40 'zext' 'tmp_42_i_cast_i' <Predicate = (tmp_70_i)> <Delay = 0.00>
ST_5 : Operation 41 [1/1] (6.38ns) (root node of the DSP)   --->   "%r_V_4_i_i = mul i29 1254096, %tmp_42_i_cast_i" [C:/Xilinx/Vivado/2018.3/common/technology/autopilot/hls/hls_video_imgproc.h:1497->C:/Xilinx/Vivado/2018.3/common/technology/autopilot/hls/hls_video_imgproc.h:1534->C:/Xilinx/Vivado/2018.3/common/technology/autopilot/hls/hls_video_imgproc.h:1972]   --->   Operation 41 'mul' 'r_V_4_i_i' <Predicate = (tmp_70_i)> <Delay = 6.38> <Core = "DSP48">   --->   Core 65 'DSP48' <Latency = 0> <II = 1> <Delay = 6.38> <IPBlock> <Opcode : 'mul' 'add' 'sub' 'select'> <InPorts = 0> <OutPorts = 1> <Sync> <CReg>

State 6 <SV = 5> <Delay = 9.40>
ST_6 : Operation 42 [1/1] (0.00ns)   --->   "%tmp_i_cast_i = zext i8 %tmp_84 to i28" [C:/Xilinx/Vivado/2018.3/common/technology/autopilot/hls/hls_video_imgproc.h:1493->C:/Xilinx/Vivado/2018.3/common/technology/autopilot/hls/hls_video_imgproc.h:1534->C:/Xilinx/Vivado/2018.3/common/technology/autopilot/hls/hls_video_imgproc.h:1972]   --->   Operation 42 'zext' 'tmp_i_cast_i' <Predicate = (tmp_70_i)> <Delay = 0.00>
ST_6 : Operation 43 [1/1] (3.36ns) (grouped into DSP with root node ret_V)   --->   "%r_V = mul i28 478150, %tmp_i_cast_i" [C:/Xilinx/Vivado/2018.3/common/technology/autopilot/hls/hls_video_imgproc.h:1493->C:/Xilinx/Vivado/2018.3/common/technology/autopilot/hls/hls_video_imgproc.h:1534->C:/Xilinx/Vivado/2018.3/common/technology/autopilot/hls/hls_video_imgproc.h:1972]   --->   Operation 43 'mul' 'r_V' <Predicate = (tmp_70_i)> <Delay = 3.36> <Core = "DSP48">   --->   Core 65 'DSP48' <Latency = 0> <II = 1> <Delay = 6.38> <IPBlock> <Opcode : 'mul' 'add' 'sub' 'select'> <InPorts = 0> <OutPorts = 1> <Sync> <CReg>
ST_6 : Operation 44 [1/1] (0.00ns)   --->   "%tmp_i_cast_i_101 = zext i8 %tmp_85 to i30" [C:/Xilinx/Vivado/2018.3/common/technology/autopilot/hls/hls_video_imgproc.h:1497->C:/Xilinx/Vivado/2018.3/common/technology/autopilot/hls/hls_video_imgproc.h:1534->C:/Xilinx/Vivado/2018.3/common/technology/autopilot/hls/hls_video_imgproc.h:1972]   --->   Operation 44 'zext' 'tmp_i_cast_i_101' <Predicate = (tmp_70_i)> <Delay = 0.00>
ST_6 : Operation 45 [1/1] (3.36ns) (grouped into DSP with root node ret_V_1)   --->   "%r_V_3_i_i = mul i30 2462056, %tmp_i_cast_i_101" [C:/Xilinx/Vivado/2018.3/common/technology/autopilot/hls/hls_video_imgproc.h:1497->C:/Xilinx/Vivado/2018.3/common/technology/autopilot/hls/hls_video_imgproc.h:1534->C:/Xilinx/Vivado/2018.3/common/technology/autopilot/hls/hls_video_imgproc.h:1972]   --->   Operation 45 'mul' 'r_V_3_i_i' <Predicate = (tmp_70_i)> <Delay = 3.36> <Core = "DSP48">   --->   Core 65 'DSP48' <Latency = 0> <II = 1> <Delay = 6.38> <IPBlock> <Opcode : 'mul' 'add' 'sub' 'select'> <InPorts = 0> <OutPorts = 1> <Sync> <CReg>
ST_6 : Operation 46 [1/1] (0.00ns) (grouped into DSP with root node ret_V)   --->   "%lhs_V_i_cast_i = zext i28 %r_V to i29" [C:/Xilinx/Vivado/2018.3/common/technology/autopilot/hls/hls_video_imgproc.h:1497->C:/Xilinx/Vivado/2018.3/common/technology/autopilot/hls/hls_video_imgproc.h:1534->C:/Xilinx/Vivado/2018.3/common/technology/autopilot/hls/hls_video_imgproc.h:1972]   --->   Operation 46 'zext' 'lhs_V_i_cast_i' <Predicate = (tmp_70_i)> <Delay = 0.00>
ST_6 : Operation 47 [1/1] (3.02ns) (root node of the DSP)   --->   "%ret_V = add i29 %lhs_V_i_cast_i, %r_V_4_i_i" [C:/Xilinx/Vivado/2018.3/common/technology/autopilot/hls/hls_video_imgproc.h:1497->C:/Xilinx/Vivado/2018.3/common/technology/autopilot/hls/hls_video_imgproc.h:1534->C:/Xilinx/Vivado/2018.3/common/technology/autopilot/hls/hls_video_imgproc.h:1972]   --->   Operation 47 'add' 'ret_V' <Predicate = (tmp_70_i)> <Delay = 3.02> <Core = "DSP48">   --->   Core 65 'DSP48' <Latency = 0> <II = 1> <Delay = 6.38> <IPBlock> <Opcode : 'mul' 'add' 'sub' 'select'> <InPorts = 0> <OutPorts = 1> <Sync> <CReg>
ST_6 : Operation 48 [1/1] (0.00ns)   --->   "%lhs_V_1_i_cast_i = zext i29 %ret_V to i30" [C:/Xilinx/Vivado/2018.3/common/technology/autopilot/hls/hls_video_imgproc.h:1497->C:/Xilinx/Vivado/2018.3/common/technology/autopilot/hls/hls_video_imgproc.h:1534->C:/Xilinx/Vivado/2018.3/common/technology/autopilot/hls/hls_video_imgproc.h:1972]   --->   Operation 48 'zext' 'lhs_V_1_i_cast_i' <Predicate = (tmp_70_i)> <Delay = 0.00>
ST_6 : Operation 49 [1/1] (3.02ns) (root node of the DSP)   --->   "%ret_V_1 = add i30 %lhs_V_1_i_cast_i, %r_V_3_i_i" [C:/Xilinx/Vivado/2018.3/common/technology/autopilot/hls/hls_video_imgproc.h:1497->C:/Xilinx/Vivado/2018.3/common/technology/autopilot/hls/hls_video_imgproc.h:1534->C:/Xilinx/Vivado/2018.3/common/technology/autopilot/hls/hls_video_imgproc.h:1972]   --->   Operation 49 'add' 'ret_V_1' <Predicate = (tmp_70_i)> <Delay = 3.02> <Core = "DSP48">   --->   Core 65 'DSP48' <Latency = 0> <II = 1> <Delay = 6.38> <IPBlock> <Opcode : 'mul' 'add' 'sub' 'select'> <InPorts = 0> <OutPorts = 1> <Sync> <CReg>
ST_6 : Operation 50 [1/1] (0.00ns)   --->   "%p_Val2_9 = call i8 @_ssdm_op_PartSelect.i8.i30.i32.i32(i30 %ret_V_1, i32 22, i32 29)" [C:/Xilinx/Vivado/2018.3/common/technology/autopilot/hls/hls_video_types.h:409->C:/Xilinx/Vivado/2018.3/common/technology/autopilot/hls/hls_video_types.h:500->C:/Xilinx/Vivado/2018.3/common/technology/autopilot/hls/hls_video_imgproc.h:1498->C:/Xilinx/Vivado/2018.3/common/technology/autopilot/hls/hls_video_imgproc.h:1534->C:/Xilinx/Vivado/2018.3/common/technology/autopilot/hls/hls_video_imgproc.h:1972]   --->   Operation 50 'partselect' 'p_Val2_9' <Predicate = (tmp_70_i)> <Delay = 0.00>
ST_6 : Operation 51 [1/1] (0.00ns)   --->   "%tmp = call i1 @_ssdm_op_BitSelect.i1.i30.i32(i30 %ret_V_1, i32 21)" [C:/Xilinx/Vivado/2018.3/common/technology/autopilot/hls/hls_video_types.h:409->C:/Xilinx/Vivado/2018.3/common/technology/autopilot/hls/hls_video_types.h:500->C:/Xilinx/Vivado/2018.3/common/technology/autopilot/hls/hls_video_imgproc.h:1498->C:/Xilinx/Vivado/2018.3/common/technology/autopilot/hls/hls_video_imgproc.h:1534->C:/Xilinx/Vivado/2018.3/common/technology/autopilot/hls/hls_video_imgproc.h:1972]   --->   Operation 51 'bitselect' 'tmp' <Predicate = (tmp_70_i)> <Delay = 0.00>

State 7 <SV = 6> <Delay = 6.79>
ST_7 : Operation 52 [1/1] (0.00ns)   --->   "call void (...)* @_ssdm_op_SpecLoopName([11 x i8]* @p_str8) nounwind" [C:/Xilinx/Vivado/2018.3/common/technology/autopilot/hls/hls_video_imgproc.h:1968]   --->   Operation 52 'specloopname' <Predicate = (tmp_70_i)> <Delay = 0.00>
ST_7 : Operation 53 [1/1] (0.00ns)   --->   "%tmp_36_i = call i32 (...)* @_ssdm_op_SpecRegionBegin([11 x i8]* @p_str8)" [C:/Xilinx/Vivado/2018.3/common/technology/autopilot/hls/hls_video_imgproc.h:1968]   --->   Operation 53 'specregionbegin' 'tmp_36_i' <Predicate = (tmp_70_i)> <Delay = 0.00>
ST_7 : Operation 54 [1/1] (0.00ns)   --->   "call void (...)* @_ssdm_op_SpecPipeline(i32 -1, i32 1, i32 1, i32 0, [1 x i8]* @p_str2) nounwind" [C:/Xilinx/Vivado/2018.3/common/technology/autopilot/hls/hls_video_imgproc.h:1970]   --->   Operation 54 'specpipeline' <Predicate = (tmp_70_i)> <Delay = 0.00>
ST_7 : Operation 55 [1/1] (0.00ns)   --->   "%tmp_3_i_i_i_cast_i = zext i1 %tmp to i8" [C:/Xilinx/Vivado/2018.3/common/technology/autopilot/hls/hls_video_types.h:409->C:/Xilinx/Vivado/2018.3/common/technology/autopilot/hls/hls_video_types.h:500->C:/Xilinx/Vivado/2018.3/common/technology/autopilot/hls/hls_video_imgproc.h:1498->C:/Xilinx/Vivado/2018.3/common/technology/autopilot/hls/hls_video_imgproc.h:1534->C:/Xilinx/Vivado/2018.3/common/technology/autopilot/hls/hls_video_imgproc.h:1972]   --->   Operation 55 'zext' 'tmp_3_i_i_i_cast_i' <Predicate = (tmp_70_i)> <Delay = 0.00>
ST_7 : Operation 56 [1/1] (1.91ns)   --->   "%p_Val2_10 = add i8 %tmp_3_i_i_i_cast_i, %p_Val2_9" [C:/Xilinx/Vivado/2018.3/common/technology/autopilot/hls/hls_video_types.h:409->C:/Xilinx/Vivado/2018.3/common/technology/autopilot/hls/hls_video_types.h:500->C:/Xilinx/Vivado/2018.3/common/technology/autopilot/hls/hls_video_imgproc.h:1498->C:/Xilinx/Vivado/2018.3/common/technology/autopilot/hls/hls_video_imgproc.h:1534->C:/Xilinx/Vivado/2018.3/common/technology/autopilot/hls/hls_video_imgproc.h:1972]   --->   Operation 56 'add' 'p_Val2_10' <Predicate = (tmp_70_i)> <Delay = 1.91> <Core = "AddSub">   --->   Core 14 'AddSub' <Latency = 0> <II = 1> <Delay = 1.73> <FuncUnit> <Opcode : 'add' 'sub'> <InPorts = 2> <OutPorts = 1>
ST_7 : Operation 57 [1/1] (0.00ns) (grouped into LUT with out node p_Val2_s)   --->   "%tmp_81 = call i1 @_ssdm_op_BitSelect.i1.i30.i32(i30 %ret_V_1, i32 29)" [C:/Xilinx/Vivado/2018.3/common/technology/autopilot/hls/hls_video_types.h:409->C:/Xilinx/Vivado/2018.3/common/technology/autopilot/hls/hls_video_types.h:500->C:/Xilinx/Vivado/2018.3/common/technology/autopilot/hls/hls_video_imgproc.h:1498->C:/Xilinx/Vivado/2018.3/common/technology/autopilot/hls/hls_video_imgproc.h:1534->C:/Xilinx/Vivado/2018.3/common/technology/autopilot/hls/hls_video_imgproc.h:1972]   --->   Operation 57 'bitselect' 'tmp_81' <Predicate = (tmp_70_i)> <Delay = 0.00>
ST_7 : Operation 58 [1/1] (0.00ns) (grouped into LUT with out node p_Val2_s)   --->   "%rev = xor i1 %tmp_81, true" [C:/Xilinx/Vivado/2018.3/common/technology/autopilot/hls/hls_video_types.h:409->C:/Xilinx/Vivado/2018.3/common/technology/autopilot/hls/hls_video_types.h:500->C:/Xilinx/Vivado/2018.3/common/technology/autopilot/hls/hls_video_imgproc.h:1498->C:/Xilinx/Vivado/2018.3/common/technology/autopilot/hls/hls_video_imgproc.h:1534->C:/Xilinx/Vivado/2018.3/common/technology/autopilot/hls/hls_video_imgproc.h:1972]   --->   Operation 58 'xor' 'rev' <Predicate = (tmp_70_i)> <Delay = 0.00> <Core = "LogicGate">   --->   Core 27 'LogicGate' <Latency = 0> <II = 1> <Delay = 0.97> <FuncUnit> <Opcode : 'and' 'or' 'xor'> <InPorts = 2> <OutPorts = 1>
ST_7 : Operation 59 [1/1] (0.00ns) (grouped into LUT with out node p_Val2_s)   --->   "%tmp_82 = call i1 @_ssdm_op_BitSelect.i1.i8.i32(i8 %p_Val2_10, i32 7)" [C:/Xilinx/Vivado/2018.3/common/technology/autopilot/hls/hls_video_types.h:409->C:/Xilinx/Vivado/2018.3/common/technology/autopilot/hls/hls_video_types.h:500->C:/Xilinx/Vivado/2018.3/common/technology/autopilot/hls/hls_video_imgproc.h:1498->C:/Xilinx/Vivado/2018.3/common/technology/autopilot/hls/hls_video_imgproc.h:1534->C:/Xilinx/Vivado/2018.3/common/technology/autopilot/hls/hls_video_imgproc.h:1972]   --->   Operation 59 'bitselect' 'tmp_82' <Predicate = (tmp_70_i)> <Delay = 0.00>
ST_7 : Operation 60 [1/1] (0.00ns) (grouped into LUT with out node p_Val2_s)   --->   "%deleted_zeros = or i1 %tmp_82, %rev" [C:/Xilinx/Vivado/2018.3/common/technology/autopilot/hls/hls_video_types.h:409->C:/Xilinx/Vivado/2018.3/common/technology/autopilot/hls/hls_video_types.h:500->C:/Xilinx/Vivado/2018.3/common/technology/autopilot/hls/hls_video_imgproc.h:1498->C:/Xilinx/Vivado/2018.3/common/technology/autopilot/hls/hls_video_imgproc.h:1534->C:/Xilinx/Vivado/2018.3/common/technology/autopilot/hls/hls_video_imgproc.h:1972]   --->   Operation 60 'or' 'deleted_zeros' <Predicate = (tmp_70_i)> <Delay = 0.00> <Core = "LogicGate">   --->   Core 27 'LogicGate' <Latency = 0> <II = 1> <Delay = 0.97> <FuncUnit> <Opcode : 'and' 'or' 'xor'> <InPorts = 2> <OutPorts = 1>
ST_7 : Operation 61 [1/1] (1.24ns) (out node of the LUT)   --->   "%p_Val2_s = select i1 %deleted_zeros, i8 %p_Val2_10, i8 -1" [C:/Xilinx/Vivado/2018.3/common/technology/autopilot/hls/hls_video_types.h:409->C:/Xilinx/Vivado/2018.3/common/technology/autopilot/hls/hls_video_types.h:500->C:/Xilinx/Vivado/2018.3/common/technology/autopilot/hls/hls_video_imgproc.h:1498->C:/Xilinx/Vivado/2018.3/common/technology/autopilot/hls/hls_video_imgproc.h:1534->C:/Xilinx/Vivado/2018.3/common/technology/autopilot/hls/hls_video_imgproc.h:1972]   --->   Operation 61 'select' 'p_Val2_s' <Predicate = (tmp_70_i)> <Delay = 1.24> <Core = "Sel">   --->   Core 26 'Sel' <Latency = 0> <II = 1> <Delay = 1.24> <FuncUnit> <Opcode : 'select'> <InPorts = 3> <OutPorts = 1>
ST_7 : Operation 62 [1/1] (0.00ns)   --->   "%tmp_38_i = call i32 (...)* @_ssdm_op_SpecRegionBegin([12 x i8]* @p_str21)" [C:/Xilinx/Vivado/2018.3/common/technology/autopilot/hls/hls_video_core.h:696->C:/Xilinx/Vivado/2018.3/common/technology/autopilot/hls/hls_video_core.h:717->C:/Xilinx/Vivado/2018.3/common/technology/autopilot/hls/hls_video_imgproc.h:1973]   --->   Operation 62 'specregionbegin' 'tmp_38_i' <Predicate = (tmp_70_i)> <Delay = 0.00>
ST_7 : Operation 63 [1/1] (0.00ns)   --->   "call void (...)* @_ssdm_op_SpecProtocol(i32 0, [1 x i8]* @p_str2) nounwind" [C:/Xilinx/Vivado/2018.3/common/technology/autopilot/hls/hls_video_core.h:700->C:/Xilinx/Vivado/2018.3/common/technology/autopilot/hls/hls_video_core.h:717->C:/Xilinx/Vivado/2018.3/common/technology/autopilot/hls/hls_video_imgproc.h:1973]   --->   Operation 63 'specprotocol' <Predicate = (tmp_70_i)> <Delay = 0.00>
ST_7 : Operation 64 [1/1] (3.63ns)   --->   "call void @_ssdm_op_Write.ap_fifo.volatile.i8P(i8* %p_dst_data_stream_V, i8 %p_Val2_s)" [C:/Xilinx/Vivado/2018.3/common/technology/autopilot/hls/hls_video_core.h:703->C:/Xilinx/Vivado/2018.3/common/technology/autopilot/hls/hls_video_core.h:717->C:/Xilinx/Vivado/2018.3/common/technology/autopilot/hls/hls_video_imgproc.h:1973]   --->   Operation 64 'write' <Predicate = (tmp_70_i)> <Delay = 3.63> <Core = "FIFO">   --->   Core 32 'FIFO' <Latency = 0> <II = 1> <Delay = 3.63> <Storage> <Opcode : 'read' 'write' 'nbread' 'nbwrite'> <Ports = 0> <Width = 11> <Depth = 2> <FIFO>
ST_7 : Operation 65 [1/1] (0.00ns)   --->   "%empty_102 = call i32 (...)* @_ssdm_op_SpecRegionEnd([12 x i8]* @p_str21, i32 %tmp_38_i)" [C:/Xilinx/Vivado/2018.3/common/technology/autopilot/hls/hls_video_core.h:705->C:/Xilinx/Vivado/2018.3/common/technology/autopilot/hls/hls_video_core.h:717->C:/Xilinx/Vivado/2018.3/common/technology/autopilot/hls/hls_video_imgproc.h:1973]   --->   Operation 65 'specregionend' 'empty_102' <Predicate = (tmp_70_i)> <Delay = 0.00>
ST_7 : Operation 66 [1/1] (0.00ns)   --->   "%empty_103 = call i32 (...)* @_ssdm_op_SpecRegionEnd([11 x i8]* @p_str8, i32 %tmp_36_i)" [C:/Xilinx/Vivado/2018.3/common/technology/autopilot/hls/hls_video_imgproc.h:1974]   --->   Operation 66 'specregionend' 'empty_103' <Predicate = (tmp_70_i)> <Delay = 0.00>
ST_7 : Operation 67 [1/1] (0.00ns)   --->   "br label %2" [C:/Xilinx/Vivado/2018.3/common/technology/autopilot/hls/hls_video_imgproc.h:1968]   --->   Operation 67 'br' <Predicate = (tmp_70_i)> <Delay = 0.00>

State 8 <SV = 3> <Delay = 0.00>
ST_8 : Operation 68 [1/1] (0.00ns)   --->   "%empty_104 = call i32 (...)* @_ssdm_op_SpecRegionEnd([12 x i8]* @p_str7, i32 %tmp_i_100)" [C:/Xilinx/Vivado/2018.3/common/technology/autopilot/hls/hls_video_imgproc.h:1975]   --->   Operation 68 'specregionend' 'empty_104' <Predicate = true> <Delay = 0.00>
ST_8 : Operation 69 [1/1] (0.00ns)   --->   "br label %0" [C:/Xilinx/Vivado/2018.3/common/technology/autopilot/hls/hls_video_imgproc.h:1967]   --->   Operation 69 'br' <Predicate = true> <Delay = 0.00>


============================================================
+ Verbose Summary: Timing violations
============================================================
Target clock period: 10ns, clock uncertainty: 1.25ns.

 <State 1>: 3.63ns
The critical path consists of the following:
	fifo read on port 'p_src_cols_V' [13]  (3.63 ns)

 <State 2>: 2.86ns
The critical path consists of the following:
	'icmp' operation ('tmp_i', C:/Xilinx/Vivado/2018.3/common/technology/autopilot/hls/hls_video_imgproc.h:1967) [19]  (1.88 ns)
	blocking operation 0.978 ns on control path)

 <State 3>: 1.99ns
The critical path consists of the following:
	'phi' operation ('j') with incoming values : ('j', C:/Xilinx/Vivado/2018.3/common/technology/autopilot/hls/hls_video_imgproc.h:1968) [28]  (0 ns)
	'icmp' operation ('tmp_70_i', C:/Xilinx/Vivado/2018.3/common/technology/autopilot/hls/hls_video_imgproc.h:1968) [30]  (1.99 ns)

 <State 4>: 3.63ns
The critical path consists of the following:
	fifo read on port 'p_src_data_stream_0_V' (C:/Xilinx/Vivado/2018.3/common/technology/autopilot/hls/hls_video_core.h:679->C:/Xilinx/Vivado/2018.3/common/technology/autopilot/hls/hls_video_core.h:711->C:/Xilinx/Vivado/2018.3/common/technology/autopilot/hls/hls_video_imgproc.h:1971) [40]  (3.63 ns)

 <State 5>: 6.38ns
The critical path consists of the following:
	'mul' operation of DSP[49] ('r_V_4_i_i', C:/Xilinx/Vivado/2018.3/common/technology/autopilot/hls/hls_video_imgproc.h:1497->C:/Xilinx/Vivado/2018.3/common/technology/autopilot/hls/hls_video_imgproc.h:1534->C:/Xilinx/Vivado/2018.3/common/technology/autopilot/hls/hls_video_imgproc.h:1972) [49]  (6.38 ns)

 <State 6>: 9.4ns
The critical path consists of the following:
	'mul' operation of DSP[51] ('r.V', C:/Xilinx/Vivado/2018.3/common/technology/autopilot/hls/hls_video_imgproc.h:1493->C:/Xilinx/Vivado/2018.3/common/technology/autopilot/hls/hls_video_imgproc.h:1534->C:/Xilinx/Vivado/2018.3/common/technology/autopilot/hls/hls_video_imgproc.h:1972) [45]  (3.36 ns)
	'add' operation of DSP[51] ('ret.V', C:/Xilinx/Vivado/2018.3/common/technology/autopilot/hls/hls_video_imgproc.h:1497->C:/Xilinx/Vivado/2018.3/common/technology/autopilot/hls/hls_video_imgproc.h:1534->C:/Xilinx/Vivado/2018.3/common/technology/autopilot/hls/hls_video_imgproc.h:1972) [51]  (3.02 ns)
	'add' operation of DSP[53] ('ret.V', C:/Xilinx/Vivado/2018.3/common/technology/autopilot/hls/hls_video_imgproc.h:1497->C:/Xilinx/Vivado/2018.3/common/technology/autopilot/hls/hls_video_imgproc.h:1534->C:/Xilinx/Vivado/2018.3/common/technology/autopilot/hls/hls_video_imgproc.h:1972) [53]  (3.02 ns)

 <State 7>: 6.8ns
The critical path consists of the following:
	'add' operation ('__Val2__', C:/Xilinx/Vivado/2018.3/common/technology/autopilot/hls/hls_video_types.h:409->C:/Xilinx/Vivado/2018.3/common/technology/autopilot/hls/hls_video_types.h:500->C:/Xilinx/Vivado/2018.3/common/technology/autopilot/hls/hls_video_imgproc.h:1498->C:/Xilinx/Vivado/2018.3/common/technology/autopilot/hls/hls_video_imgproc.h:1534->C:/Xilinx/Vivado/2018.3/common/technology/autopilot/hls/hls_video_imgproc.h:1972) [57]  (1.92 ns)
	'select' operation ('__Val2__', C:/Xilinx/Vivado/2018.3/common/technology/autopilot/hls/hls_video_types.h:409->C:/Xilinx/Vivado/2018.3/common/technology/autopilot/hls/hls_video_types.h:500->C:/Xilinx/Vivado/2018.3/common/technology/autopilot/hls/hls_video_imgproc.h:1498->C:/Xilinx/Vivado/2018.3/common/technology/autopilot/hls/hls_video_imgproc.h:1534->C:/Xilinx/Vivado/2018.3/common/technology/autopilot/hls/hls_video_imgproc.h:1972) [62]  (1.25 ns)
	fifo write on port 'p_dst_data_stream_V' (C:/Xilinx/Vivado/2018.3/common/technology/autopilot/hls/hls_video_core.h:703->C:/Xilinx/Vivado/2018.3/common/technology/autopilot/hls/hls_video_core.h:717->C:/Xilinx/Vivado/2018.3/common/technology/autopilot/hls/hls_video_imgproc.h:1973) [65]  (3.63 ns)

 <State 8>: 0ns
The critical path consists of the following:


============================================================
+ Verbose Summary: Binding
============================================================
N/A
* FSMD analyzer results:
  - Output states:
 - Input state : 
  - Chain level:
	State 1
	State 2
	State 3
	State 4
	State 5
	State 6
	State 7
	State 8


============================================================
+ Verbose Summary: Datapath Resource usage 
============================================================
N/A
