

================================================================
== Vivado HLS Report for 'Duplicate'
================================================================
* Date:           Wed Jun 26 10:05:50 2019

* Version:        2018.3 (Build 2405991 on Thu Dec 06 23:56:15 MST 2018)
* Project:        sobel_hls
* Solution:       solution4
* Product family: zynq
* Target device:  xc7z020clg400-1


================================================================
== Performance Estimates
================================================================
+ Timing (ns): 
    * Summary: 
    +--------+-------+----------+------------+
    |  Clock | Target| Estimated| Uncertainty|
    +--------+-------+----------+------------+
    |ap_clk  |  10.00|     7.268|        1.25|
    +--------+-------+----------+------------+

+ Latency (clock cycles): 
    * Summary: 
    +--------+--------+--------+--------+---------+
    |     Latency     |     Interval    | Pipeline|
    |   min  |   max  |   min  |   max  |   Type  |
    +--------+--------+--------+--------+---------+
    |  923761|  923761|  923761|  923761|   none  |
    +--------+--------+--------+--------+---------+

    + Detail: 
        * Instance: 
        N/A

        * Loop: 
        +---------------+--------+--------+----------+-----------+-----------+------+----------+
        |               |     Latency     | Iteration|  Initiation Interval  | Trip |          |
        |   Loop Name   |   min  |   max  |  Latency |  achieved |   target  | Count| Pipelined|
        +---------------+--------+--------+----------+-----------+-----------+------+----------+
        |- loop_height  |  923760|  923760|      1283|          -|          -|   720|    no    |
        | + loop_width  |    1280|    1280|         2|          1|          1|  1280|    yes   |
        +---------------+--------+--------+----------+-----------+-----------+------+----------+

============================================================
+ Verbose Summary: Synthesis Manager
============================================================
InlineROM: 1
ExposeGlobal: 0
============================================================
+ Verbose Summary: CDFG Model
============================================================
IsTopModel: 0
ResetActiveHigh: 1
IsCombinational: 2
IsDatapathOnly: 0
HasWiredReturn: 1
HasMFsm: 0
HasVarLatency: 1
IsPipeline: 0
IsRtlPipelined: 0
IsInstanceOverlapped: 0
IsDontTouch: 0
HasImplIP: 0
IsGatedGlobalClock: 0

+ Individual pipeline summary: 
  * Pipeline-0: initiation interval (II) = 1, depth = 2


============================================================
+ Verbose Summary: Schedule
============================================================
* Number of FSM states : 5
* Pipeline : 1
  Pipeline-0 : II = 1, D = 2, States = { 3 4 }
* Dataflow Pipeline: 0

* FSM state transitions: 
1 --> 
	2  / true
2 --> 
	3  / (!exitcond3)
3 --> 
	5  / (exitcond)
	4  / (!exitcond)
4 --> 
	3  / true
5 --> 
	2  / true

* FSM state operations: 

State 1 <SV = 0> <Delay = 1.76>
ST_1 : Operation 6 [1/1] (0.00ns)   --->   "call void (...)* @_ssdm_op_SpecInterface(i8* %dst2_data_stream_V, [8 x i8]* @ap_fifo_str, i32 0, i32 0, [1 x i8]* @p_str340, i32 0, i32 0, [1 x i8]* @p_str341, [1 x i8]* @p_str342, [1 x i8]* @p_str343, i32 2, i32 2, i32 16, i32 16, [1 x i8]* @p_str344, [1 x i8]* @p_str345)"   --->   Operation 6 'specinterface' <Predicate = true> <Delay = 0.00>
ST_1 : Operation 7 [1/1] (0.00ns)   --->   "call void (...)* @_ssdm_op_SpecInterface(i8* %dst1_data_stream_V, [8 x i8]* @ap_fifo_str, i32 0, i32 0, [1 x i8]* @p_str333, i32 0, i32 0, [1 x i8]* @p_str334, [1 x i8]* @p_str335, [1 x i8]* @p_str336, i32 2, i32 2, i32 16, i32 16, [1 x i8]* @p_str337, [1 x i8]* @p_str338)"   --->   Operation 7 'specinterface' <Predicate = true> <Delay = 0.00>
ST_1 : Operation 8 [1/1] (0.00ns)   --->   "call void (...)* @_ssdm_op_SpecInterface(i8* %src_data_stream_V, [8 x i8]* @ap_fifo_str, i32 0, i32 0, [1 x i8]* @p_str326, i32 0, i32 0, [1 x i8]* @p_str327, [1 x i8]* @p_str328, [1 x i8]* @p_str329, i32 2, i32 2, i32 16, i32 16, [1 x i8]* @p_str330, [1 x i8]* @p_str331)"   --->   Operation 8 'specinterface' <Predicate = true> <Delay = 0.00>
ST_1 : Operation 9 [1/1] (1.76ns)   --->   "br label %0" [C:/Xilinx/Vivado/2018.3/common/technology/autopilot/hls/hls_video_arithm.h:1557]   --->   Operation 9 'br' <Predicate = true> <Delay = 1.76>

State 2 <SV = 1> <Delay = 2.74>
ST_2 : Operation 10 [1/1] (0.00ns)   --->   "%t_V = phi i10 [ 0, %._crit_edge ], [ %i_V, %4 ]"   --->   Operation 10 'phi' 't_V' <Predicate = true> <Delay = 0.00>
ST_2 : Operation 11 [1/1] (1.77ns)   --->   "%exitcond3 = icmp eq i10 %t_V, -304" [C:/Xilinx/Vivado/2018.3/common/technology/autopilot/hls/hls_video_arithm.h:1557]   --->   Operation 11 'icmp' 'exitcond3' <Predicate = true> <Delay = 1.77> <Core = "Cmp">   --->   Core 25 'Cmp' <Latency = 0> <II = 1> <Delay = 1.88> <FuncUnit> <Opcode : 'icmp'> <InPorts = 2> <OutPorts = 1>
ST_2 : Operation 12 [1/1] (0.00ns)   --->   "call void (...)* @_ssdm_op_SpecLoopTripCount(i64 720, i64 720, i64 720)"   --->   Operation 12 'speclooptripcount' <Predicate = true> <Delay = 0.00>
ST_2 : Operation 13 [1/1] (1.73ns)   --->   "%i_V = add i10 %t_V, 1" [C:/Xilinx/Vivado/2018.3/common/technology/autopilot/hls/hls_video_arithm.h:1557]   --->   Operation 13 'add' 'i_V' <Predicate = true> <Delay = 1.73> <Core = "AddSub">   --->   Core 14 'AddSub' <Latency = 0> <II = 1> <Delay = 1.63> <FuncUnit> <Opcode : 'add' 'sub'> <InPorts = 2> <OutPorts = 1>
ST_2 : Operation 14 [1/1] (0.00ns)   --->   "br i1 %exitcond3, label %5, label %1" [C:/Xilinx/Vivado/2018.3/common/technology/autopilot/hls/hls_video_arithm.h:1557]   --->   Operation 14 'br' <Predicate = true> <Delay = 0.00>
ST_2 : Operation 15 [1/1] (0.00ns)   --->   "call void (...)* @_ssdm_op_SpecLoopName([12 x i8]* @p_str7) nounwind" [C:/Xilinx/Vivado/2018.3/common/technology/autopilot/hls/hls_video_arithm.h:1557]   --->   Operation 15 'specloopname' <Predicate = (!exitcond3)> <Delay = 0.00>
ST_2 : Operation 16 [1/1] (0.00ns)   --->   "%tmp = call i32 (...)* @_ssdm_op_SpecRegionBegin([12 x i8]* @p_str7)" [C:/Xilinx/Vivado/2018.3/common/technology/autopilot/hls/hls_video_arithm.h:1557]   --->   Operation 16 'specregionbegin' 'tmp' <Predicate = (!exitcond3)> <Delay = 0.00>
ST_2 : Operation 17 [1/1] (1.76ns)   --->   "br label %2" [C:/Xilinx/Vivado/2018.3/common/technology/autopilot/hls/hls_video_arithm.h:1558]   --->   Operation 17 'br' <Predicate = (!exitcond3)> <Delay = 1.76>
ST_2 : Operation 18 [1/1] (0.00ns)   --->   "ret void" [C:/Xilinx/Vivado/2018.3/common/technology/autopilot/hls/hls_video_arithm.h:1566]   --->   Operation 18 'ret' <Predicate = (exitcond3)> <Delay = 0.00>

State 3 <SV = 2> <Delay = 1.88>
ST_3 : Operation 19 [1/1] (0.00ns)   --->   "%t_V_3 = phi i11 [ 0, %1 ], [ %j_V, %3 ]"   --->   Operation 19 'phi' 't_V_3' <Predicate = true> <Delay = 0.00>
ST_3 : Operation 20 [1/1] (1.88ns)   --->   "%exitcond = icmp eq i11 %t_V_3, -768" [C:/Xilinx/Vivado/2018.3/common/technology/autopilot/hls/hls_video_arithm.h:1558]   --->   Operation 20 'icmp' 'exitcond' <Predicate = true> <Delay = 1.88> <Core = "Cmp">   --->   Core 25 'Cmp' <Latency = 0> <II = 1> <Delay = 1.88> <FuncUnit> <Opcode : 'icmp'> <InPorts = 2> <OutPorts = 1>
ST_3 : Operation 21 [1/1] (0.00ns)   --->   "call void (...)* @_ssdm_op_SpecLoopTripCount(i64 1280, i64 1280, i64 1280)"   --->   Operation 21 'speclooptripcount' <Predicate = true> <Delay = 0.00>
ST_3 : Operation 22 [1/1] (1.63ns)   --->   "%j_V = add i11 %t_V_3, 1" [C:/Xilinx/Vivado/2018.3/common/technology/autopilot/hls/hls_video_arithm.h:1558]   --->   Operation 22 'add' 'j_V' <Predicate = true> <Delay = 1.63> <Core = "AddSub">   --->   Core 14 'AddSub' <Latency = 0> <II = 1> <Delay = 1.63> <FuncUnit> <Opcode : 'add' 'sub'> <InPorts = 2> <OutPorts = 1>
ST_3 : Operation 23 [1/1] (0.00ns)   --->   "br i1 %exitcond, label %4, label %3" [C:/Xilinx/Vivado/2018.3/common/technology/autopilot/hls/hls_video_arithm.h:1558]   --->   Operation 23 'br' <Predicate = true> <Delay = 0.00>

State 4 <SV = 3> <Delay = 7.26>
ST_4 : Operation 24 [1/1] (0.00ns)   --->   "call void (...)* @_ssdm_op_SpecLoopName([11 x i8]* @p_str8) nounwind" [C:/Xilinx/Vivado/2018.3/common/technology/autopilot/hls/hls_video_arithm.h:1558]   --->   Operation 24 'specloopname' <Predicate = (!exitcond)> <Delay = 0.00>
ST_4 : Operation 25 [1/1] (0.00ns)   --->   "%tmp_27 = call i32 (...)* @_ssdm_op_SpecRegionBegin([11 x i8]* @p_str8)" [C:/Xilinx/Vivado/2018.3/common/technology/autopilot/hls/hls_video_arithm.h:1558]   --->   Operation 25 'specregionbegin' 'tmp_27' <Predicate = (!exitcond)> <Delay = 0.00>
ST_4 : Operation 26 [1/1] (0.00ns)   --->   "call void (...)* @_ssdm_op_SpecPipeline(i32 1, i32 1, i32 1, i32 0, [1 x i8]* @p_str2) nounwind" [C:/Xilinx/Vivado/2018.3/common/technology/autopilot/hls/hls_video_arithm.h:1560]   --->   Operation 26 'specpipeline' <Predicate = (!exitcond)> <Delay = 0.00>
ST_4 : Operation 27 [1/1] (0.00ns)   --->   "%tmp_28 = call i32 (...)* @_ssdm_op_SpecRegionBegin([12 x i8]* @p_str18)" [C:/Xilinx/Vivado/2018.3/common/technology/autopilot/hls/hls_video_core.h:672->C:/Xilinx/Vivado/2018.3/common/technology/autopilot/hls/hls_video_core.h:711->C:/Xilinx/Vivado/2018.3/common/technology/autopilot/hls/hls_video_arithm.h:1561]   --->   Operation 27 'specregionbegin' 'tmp_28' <Predicate = (!exitcond)> <Delay = 0.00>
ST_4 : Operation 28 [1/1] (0.00ns)   --->   "call void (...)* @_ssdm_op_SpecProtocol(i32 0, [1 x i8]* @p_str2) nounwind" [C:/Xilinx/Vivado/2018.3/common/technology/autopilot/hls/hls_video_core.h:676->C:/Xilinx/Vivado/2018.3/common/technology/autopilot/hls/hls_video_core.h:711->C:/Xilinx/Vivado/2018.3/common/technology/autopilot/hls/hls_video_arithm.h:1561]   --->   Operation 28 'specprotocol' <Predicate = (!exitcond)> <Delay = 0.00>
ST_4 : Operation 29 [1/1] (3.63ns)   --->   "%tmp_80 = call i8 @_ssdm_op_Read.ap_fifo.volatile.i8P(i8* %src_data_stream_V)" [C:/Xilinx/Vivado/2018.3/common/technology/autopilot/hls/hls_video_core.h:679->C:/Xilinx/Vivado/2018.3/common/technology/autopilot/hls/hls_video_core.h:711->C:/Xilinx/Vivado/2018.3/common/technology/autopilot/hls/hls_video_arithm.h:1561]   --->   Operation 29 'read' 'tmp_80' <Predicate = (!exitcond)> <Delay = 3.63> <Core = "FIFO">   --->   Core 32 'FIFO' <Latency = 0> <II = 1> <Delay = 3.63> <Storage> <Opcode : 'read' 'write' 'nbread' 'nbwrite'> <Ports = 0> <Width = 8> <Depth = 2> <FIFO>
ST_4 : Operation 30 [1/1] (0.00ns)   --->   "%empty = call i32 (...)* @_ssdm_op_SpecRegionEnd([12 x i8]* @p_str18, i32 %tmp_28)" [C:/Xilinx/Vivado/2018.3/common/technology/autopilot/hls/hls_video_core.h:681->C:/Xilinx/Vivado/2018.3/common/technology/autopilot/hls/hls_video_core.h:711->C:/Xilinx/Vivado/2018.3/common/technology/autopilot/hls/hls_video_arithm.h:1561]   --->   Operation 30 'specregionend' 'empty' <Predicate = (!exitcond)> <Delay = 0.00>
ST_4 : Operation 31 [1/1] (0.00ns)   --->   "%tmp_29 = call i32 (...)* @_ssdm_op_SpecRegionBegin([12 x i8]* @p_str21)" [C:/Xilinx/Vivado/2018.3/common/technology/autopilot/hls/hls_video_core.h:696->C:/Xilinx/Vivado/2018.3/common/technology/autopilot/hls/hls_video_core.h:717->C:/Xilinx/Vivado/2018.3/common/technology/autopilot/hls/hls_video_arithm.h:1562]   --->   Operation 31 'specregionbegin' 'tmp_29' <Predicate = (!exitcond)> <Delay = 0.00>
ST_4 : Operation 32 [1/1] (0.00ns)   --->   "call void (...)* @_ssdm_op_SpecProtocol(i32 0, [1 x i8]* @p_str2) nounwind" [C:/Xilinx/Vivado/2018.3/common/technology/autopilot/hls/hls_video_core.h:700->C:/Xilinx/Vivado/2018.3/common/technology/autopilot/hls/hls_video_core.h:717->C:/Xilinx/Vivado/2018.3/common/technology/autopilot/hls/hls_video_arithm.h:1562]   --->   Operation 32 'specprotocol' <Predicate = (!exitcond)> <Delay = 0.00>
ST_4 : Operation 33 [1/1] (3.63ns)   --->   "call void @_ssdm_op_Write.ap_fifo.volatile.i8P(i8* %dst1_data_stream_V, i8 %tmp_80)" [C:/Xilinx/Vivado/2018.3/common/technology/autopilot/hls/hls_video_core.h:703->C:/Xilinx/Vivado/2018.3/common/technology/autopilot/hls/hls_video_core.h:717->C:/Xilinx/Vivado/2018.3/common/technology/autopilot/hls/hls_video_arithm.h:1562]   --->   Operation 33 'write' <Predicate = (!exitcond)> <Delay = 3.63> <Core = "FIFO">   --->   Core 32 'FIFO' <Latency = 0> <II = 1> <Delay = 3.63> <Storage> <Opcode : 'read' 'write' 'nbread' 'nbwrite'> <Ports = 0> <Width = 8> <Depth = 2> <FIFO>
ST_4 : Operation 34 [1/1] (0.00ns)   --->   "%empty_96 = call i32 (...)* @_ssdm_op_SpecRegionEnd([12 x i8]* @p_str21, i32 %tmp_29)" [C:/Xilinx/Vivado/2018.3/common/technology/autopilot/hls/hls_video_core.h:705->C:/Xilinx/Vivado/2018.3/common/technology/autopilot/hls/hls_video_core.h:717->C:/Xilinx/Vivado/2018.3/common/technology/autopilot/hls/hls_video_arithm.h:1562]   --->   Operation 34 'specregionend' 'empty_96' <Predicate = (!exitcond)> <Delay = 0.00>
ST_4 : Operation 35 [1/1] (0.00ns)   --->   "%tmp_31 = call i32 (...)* @_ssdm_op_SpecRegionBegin([12 x i8]* @p_str21)" [C:/Xilinx/Vivado/2018.3/common/technology/autopilot/hls/hls_video_core.h:696->C:/Xilinx/Vivado/2018.3/common/technology/autopilot/hls/hls_video_core.h:717->C:/Xilinx/Vivado/2018.3/common/technology/autopilot/hls/hls_video_arithm.h:1563]   --->   Operation 35 'specregionbegin' 'tmp_31' <Predicate = (!exitcond)> <Delay = 0.00>
ST_4 : Operation 36 [1/1] (0.00ns)   --->   "call void (...)* @_ssdm_op_SpecProtocol(i32 0, [1 x i8]* @p_str2) nounwind" [C:/Xilinx/Vivado/2018.3/common/technology/autopilot/hls/hls_video_core.h:700->C:/Xilinx/Vivado/2018.3/common/technology/autopilot/hls/hls_video_core.h:717->C:/Xilinx/Vivado/2018.3/common/technology/autopilot/hls/hls_video_arithm.h:1563]   --->   Operation 36 'specprotocol' <Predicate = (!exitcond)> <Delay = 0.00>
ST_4 : Operation 37 [1/1] (3.63ns)   --->   "call void @_ssdm_op_Write.ap_fifo.volatile.i8P(i8* %dst2_data_stream_V, i8 %tmp_80)" [C:/Xilinx/Vivado/2018.3/common/technology/autopilot/hls/hls_video_core.h:703->C:/Xilinx/Vivado/2018.3/common/technology/autopilot/hls/hls_video_core.h:717->C:/Xilinx/Vivado/2018.3/common/technology/autopilot/hls/hls_video_arithm.h:1563]   --->   Operation 37 'write' <Predicate = (!exitcond)> <Delay = 3.63> <Core = "FIFO">   --->   Core 32 'FIFO' <Latency = 0> <II = 1> <Delay = 3.63> <Storage> <Opcode : 'read' 'write' 'nbread' 'nbwrite'> <Ports = 0> <Width = 8> <Depth = 2> <FIFO>
ST_4 : Operation 38 [1/1] (0.00ns)   --->   "%empty_97 = call i32 (...)* @_ssdm_op_SpecRegionEnd([12 x i8]* @p_str21, i32 %tmp_31)" [C:/Xilinx/Vivado/2018.3/common/technology/autopilot/hls/hls_video_core.h:705->C:/Xilinx/Vivado/2018.3/common/technology/autopilot/hls/hls_video_core.h:717->C:/Xilinx/Vivado/2018.3/common/technology/autopilot/hls/hls_video_arithm.h:1563]   --->   Operation 38 'specregionend' 'empty_97' <Predicate = (!exitcond)> <Delay = 0.00>
ST_4 : Operation 39 [1/1] (0.00ns)   --->   "%empty_98 = call i32 (...)* @_ssdm_op_SpecRegionEnd([11 x i8]* @p_str8, i32 %tmp_27)" [C:/Xilinx/Vivado/2018.3/common/technology/autopilot/hls/hls_video_arithm.h:1564]   --->   Operation 39 'specregionend' 'empty_98' <Predicate = (!exitcond)> <Delay = 0.00>
ST_4 : Operation 40 [1/1] (0.00ns)   --->   "br label %2" [C:/Xilinx/Vivado/2018.3/common/technology/autopilot/hls/hls_video_arithm.h:1558]   --->   Operation 40 'br' <Predicate = (!exitcond)> <Delay = 0.00>

State 5 <SV = 3> <Delay = 0.00>
ST_5 : Operation 41 [1/1] (0.00ns)   --->   "%empty_99 = call i32 (...)* @_ssdm_op_SpecRegionEnd([12 x i8]* @p_str7, i32 %tmp)" [C:/Xilinx/Vivado/2018.3/common/technology/autopilot/hls/hls_video_arithm.h:1565]   --->   Operation 41 'specregionend' 'empty_99' <Predicate = true> <Delay = 0.00>
ST_5 : Operation 42 [1/1] (0.00ns)   --->   "br label %0" [C:/Xilinx/Vivado/2018.3/common/technology/autopilot/hls/hls_video_arithm.h:1557]   --->   Operation 42 'br' <Predicate = true> <Delay = 0.00>


============================================================
+ Verbose Summary: Binding
============================================================
STG Binding: 
---------------- STG Properties BEGIN ----------------
- Is combinational: 0
- Is one-state seq: 0
- Is datapath-only: 0
- Is pipelined: 0
- Is top level: 0
Port [ Return ] is wired: 1; IO mode=ap_ctrl_hs:ce=0
Port [ src_data_stream_V]:  wired=1; compound=1; hidden=0; nouse=0; global=0; static=0; extern=0; dir=0; type=3; pingpong=0; private_global=0; IO mode=ap_fifo:ce=0
Port [ dst1_data_stream_V]:  wired=1; compound=1; hidden=0; nouse=0; global=0; static=0; extern=0; dir=1; type=3; pingpong=0; private_global=0; IO mode=ap_fifo:ce=0
Port [ dst2_data_stream_V]:  wired=1; compound=1; hidden=0; nouse=0; global=0; static=0; extern=0; dir=1; type=3; pingpong=0; private_global=0; IO mode=ap_fifo:ce=0
---------------- STG Properties END ------------------

---------------- Datapath Model BEGIN ----------------

<LifeTime>
<method=bitvector/>
StgValue_6  (specinterface    ) [ 000000]
StgValue_7  (specinterface    ) [ 000000]
StgValue_8  (specinterface    ) [ 000000]
StgValue_9  (br               ) [ 011111]
t_V         (phi              ) [ 001000]
exitcond3   (icmp             ) [ 001111]
StgValue_12 (speclooptripcount) [ 000000]
i_V         (add              ) [ 011111]
StgValue_14 (br               ) [ 000000]
StgValue_15 (specloopname     ) [ 000000]
tmp         (specregionbegin  ) [ 000111]
StgValue_17 (br               ) [ 001111]
StgValue_18 (ret              ) [ 000000]
t_V_3       (phi              ) [ 000100]
exitcond    (icmp             ) [ 001111]
StgValue_21 (speclooptripcount) [ 000000]
j_V         (add              ) [ 001111]
StgValue_23 (br               ) [ 000000]
StgValue_24 (specloopname     ) [ 000000]
tmp_27      (specregionbegin  ) [ 000000]
StgValue_26 (specpipeline     ) [ 000000]
tmp_28      (specregionbegin  ) [ 000000]
StgValue_28 (specprotocol     ) [ 000000]
tmp_80      (read             ) [ 000000]
empty       (specregionend    ) [ 000000]
tmp_29      (specregionbegin  ) [ 000000]
StgValue_32 (specprotocol     ) [ 000000]
StgValue_33 (write            ) [ 000000]
empty_96    (specregionend    ) [ 000000]
tmp_31      (specregionbegin  ) [ 000000]
StgValue_36 (specprotocol     ) [ 000000]
StgValue_37 (write            ) [ 000000]
empty_97    (specregionend    ) [ 000000]
empty_98    (specregionend    ) [ 000000]
StgValue_40 (br               ) [ 001111]
empty_99    (specregionend    ) [ 000000]
StgValue_42 (br               ) [ 011111]
</LifeTime>

<model>

<comp_list>
<comp id="0" class="1000" name="src_data_stream_V">
<pin_list>
<pin id="1" dir="1" index="0" bw="1" slack="0"/>
</pin_list>
<bind>
<StgValue><ssdm name="src_data_stream_V"/></StgValue>
</bind>
</comp>

<comp id="2" class="1000" name="dst1_data_stream_V">
<pin_list>
<pin id="3" dir="1" index="0" bw="1" slack="0"/>
</pin_list>
<bind>
<StgValue><ssdm name="dst1_data_stream_V"/></StgValue>
</bind>
</comp>

<comp id="4" class="1000" name="dst2_data_stream_V">
<pin_list>
<pin id="5" dir="1" index="0" bw="1" slack="0"/>
</pin_list>
<bind>
<StgValue><ssdm name="dst2_data_stream_V"/></StgValue>
</bind>
</comp>

<comp id="6" class="1001" name="const_6">
<pin_list>
<pin id="7" dir="1" index="0" bw="1" slack="2147483647"/>
</pin_list>
<bind>
<StgValue><ssdm name="_ssdm_op_SpecInterface"/></StgValue>
</bind>
</comp>

<comp id="8" class="1001" name="const_8">
<pin_list>
<pin id="9" dir="1" index="0" bw="1" slack="2147483647"/>
</pin_list>
<bind>
<StgValue><ssdm name="ap_fifo_str"/></StgValue>
</bind>
</comp>

<comp id="10" class="1001" name="const_10">
<pin_list>
<pin id="11" dir="1" index="0" bw="1" slack="2147483647"/>
</pin_list>
<bind>
<StgValue><ssdm name=""/></StgValue>
</bind>
</comp>

<comp id="12" class="1001" name="const_12">
<pin_list>
<pin id="13" dir="1" index="0" bw="1" slack="2147483647"/>
</pin_list>
<bind>
<StgValue><ssdm name="p_str340"/></StgValue>
</bind>
</comp>

<comp id="14" class="1001" name="const_14">
<pin_list>
<pin id="15" dir="1" index="0" bw="1" slack="2147483647"/>
</pin_list>
<bind>
<StgValue><ssdm name="p_str341"/></StgValue>
</bind>
</comp>

<comp id="16" class="1001" name="const_16">
<pin_list>
<pin id="17" dir="1" index="0" bw="1" slack="2147483647"/>
</pin_list>
<bind>
<StgValue><ssdm name="p_str342"/></StgValue>
</bind>
</comp>

<comp id="18" class="1001" name="const_18">
<pin_list>
<pin id="19" dir="1" index="0" bw="1" slack="2147483647"/>
</pin_list>
<bind>
<StgValue><ssdm name="p_str343"/></StgValue>
</bind>
</comp>

<comp id="20" class="1001" name="const_20">
<pin_list>
<pin id="21" dir="1" index="0" bw="1" slack="2147483647"/>
</pin_list>
<bind>
<StgValue><ssdm name=""/></StgValue>
</bind>
</comp>

<comp id="22" class="1001" name="const_22">
<pin_list>
<pin id="23" dir="1" index="0" bw="1" slack="2147483647"/>
</pin_list>
<bind>
<StgValue><ssdm name=""/></StgValue>
</bind>
</comp>

<comp id="24" class="1001" name="const_24">
<pin_list>
<pin id="25" dir="1" index="0" bw="1" slack="2147483647"/>
</pin_list>
<bind>
<StgValue><ssdm name="p_str344"/></StgValue>
</bind>
</comp>

<comp id="26" class="1001" name="const_26">
<pin_list>
<pin id="27" dir="1" index="0" bw="1" slack="2147483647"/>
</pin_list>
<bind>
<StgValue><ssdm name="p_str345"/></StgValue>
</bind>
</comp>

<comp id="28" class="1001" name="const_28">
<pin_list>
<pin id="29" dir="1" index="0" bw="1" slack="2147483647"/>
</pin_list>
<bind>
<StgValue><ssdm name="p_str333"/></StgValue>
</bind>
</comp>

<comp id="30" class="1001" name="const_30">
<pin_list>
<pin id="31" dir="1" index="0" bw="1" slack="2147483647"/>
</pin_list>
<bind>
<StgValue><ssdm name="p_str334"/></StgValue>
</bind>
</comp>

<comp id="32" class="1001" name="const_32">
<pin_list>
<pin id="33" dir="1" index="0" bw="1" slack="2147483647"/>
</pin_list>
<bind>
<StgValue><ssdm name="p_str335"/></StgValue>
</bind>
</comp>

<comp id="34" class="1001" name="const_34">
<pin_list>
<pin id="35" dir="1" index="0" bw="1" slack="2147483647"/>
</pin_list>
<bind>
<StgValue><ssdm name="p_str336"/></StgValue>
</bind>
</comp>

<comp id="36" class="1001" name="const_36">
<pin_list>
<pin id="37" dir="1" index="0" bw="1" slack="2147483647"/>
</pin_list>
<bind>
<StgValue><ssdm name="p_str337"/></StgValue>
</bind>
</comp>

<comp id="38" class="1001" name="const_38">
<pin_list>
<pin id="39" dir="1" index="0" bw="1" slack="2147483647"/>
</pin_list>
<bind>
<StgValue><ssdm name="p_str338"/></StgValue>
</bind>
</comp>

<comp id="40" class="1001" name="const_40">
<pin_list>
<pin id="41" dir="1" index="0" bw="1" slack="2147483647"/>
</pin_list>
<bind>
<StgValue><ssdm name="p_str326"/></StgValue>
</bind>
</comp>

<comp id="42" class="1001" name="const_42">
<pin_list>
<pin id="43" dir="1" index="0" bw="1" slack="2147483647"/>
</pin_list>
<bind>
<StgValue><ssdm name="p_str327"/></StgValue>
</bind>
</comp>

<comp id="44" class="1001" name="const_44">
<pin_list>
<pin id="45" dir="1" index="0" bw="1" slack="2147483647"/>
</pin_list>
<bind>
<StgValue><ssdm name="p_str328"/></StgValue>
</bind>
</comp>

<comp id="46" class="1001" name="const_46">
<pin_list>
<pin id="47" dir="1" index="0" bw="1" slack="2147483647"/>
</pin_list>
<bind>
<StgValue><ssdm name="p_str329"/></StgValue>
</bind>
</comp>

<comp id="48" class="1001" name="const_48">
<pin_list>
<pin id="49" dir="1" index="0" bw="1" slack="2147483647"/>
</pin_list>
<bind>
<StgValue><ssdm name="p_str330"/></StgValue>
</bind>
</comp>

<comp id="50" class="1001" name="const_50">
<pin_list>
<pin id="51" dir="1" index="0" bw="1" slack="2147483647"/>
</pin_list>
<bind>
<StgValue><ssdm name="p_str331"/></StgValue>
</bind>
</comp>

<comp id="52" class="1001" name="const_52">
<pin_list>
<pin id="53" dir="1" index="0" bw="1" slack="1"/>
</pin_list>
<bind>
<StgValue><ssdm name=""/></StgValue>
</bind>
</comp>

<comp id="54" class="1001" name="const_54">
<pin_list>
<pin id="55" dir="1" index="0" bw="1" slack="0"/>
</pin_list>
<bind>
<StgValue><ssdm name=""/></StgValue>
</bind>
</comp>

<comp id="56" class="1001" name="const_56">
<pin_list>
<pin id="57" dir="1" index="0" bw="1" slack="2147483647"/>
</pin_list>
<bind>
<StgValue><ssdm name="_ssdm_op_SpecLoopTripCount"/></StgValue>
</bind>
</comp>

<comp id="58" class="1001" name="const_58">
<pin_list>
<pin id="59" dir="1" index="0" bw="1" slack="2147483647"/>
</pin_list>
<bind>
<StgValue><ssdm name=""/></StgValue>
</bind>
</comp>

<comp id="60" class="1001" name="const_60">
<pin_list>
<pin id="61" dir="1" index="0" bw="1" slack="0"/>
</pin_list>
<bind>
<StgValue><ssdm name=""/></StgValue>
</bind>
</comp>

<comp id="62" class="1001" name="const_62">
<pin_list>
<pin id="63" dir="1" index="0" bw="1" slack="2147483647"/>
</pin_list>
<bind>
<StgValue><ssdm name="_ssdm_op_SpecLoopName"/></StgValue>
</bind>
</comp>

<comp id="64" class="1001" name="const_64">
<pin_list>
<pin id="65" dir="1" index="0" bw="1" slack="2147483647"/>
</pin_list>
<bind>
<StgValue><ssdm name="p_str7"/></StgValue>
</bind>
</comp>

<comp id="66" class="1001" name="const_66">
<pin_list>
<pin id="67" dir="1" index="0" bw="1" slack="2147483647"/>
</pin_list>
<bind>
<StgValue><ssdm name="_ssdm_op_SpecRegionBegin"/></StgValue>
</bind>
</comp>

<comp id="68" class="1001" name="const_68">
<pin_list>
<pin id="69" dir="1" index="0" bw="1" slack="1"/>
</pin_list>
<bind>
<StgValue><ssdm name=""/></StgValue>
</bind>
</comp>

<comp id="70" class="1001" name="const_70">
<pin_list>
<pin id="71" dir="1" index="0" bw="1" slack="0"/>
</pin_list>
<bind>
<StgValue><ssdm name=""/></StgValue>
</bind>
</comp>

<comp id="72" class="1001" name="const_72">
<pin_list>
<pin id="73" dir="1" index="0" bw="1" slack="2147483647"/>
</pin_list>
<bind>
<StgValue><ssdm name=""/></StgValue>
</bind>
</comp>

<comp id="74" class="1001" name="const_74">
<pin_list>
<pin id="75" dir="1" index="0" bw="1" slack="0"/>
</pin_list>
<bind>
<StgValue><ssdm name=""/></StgValue>
</bind>
</comp>

<comp id="76" class="1001" name="const_76">
<pin_list>
<pin id="77" dir="1" index="0" bw="1" slack="2147483647"/>
</pin_list>
<bind>
<StgValue><ssdm name="p_str8"/></StgValue>
</bind>
</comp>

<comp id="78" class="1001" name="const_78">
<pin_list>
<pin id="79" dir="1" index="0" bw="1" slack="2147483647"/>
</pin_list>
<bind>
<StgValue><ssdm name="_ssdm_op_SpecPipeline"/></StgValue>
</bind>
</comp>

<comp id="80" class="1001" name="const_80">
<pin_list>
<pin id="81" dir="1" index="0" bw="1" slack="2147483647"/>
</pin_list>
<bind>
<StgValue><ssdm name=""/></StgValue>
</bind>
</comp>

<comp id="82" class="1001" name="const_82">
<pin_list>
<pin id="83" dir="1" index="0" bw="1" slack="2147483647"/>
</pin_list>
<bind>
<StgValue><ssdm name="p_str2"/></StgValue>
</bind>
</comp>

<comp id="84" class="1001" name="const_84">
<pin_list>
<pin id="85" dir="1" index="0" bw="1" slack="2147483647"/>
</pin_list>
<bind>
<StgValue><ssdm name="p_str18"/></StgValue>
</bind>
</comp>

<comp id="86" class="1001" name="const_86">
<pin_list>
<pin id="87" dir="1" index="0" bw="1" slack="2147483647"/>
</pin_list>
<bind>
<StgValue><ssdm name="_ssdm_op_SpecProtocol"/></StgValue>
</bind>
</comp>

<comp id="88" class="1001" name="const_88">
<pin_list>
<pin id="89" dir="1" index="0" bw="1" slack="0"/>
</pin_list>
<bind>
<StgValue><ssdm name="_ssdm_op_Read.ap_fifo.volatile.i8P"/></StgValue>
</bind>
</comp>

<comp id="90" class="1001" name="const_90">
<pin_list>
<pin id="91" dir="1" index="0" bw="1" slack="2147483647"/>
</pin_list>
<bind>
<StgValue><ssdm name="_ssdm_op_SpecRegionEnd"/></StgValue>
</bind>
</comp>

<comp id="92" class="1001" name="const_92">
<pin_list>
<pin id="93" dir="1" index="0" bw="1" slack="2147483647"/>
</pin_list>
<bind>
<StgValue><ssdm name="p_str21"/></StgValue>
</bind>
</comp>

<comp id="94" class="1001" name="const_94">
<pin_list>
<pin id="95" dir="1" index="0" bw="1" slack="0"/>
</pin_list>
<bind>
<StgValue><ssdm name="_ssdm_op_Write.ap_fifo.volatile.i8P"/></StgValue>
</bind>
</comp>

<comp id="96" class="1004" name="tmp_80_read_fu_96">
<pin_list>
<pin id="97" dir="0" index="0" bw="8" slack="0"/>
<pin id="98" dir="0" index="1" bw="8" slack="0"/>
<pin id="99" dir="1" index="2" bw="8" slack="0"/>
</pin_list>
<bind>
<opcode="read(1150) " fcode="read"/>
<opset="tmp_80/4 "/>
</bind>
</comp>

<comp id="102" class="1004" name="StgValue_33_write_fu_102">
<pin_list>
<pin id="103" dir="0" index="0" bw="0" slack="0"/>
<pin id="104" dir="0" index="1" bw="8" slack="0"/>
<pin id="105" dir="0" index="2" bw="8" slack="0"/>
<pin id="106" dir="1" index="3" bw="0" slack="2147483647"/>
</pin_list>
<bind>
<opcode="write(1151) " fcode="write"/>
<opset="StgValue_33/4 "/>
</bind>
</comp>

<comp id="110" class="1004" name="StgValue_37_write_fu_110">
<pin_list>
<pin id="111" dir="0" index="0" bw="0" slack="0"/>
<pin id="112" dir="0" index="1" bw="8" slack="0"/>
<pin id="113" dir="0" index="2" bw="8" slack="0"/>
<pin id="114" dir="1" index="3" bw="0" slack="2147483647"/>
</pin_list>
<bind>
<opcode="write(1151) " fcode="write"/>
<opset="StgValue_37/4 "/>
</bind>
</comp>

<comp id="118" class="1005" name="t_V_reg_118">
<pin_list>
<pin id="119" dir="0" index="0" bw="10" slack="1"/>
<pin id="120" dir="1" index="1" bw="10" slack="1"/>
</pin_list>
<bind>
<opset="t_V (phireg) "/>
</bind>
</comp>

<comp id="122" class="1004" name="t_V_phi_fu_122">
<pin_list>
<pin id="123" dir="0" index="0" bw="1" slack="1"/>
<pin id="124" dir="0" index="1" bw="0" slack="2147483647"/>
<pin id="125" dir="0" index="2" bw="10" slack="0"/>
<pin id="126" dir="0" index="3" bw="0" slack="2147483647"/>
<pin id="127" dir="1" index="4" bw="10" slack="0"/>
</pin_list>
<bind>
<opcode="phi(47) " fcode="phi"/>
<opset="t_V/2 "/>
</bind>
</comp>

<comp id="129" class="1005" name="t_V_3_reg_129">
<pin_list>
<pin id="130" dir="0" index="0" bw="11" slack="1"/>
<pin id="131" dir="1" index="1" bw="11" slack="1"/>
</pin_list>
<bind>
<opset="t_V_3 (phireg) "/>
</bind>
</comp>

<comp id="133" class="1004" name="t_V_3_phi_fu_133">
<pin_list>
<pin id="134" dir="0" index="0" bw="1" slack="1"/>
<pin id="135" dir="0" index="1" bw="0" slack="2147483647"/>
<pin id="136" dir="0" index="2" bw="11" slack="0"/>
<pin id="137" dir="0" index="3" bw="0" slack="2147483647"/>
<pin id="138" dir="1" index="4" bw="11" slack="0"/>
</pin_list>
<bind>
<opcode="phi(47) " fcode="phi"/>
<opset="t_V_3/3 "/>
</bind>
</comp>

<comp id="140" class="1004" name="exitcond3_fu_140">
<pin_list>
<pin id="141" dir="0" index="0" bw="10" slack="0"/>
<pin id="142" dir="0" index="1" bw="10" slack="0"/>
<pin id="143" dir="1" index="2" bw="1" slack="1"/>
</pin_list>
<bind>
<opcode="icmp(45) " fcode="icmp"/>
<opset="exitcond3/2 "/>
</bind>
</comp>

<comp id="146" class="1004" name="i_V_fu_146">
<pin_list>
<pin id="147" dir="0" index="0" bw="10" slack="0"/>
<pin id="148" dir="0" index="1" bw="1" slack="0"/>
<pin id="149" dir="1" index="2" bw="10" slack="0"/>
</pin_list>
<bind>
<opcode="add(8) " fcode="add"/>
<opset="i_V/2 "/>
</bind>
</comp>

<comp id="152" class="1004" name="exitcond_fu_152">
<pin_list>
<pin id="153" dir="0" index="0" bw="11" slack="0"/>
<pin id="154" dir="0" index="1" bw="11" slack="0"/>
<pin id="155" dir="1" index="2" bw="1" slack="1"/>
</pin_list>
<bind>
<opcode="icmp(45) " fcode="icmp"/>
<opset="exitcond/3 "/>
</bind>
</comp>

<comp id="158" class="1004" name="j_V_fu_158">
<pin_list>
<pin id="159" dir="0" index="0" bw="11" slack="0"/>
<pin id="160" dir="0" index="1" bw="1" slack="0"/>
<pin id="161" dir="1" index="2" bw="11" slack="0"/>
</pin_list>
<bind>
<opcode="add(8) " fcode="add"/>
<opset="j_V/3 "/>
</bind>
</comp>

<comp id="164" class="1005" name="exitcond3_reg_164">
<pin_list>
<pin id="165" dir="0" index="0" bw="1" slack="1"/>
<pin id="166" dir="1" index="1" bw="1" slack="2147483647"/>
</pin_list>
<bind>
<opset="exitcond3 "/>
</bind>
</comp>

<comp id="168" class="1005" name="i_V_reg_168">
<pin_list>
<pin id="169" dir="0" index="0" bw="10" slack="0"/>
<pin id="170" dir="1" index="1" bw="10" slack="0"/>
</pin_list>
<bind>
<opset="i_V "/>
</bind>
</comp>

<comp id="173" class="1005" name="exitcond_reg_173">
<pin_list>
<pin id="174" dir="0" index="0" bw="1" slack="1"/>
<pin id="175" dir="1" index="1" bw="1" slack="2147483647"/>
</pin_list>
<bind>
<opset="exitcond "/>
</bind>
</comp>

<comp id="177" class="1005" name="j_V_reg_177">
<pin_list>
<pin id="178" dir="0" index="0" bw="11" slack="0"/>
<pin id="179" dir="1" index="1" bw="11" slack="0"/>
</pin_list>
<bind>
<opset="j_V "/>
</bind>
</comp>

</comp_list>

<net_list>
<net id="100"><net_src comp="88" pin="0"/><net_sink comp="96" pin=0"/></net>

<net id="101"><net_src comp="0" pin="0"/><net_sink comp="96" pin=1"/></net>

<net id="107"><net_src comp="94" pin="0"/><net_sink comp="102" pin=0"/></net>

<net id="108"><net_src comp="2" pin="0"/><net_sink comp="102" pin=1"/></net>

<net id="109"><net_src comp="96" pin="2"/><net_sink comp="102" pin=2"/></net>

<net id="115"><net_src comp="94" pin="0"/><net_sink comp="110" pin=0"/></net>

<net id="116"><net_src comp="4" pin="0"/><net_sink comp="110" pin=1"/></net>

<net id="117"><net_src comp="96" pin="2"/><net_sink comp="110" pin=2"/></net>

<net id="121"><net_src comp="52" pin="0"/><net_sink comp="118" pin=0"/></net>

<net id="128"><net_src comp="118" pin="1"/><net_sink comp="122" pin=0"/></net>

<net id="132"><net_src comp="68" pin="0"/><net_sink comp="129" pin=0"/></net>

<net id="139"><net_src comp="129" pin="1"/><net_sink comp="133" pin=0"/></net>

<net id="144"><net_src comp="122" pin="4"/><net_sink comp="140" pin=0"/></net>

<net id="145"><net_src comp="54" pin="0"/><net_sink comp="140" pin=1"/></net>

<net id="150"><net_src comp="122" pin="4"/><net_sink comp="146" pin=0"/></net>

<net id="151"><net_src comp="60" pin="0"/><net_sink comp="146" pin=1"/></net>

<net id="156"><net_src comp="133" pin="4"/><net_sink comp="152" pin=0"/></net>

<net id="157"><net_src comp="70" pin="0"/><net_sink comp="152" pin=1"/></net>

<net id="162"><net_src comp="133" pin="4"/><net_sink comp="158" pin=0"/></net>

<net id="163"><net_src comp="74" pin="0"/><net_sink comp="158" pin=1"/></net>

<net id="167"><net_src comp="140" pin="2"/><net_sink comp="164" pin=0"/></net>

<net id="171"><net_src comp="146" pin="2"/><net_sink comp="168" pin=0"/></net>

<net id="172"><net_src comp="168" pin="1"/><net_sink comp="122" pin=2"/></net>

<net id="176"><net_src comp="152" pin="2"/><net_sink comp="173" pin=0"/></net>

<net id="180"><net_src comp="158" pin="2"/><net_sink comp="177" pin=0"/></net>

<net id="181"><net_src comp="177" pin="1"/><net_sink comp="133" pin=2"/></net>

</net_list>

</model> 
---------------- Datapath Model END ------------------

* FSMD analyzer results:
  - Output states:
	Port: dst1_data_stream_V | {4 }
	Port: dst2_data_stream_V | {4 }
 - Input state : 
	Port: Duplicate : src_data_stream_V | {4 }
  - Chain level:
	State 1
	State 2
		exitcond3 : 1
		i_V : 1
		StgValue_14 : 2
	State 3
		exitcond : 1
		j_V : 1
		StgValue_23 : 2
	State 4
		empty : 1
		empty_96 : 1
		empty_97 : 1
		empty_98 : 1
	State 5


============================================================
+ Verbose Summary: Datapath Resource usage 
============================================================

* Functional unit list:
|----------|--------------------------|---------|---------|
| Operation|      Functional Unit     |    FF   |   LUT   |
|----------|--------------------------|---------|---------|
|    add   |        i_V_fu_146        |    0    |    14   |
|          |        j_V_fu_158        |    0    |    13   |
|----------|--------------------------|---------|---------|
|   icmp   |     exitcond3_fu_140     |    0    |    13   |
|          |      exitcond_fu_152     |    0    |    13   |
|----------|--------------------------|---------|---------|
|   read   |     tmp_80_read_fu_96    |    0    |    0    |
|----------|--------------------------|---------|---------|
|   write  | StgValue_33_write_fu_102 |    0    |    0    |
|          | StgValue_37_write_fu_110 |    0    |    0    |
|----------|--------------------------|---------|---------|
|   Total  |                          |    0    |    53   |
|----------|--------------------------|---------|---------|

Memories:
N/A

* Register list:
+-----------------+--------+
|                 |   FF   |
+-----------------+--------+
|exitcond3_reg_164|    1   |
| exitcond_reg_173|    1   |
|   i_V_reg_168   |   10   |
|   j_V_reg_177   |   11   |
|  t_V_3_reg_129  |   11   |
|   t_V_reg_118   |   10   |
+-----------------+--------+
|      Total      |   44   |
+-----------------+--------+

* Multiplexer (MUX) list: 
|--------|------|------|------|--------|
|  Comp  |  Pin | Size |  BW  | S x BW |
|--------|------|------|------|--------|
|  Total |      |      |      |    0   |
|--------|------|------|------|--------|



* Summary:
+-----------+--------+--------+
|           |   FF   |   LUT  |
+-----------+--------+--------+
|  Function |    0   |   53   |
|   Memory  |    -   |    -   |
|Multiplexer|    -   |    -   |
|  Register |   44   |    -   |
+-----------+--------+--------+
|   Total   |   44   |   53   |
+-----------+--------+--------+
