## ==============================================================
## File generated on Wed Jun 26 10:22:41 -0300 2019
## Vivado(TM) HLS - High-Level Synthesis from C, C++ and SystemC v2018.3 (64-bit)
## SW Build 2405991 on Thu Dec  6 23:38:27 MST 2018
## IP Build 2404404 on Fri Dec  7 01:43:56 MST 2018
## Copyright 1986-2018 Xilinx, Inc. All Rights Reserved.
## ==============================================================

C:\xilinx_projects\sobel_hls\sobel_hls\solution3\impl\vhdl>C:/Xilinx/Vivado/2018.3/bin/vivado  -notrace -mode batch -source run_vivadosyn.tcl   || exit $? 

****** Vivado v2018.3 (64-bit)
  **** SW Build 2405991 on Thu Dec  6 23:38:27 MST 2018
  **** IP Build 2404404 on Fri Dec  7 01:43:56 MST 2018
    ** Copyright 1986-2018 Xilinx, Inc. All Rights Reserved.

Sourcing tcl script 'C:/Users/tomy-/AppData/Roaming/Xilinx/Vivado/Vivado_init.tcl'
source run_vivadosyn.tcl -notrace
WARNING: [Board 49-91] Board repository path 'C:/Xilinx/vivado-boards-master/vivado-boards/new/board_files' does not exist, it will not be used to search board files.
INFO: [IP_Flow 19-234] Refreshing IP repositories
INFO: [IP_Flow 19-1700] Loaded user IP repository 'c:/xilinx_projects/sobel_hls/sobel_hls/solution3/impl/ip'.
INFO: [IP_Flow 19-2313] Loaded Vivado IP repository 'C:/Xilinx/Vivado/2018.3/data/ip'.
Wrote  : <C:\xilinx_projects\sobel_hls\sobel_hls\solution3\impl\vhdl\project.srcs\sources_1\bd\bd_0\bd_0.bd> 
Wrote  : <C:\xilinx_projects\sobel_hls\sobel_hls\solution3\impl\vhdl\project.srcs\sources_1\bd\bd_0\bd_0.bd> 
VHDL Output written to : C:/xilinx_projects/sobel_hls/sobel_hls/solution3/impl/vhdl/project.srcs/sources_1/bd/bd_0/synth/bd_0.vhd
VHDL Output written to : C:/xilinx_projects/sobel_hls/sobel_hls/solution3/impl/vhdl/project.srcs/sources_1/bd/bd_0/sim/bd_0.vhd
VHDL Output written to : C:/xilinx_projects/sobel_hls/sobel_hls/solution3/impl/vhdl/project.srcs/sources_1/bd/bd_0/hdl/bd_0_wrapper.vhd
Using BD top: bd_0_wrapper
INFO: [BD 41-1662] The design 'bd_0.bd' is already validated. Therefore parameter propagation will not be re-run.
VHDL Output written to : C:/xilinx_projects/sobel_hls/sobel_hls/solution3/impl/vhdl/project.srcs/sources_1/bd/bd_0/synth/bd_0.vhd
VHDL Output written to : C:/xilinx_projects/sobel_hls/sobel_hls/solution3/impl/vhdl/project.srcs/sources_1/bd/bd_0/sim/bd_0.vhd
VHDL Output written to : C:/xilinx_projects/sobel_hls/sobel_hls/solution3/impl/vhdl/project.srcs/sources_1/bd/bd_0/hdl/bd_0_wrapper.vhd
INFO: [BD 41-1029] Generation completed for the IP Integrator block hls_inst .
Exporting to file C:/xilinx_projects/sobel_hls/sobel_hls/solution3/impl/vhdl/project.srcs/sources_1/bd/bd_0/hw_handoff/bd_0.hwh
Generated Block Design Tcl file C:/xilinx_projects/sobel_hls/sobel_hls/solution3/impl/vhdl/project.srcs/sources_1/bd/bd_0/hw_handoff/bd_0_bd.tcl
Generated Hardware Definition File C:/xilinx_projects/sobel_hls/sobel_hls/solution3/impl/vhdl/project.srcs/sources_1/bd/bd_0/synth/bd_0.hwdef
[Wed Jun 26 10:17:54 2019] Launched bd_0_hls_inst_0_synth_1...
Run output will be captured here: C:/xilinx_projects/sobel_hls/sobel_hls/solution3/impl/vhdl/project.runs/bd_0_hls_inst_0_synth_1/runme.log
[Wed Jun 26 10:17:54 2019] Launched synth_1...
Run output will be captured here: C:/xilinx_projects/sobel_hls/sobel_hls/solution3/impl/vhdl/project.runs/synth_1/runme.log
[Wed Jun 26 10:17:54 2019] Waiting for synth_1 to finish...

*** Running vivado
    with args -log bd_0_wrapper.vds -m64 -product Vivado -mode batch -messageDb vivado.pb -notrace -source bd_0_wrapper.tcl


****** Vivado v2018.3 (64-bit)
  **** SW Build 2405991 on Thu Dec  6 23:38:27 MST 2018
  **** IP Build 2404404 on Fri Dec  7 01:43:56 MST 2018
    ** Copyright 1986-2018 Xilinx, Inc. All Rights Reserved.

Sourcing tcl script 'C:/Users/tomy-/AppData/Roaming/Xilinx/Vivado/Vivado_init.tcl'
source bd_0_wrapper.tcl -notrace
WARNING: [Board 49-91] Board repository path 'C:/Xilinx/vivado-boards-master/vivado-boards/new/board_files' does not exist, it will not be used to search board files.
INFO: [IP_Flow 19-234] Refreshing IP repositories
INFO: [IP_Flow 19-1700] Loaded user IP repository 'c:/xilinx_projects/sobel_hls/sobel_hls/solution3/impl/ip'.
INFO: [IP_Flow 19-2313] Loaded Vivado IP repository 'C:/Xilinx/Vivado/2018.3/data/ip'.
Command: synth_design -top bd_0_wrapper -part xc7z020clg400-1 -mode out_of_context
Starting synth_design
Attempting to get a license for feature 'Synthesis' and/or device 'xc7z020'
INFO: [Common 17-349] Got license for feature 'Synthesis' and/or device 'xc7z020'
INFO: Launching helper process for spawning children vivado processes
INFO: Helper process launched with PID 19896 
---------------------------------------------------------------------------------
Starting RTL Elaboration : Time (s): cpu = 00:00:04 ; elapsed = 00:00:04 . Memory (MB): peak = 423.527 ; gain = 95.805
---------------------------------------------------------------------------------
INFO: [Synth 8-638] synthesizing module 'bd_0_wrapper' [C:/xilinx_projects/sobel_hls/sobel_hls/solution3/impl/vhdl/project.srcs/sources_1/bd/bd_0/hdl/bd_0_wrapper.vhd:43]
INFO: [Synth 8-3491] module 'bd_0' declared at 'C:/xilinx_projects/sobel_hls/sobel_hls/solution3/impl/vhdl/project.srcs/sources_1/bd/bd_0/synth/bd_0.vhd:14' bound to instance 'bd_0_i' of component 'bd_0' [C:/xilinx_projects/sobel_hls/sobel_hls/solution3/impl/vhdl/project.srcs/sources_1/bd/bd_0/hdl/bd_0_wrapper.vhd:73]
INFO: [Synth 8-638] synthesizing module 'bd_0' [C:/xilinx_projects/sobel_hls/sobel_hls/solution3/impl/vhdl/project.srcs/sources_1/bd/bd_0/synth/bd_0.vhd:47]
INFO: [Synth 8-3491] module 'bd_0_hls_inst_0' declared at 'C:/xilinx_projects/sobel_hls/sobel_hls/solution3/impl/vhdl/project.runs/synth_1/.Xil/Vivado-22416-NotebookTomasMedina/realtime/bd_0_hls_inst_0_stub.vhdl:5' bound to instance 'hls_inst' of component 'bd_0_hls_inst_0' [C:/xilinx_projects/sobel_hls/sobel_hls/solution3/impl/vhdl/project.srcs/sources_1/bd/bd_0/synth/bd_0.vhd:155]
INFO: [Synth 8-638] synthesizing module 'bd_0_hls_inst_0' [C:/xilinx_projects/sobel_hls/sobel_hls/solution3/impl/vhdl/project.runs/synth_1/.Xil/Vivado-22416-NotebookTomasMedina/realtime/bd_0_hls_inst_0_stub.vhdl:35]
INFO: [Synth 8-256] done synthesizing module 'bd_0' (1#1) [C:/xilinx_projects/sobel_hls/sobel_hls/solution3/impl/vhdl/project.srcs/sources_1/bd/bd_0/synth/bd_0.vhd:47]
INFO: [Synth 8-256] done synthesizing module 'bd_0_wrapper' (2#1) [C:/xilinx_projects/sobel_hls/sobel_hls/solution3/impl/vhdl/project.srcs/sources_1/bd/bd_0/hdl/bd_0_wrapper.vhd:43]
---------------------------------------------------------------------------------
Finished RTL Elaboration : Time (s): cpu = 00:00:06 ; elapsed = 00:00:06 . Memory (MB): peak = 478.719 ; gain = 150.996
---------------------------------------------------------------------------------

Report Check Netlist: 
+------+------------------+-------+---------+-------+------------------+
|      |Item              |Errors |Warnings |Status |Description       |
+------+------------------+-------+---------+-------+------------------+
|1     |multi_driven_nets |      0|        0|Passed |Multi driven nets |
+------+------------------+-------+---------+-------+------------------+
---------------------------------------------------------------------------------
Start Handling Custom Attributes
---------------------------------------------------------------------------------
---------------------------------------------------------------------------------
Finished Handling Custom Attributes : Time (s): cpu = 00:00:06 ; elapsed = 00:00:06 . Memory (MB): peak = 478.719 ; gain = 150.996
---------------------------------------------------------------------------------
---------------------------------------------------------------------------------
Finished RTL Optimization Phase 1 : Time (s): cpu = 00:00:06 ; elapsed = 00:00:06 . Memory (MB): peak = 478.719 ; gain = 150.996
---------------------------------------------------------------------------------
INFO: [Device 21-403] Loading part xc7z020clg400-1
INFO: [Project 1-570] Preparing netlist for logic optimization

Processing XDC Constraints
Initializing timing engine
Parsing XDC File [c:/xilinx_projects/sobel_hls/sobel_hls/solution3/impl/vhdl/project.srcs/sources_1/bd/bd_0/ip/bd_0_hls_inst_0/bd_0_hls_inst_0/bd_0_hls_inst_0_in_context.xdc] for cell 'bd_0_i/hls_inst'
Finished Parsing XDC File [c:/xilinx_projects/sobel_hls/sobel_hls/solution3/impl/vhdl/project.srcs/sources_1/bd/bd_0/ip/bd_0_hls_inst_0/bd_0_hls_inst_0/bd_0_hls_inst_0_in_context.xdc] for cell 'bd_0_i/hls_inst'
Parsing XDC File [C:/xilinx_projects/sobel_hls/sobel_hls/solution3/impl/vhdl/sobel_hls.xdc]
Finished Parsing XDC File [C:/xilinx_projects/sobel_hls/sobel_hls/solution3/impl/vhdl/sobel_hls.xdc]
Parsing XDC File [C:/xilinx_projects/sobel_hls/sobel_hls/solution3/impl/vhdl/project.runs/synth_1/dont_touch.xdc]
Finished Parsing XDC File [C:/xilinx_projects/sobel_hls/sobel_hls/solution3/impl/vhdl/project.runs/synth_1/dont_touch.xdc]
Completed Processing XDC Constraints

Netlist sorting complete. Time (s): cpu = 00:00:00 ; elapsed = 00:00:00 . Memory (MB): peak = 751.441 ; gain = 0.000
INFO: [Project 1-111] Unisim Transformation Summary:
No Unisim elements were transformed.

Netlist sorting complete. Time (s): cpu = 00:00:00 ; elapsed = 00:00:00 . Memory (MB): peak = 751.441 ; gain = 0.000
Constraint Validation Runtime : Time (s): cpu = 00:00:00 ; elapsed = 00:00:00.035 . Memory (MB): peak = 752.754 ; gain = 1.313
---------------------------------------------------------------------------------
Finished Constraint Validation : Time (s): cpu = 00:00:20 ; elapsed = 00:00:21 . Memory (MB): peak = 752.754 ; gain = 425.031
---------------------------------------------------------------------------------
---------------------------------------------------------------------------------
Start Loading Part and Timing Information
---------------------------------------------------------------------------------
Loading part: xc7z020clg400-1
---------------------------------------------------------------------------------
Finished Loading Part and Timing Information : Time (s): cpu = 00:00:20 ; elapsed = 00:00:21 . Memory (MB): peak = 752.754 ; gain = 425.031
---------------------------------------------------------------------------------
---------------------------------------------------------------------------------
Start Applying 'set_property' XDC Constraints
---------------------------------------------------------------------------------
Applied set_property DONT_TOUCH = true for bd_0_i. (constraint file  auto generated constraint, line ).
Applied set_property DONT_TOUCH = true for bd_0_i/hls_inst. (constraint file  auto generated constraint, line ).
---------------------------------------------------------------------------------
Finished applying 'set_property' XDC Constraints : Time (s): cpu = 00:00:20 ; elapsed = 00:00:22 . Memory (MB): peak = 752.754 ; gain = 425.031
---------------------------------------------------------------------------------
---------------------------------------------------------------------------------
Finished RTL Optimization Phase 2 : Time (s): cpu = 00:00:20 ; elapsed = 00:00:22 . Memory (MB): peak = 752.754 ; gain = 425.031
---------------------------------------------------------------------------------

Report RTL Partitions: 
+-+--------------+------------+----------+
| |RTL Partition |Replication |Instances |
+-+--------------+------------+----------+
+-+--------------+------------+----------+
---------------------------------------------------------------------------------
Start RTL Component Statistics 
---------------------------------------------------------------------------------
Detailed RTL Component Info : 
---------------------------------------------------------------------------------
Finished RTL Component Statistics 
---------------------------------------------------------------------------------
---------------------------------------------------------------------------------
Start RTL Hierarchical Component Statistics 
---------------------------------------------------------------------------------
Hierarchical RTL Component report 
---------------------------------------------------------------------------------
Finished RTL Hierarchical Component Statistics
---------------------------------------------------------------------------------
---------------------------------------------------------------------------------
Start Part Resource Summary
---------------------------------------------------------------------------------
Part Resources:
DSPs: 220 (col length:60)
BRAMs: 280 (col length: RAMB18 60 RAMB36 30)
---------------------------------------------------------------------------------
Finished Part Resource Summary
---------------------------------------------------------------------------------
---------------------------------------------------------------------------------
Start Cross Boundary and Area Optimization
---------------------------------------------------------------------------------
Warning: Parallel synthesis criteria is not met 
---------------------------------------------------------------------------------
Finished Cross Boundary and Area Optimization : Time (s): cpu = 00:00:21 ; elapsed = 00:00:23 . Memory (MB): peak = 752.754 ; gain = 425.031
---------------------------------------------------------------------------------

Report RTL Partitions: 
+-+--------------+------------+----------+
| |RTL Partition |Replication |Instances |
+-+--------------+------------+----------+
+-+--------------+------------+----------+
---------------------------------------------------------------------------------
Start Applying XDC Timing Constraints
---------------------------------------------------------------------------------
---------------------------------------------------------------------------------
Finished Applying XDC Timing Constraints : Time (s): cpu = 00:00:36 ; elapsed = 00:00:38 . Memory (MB): peak = 805.691 ; gain = 477.969
---------------------------------------------------------------------------------
---------------------------------------------------------------------------------
Start Timing Optimization
---------------------------------------------------------------------------------
---------------------------------------------------------------------------------
Finished Timing Optimization : Time (s): cpu = 00:00:36 ; elapsed = 00:00:38 . Memory (MB): peak = 805.691 ; gain = 477.969
---------------------------------------------------------------------------------

Report RTL Partitions: 
+-+--------------+------------+----------+
| |RTL Partition |Replication |Instances |
+-+--------------+------------+----------+
+-+--------------+------------+----------+
---------------------------------------------------------------------------------
Start Technology Mapping
---------------------------------------------------------------------------------
---------------------------------------------------------------------------------
Finished Technology Mapping : Time (s): cpu = 00:00:36 ; elapsed = 00:00:38 . Memory (MB): peak = 815.215 ; gain = 487.492
---------------------------------------------------------------------------------

Report RTL Partitions: 
+-+--------------+------------+----------+
| |RTL Partition |Replication |Instances |
+-+--------------+------------+----------+
+-+--------------+------------+----------+
---------------------------------------------------------------------------------
Start IO Insertion
---------------------------------------------------------------------------------
---------------------------------------------------------------------------------
Start Flattening Before IO Insertion
---------------------------------------------------------------------------------
---------------------------------------------------------------------------------
Finished Flattening Before IO Insertion
---------------------------------------------------------------------------------
---------------------------------------------------------------------------------
Start Final Netlist Cleanup
---------------------------------------------------------------------------------
---------------------------------------------------------------------------------
Finished Final Netlist Cleanup
---------------------------------------------------------------------------------
---------------------------------------------------------------------------------
Finished IO Insertion : Time (s): cpu = 00:00:37 ; elapsed = 00:00:40 . Memory (MB): peak = 815.215 ; gain = 487.492
---------------------------------------------------------------------------------

Report Check Netlist: 
+------+------------------+-------+---------+-------+------------------+
|      |Item              |Errors |Warnings |Status |Description       |
+------+------------------+-------+---------+-------+------------------+
|1     |multi_driven_nets |      0|        0|Passed |Multi driven nets |
+------+------------------+-------+---------+-------+------------------+
---------------------------------------------------------------------------------
Start Renaming Generated Instances
---------------------------------------------------------------------------------
---------------------------------------------------------------------------------
Finished Renaming Generated Instances : Time (s): cpu = 00:00:37 ; elapsed = 00:00:40 . Memory (MB): peak = 815.215 ; gain = 487.492
---------------------------------------------------------------------------------

Report RTL Partitions: 
+-+--------------+------------+----------+
| |RTL Partition |Replication |Instances |
+-+--------------+------------+----------+
+-+--------------+------------+----------+
---------------------------------------------------------------------------------
Start Rebuilding User Hierarchy
---------------------------------------------------------------------------------
---------------------------------------------------------------------------------
Finished Rebuilding User Hierarchy : Time (s): cpu = 00:00:37 ; elapsed = 00:00:40 . Memory (MB): peak = 815.215 ; gain = 487.492
---------------------------------------------------------------------------------
---------------------------------------------------------------------------------
Start Renaming Generated Ports
---------------------------------------------------------------------------------
---------------------------------------------------------------------------------
Finished Renaming Generated Ports : Time (s): cpu = 00:00:37 ; elapsed = 00:00:40 . Memory (MB): peak = 815.215 ; gain = 487.492
---------------------------------------------------------------------------------
---------------------------------------------------------------------------------
Start Handling Custom Attributes
---------------------------------------------------------------------------------
---------------------------------------------------------------------------------
Finished Handling Custom Attributes : Time (s): cpu = 00:00:37 ; elapsed = 00:00:40 . Memory (MB): peak = 815.215 ; gain = 487.492
---------------------------------------------------------------------------------
---------------------------------------------------------------------------------
Start Renaming Generated Nets
---------------------------------------------------------------------------------
---------------------------------------------------------------------------------
Finished Renaming Generated Nets : Time (s): cpu = 00:00:37 ; elapsed = 00:00:40 . Memory (MB): peak = 815.215 ; gain = 487.492
---------------------------------------------------------------------------------
---------------------------------------------------------------------------------
Start Writing Synthesis Report
---------------------------------------------------------------------------------

Report BlackBoxes: 
+------+----------------+----------+
|      |BlackBox name   |Instances |
+------+----------------+----------+
|1     |bd_0_hls_inst_0 |         1|
+------+----------------+----------+

Report Cell Usage: 
+------+-----------------------+------+
|      |Cell                   |Count |
+------+-----------------------+------+
|1     |bd_0_hls_inst_0_bbox_0 |     1|
+------+-----------------------+------+

Report Instance Areas: 
+------+---------+-------+------+
|      |Instance |Module |Cells |
+------+---------+-------+------+
|1     |top      |       |    39|
|2     |  bd_0_i |bd_0   |    39|
+------+---------+-------+------+
---------------------------------------------------------------------------------
Finished Writing Synthesis Report : Time (s): cpu = 00:00:37 ; elapsed = 00:00:40 . Memory (MB): peak = 815.215 ; gain = 487.492
---------------------------------------------------------------------------------
Synthesis finished with 0 errors, 0 critical warnings and 0 warnings.
Synthesis Optimization Runtime : Time (s): cpu = 00:00:22 ; elapsed = 00:00:29 . Memory (MB): peak = 815.215 ; gain = 213.457
Synthesis Optimization Complete : Time (s): cpu = 00:00:38 ; elapsed = 00:00:40 . Memory (MB): peak = 815.215 ; gain = 487.492
INFO: [Project 1-571] Translating synthesized netlist
INFO: [Project 1-570] Preparing netlist for logic optimization
INFO: [Opt 31-138] Pushed 0 inverter(s) to 0 load pin(s).
Netlist sorting complete. Time (s): cpu = 00:00:00 ; elapsed = 00:00:00 . Memory (MB): peak = 828.020 ; gain = 0.000
INFO: [Project 1-111] Unisim Transformation Summary:
No Unisim elements were transformed.

INFO: [Common 17-83] Releasing license: Synthesis
19 Infos, 1 Warnings, 0 Critical Warnings and 0 Errors encountered.
synth_design completed successfully
synth_design: Time (s): cpu = 00:00:40 ; elapsed = 00:00:43 . Memory (MB): peak = 828.051 ; gain = 511.793
Netlist sorting complete. Time (s): cpu = 00:00:00 ; elapsed = 00:00:00 . Memory (MB): peak = 828.051 ; gain = 0.000
WARNING: [Constraints 18-5210] No constraints selected for write.
Resolution: This message can indicate that there are no constraints for the design, or it can indicate that the used_in flags are set such that the constraints are ignored. This later case is used when running synth_design to not write synthesis constraints to the resulting checkpoint. Instead, project constraints are read when the synthesized design is opened.
INFO: [Common 17-1381] The checkpoint 'C:/xilinx_projects/sobel_hls/sobel_hls/solution3/impl/vhdl/project.runs/synth_1/bd_0_wrapper.dcp' has been generated.
INFO: [runtcl-4] Executing : report_utilization -file bd_0_wrapper_utilization_synth.rpt -pb bd_0_wrapper_utilization_synth.pb
INFO: [Common 17-206] Exiting Vivado at Wed Jun 26 10:21:57 2019...
[Wed Jun 26 10:22:00 2019] synth_1 finished
wait_on_run: Time (s): cpu = 00:00:00 ; elapsed = 00:04:07 . Memory (MB): peak = 477.168 ; gain = 2.148
Design is defaulting to impl run constrset: constrs_1
Design is defaulting to synth run part: xc7z020clg400-1
INFO: [Project 1-454] Reading design checkpoint 'c:/xilinx_projects/sobel_hls/sobel_hls/solution3/impl/vhdl/project.srcs/sources_1/bd/bd_0/ip/bd_0_hls_inst_0/bd_0_hls_inst_0.dcp' for cell 'bd_0_i/hls_inst'
INFO: [Netlist 29-17] Analyzing 515 Unisim elements for replacement
INFO: [Netlist 29-28] Unisim Transformation completed in 1 CPU seconds
INFO: [Project 1-479] Netlist was created with Vivado 2018.3
INFO: [Device 21-403] Loading part xc7z020clg400-1
INFO: [Project 1-570] Preparing netlist for logic optimization
Parsing XDC File [C:/xilinx_projects/sobel_hls/sobel_hls/solution3/impl/vhdl/sobel_hls.xdc]
Finished Parsing XDC File [C:/xilinx_projects/sobel_hls/sobel_hls/solution3/impl/vhdl/sobel_hls.xdc]
INFO: [Opt 31-138] Pushed 0 inverter(s) to 0 load pin(s).
Netlist sorting complete. Time (s): cpu = 00:00:00 ; elapsed = 00:00:00.011 . Memory (MB): peak = 807.727 ; gain = 0.000
INFO: [Project 1-111] Unisim Transformation Summary:
No Unisim elements were transformed.

open_run: Time (s): cpu = 00:00:14 ; elapsed = 00:00:16 . Memory (MB): peak = 807.727 ; gain = 330.559
Running report: report_utilization -file ./report/sobel_hls_utilization_synth.rpt
Contents of report file './report/sobel_hls_utilization_synth.rpt' is as follows:
Copyright 1986-2018 Xilinx, Inc. All Rights Reserved.
------------------------------------------------------------------------------------
| Tool Version : Vivado v.2018.3 (win64) Build 2405991 Thu Dec  6 23:38:27 MST 2018
| Date         : Wed Jun 26 10:22:17 2019
| Host         : NotebookTomasMedina running 64-bit major release  (build 9200)
| Command      : report_utilization -file ./report/sobel_hls_utilization_synth.rpt
| Design       : bd_0_wrapper
| Device       : 7z020clg400-1
| Design State : Synthesized
------------------------------------------------------------------------------------

Utilization Design Information

Table of Contents
-----------------
1. Slice Logic
1.1 Summary of Registers by Type
2. Memory
3. DSP
4. IO and GT Specific
5. Clocking
6. Specific Feature
7. Primitives
8. Black Boxes
9. Instantiated Netlists

1. Slice Logic
--------------

+----------------------------+------+-------+-----------+-------+
|          Site Type         | Used | Fixed | Available | Util% |
+----------------------------+------+-------+-----------+-------+
| Slice LUTs*                | 4540 |     0 |     53200 |  8.53 |
|   LUT as Logic             | 4504 |     0 |     53200 |  8.47 |
|   LUT as Memory            |   36 |     0 |     17400 |  0.21 |
|     LUT as Distributed RAM |    0 |     0 |           |       |
|     LUT as Shift Register  |   36 |     0 |           |       |
| Slice Registers            | 4515 |     0 |    106400 |  4.24 |
|   Register as Flip Flop    | 4515 |     0 |    106400 |  4.24 |
|   Register as Latch        |    0 |     0 |    106400 |  0.00 |
| F7 Muxes                   |   49 |     0 |     26600 |  0.18 |
| F8 Muxes                   |   10 |     0 |     13300 |  0.08 |
+----------------------------+------+-------+-----------+-------+
* Warning! The Final LUT count, after physical optimizations and full implementation, is typically lower. Run opt_design after synthesis, if not already completed, for a more realistic count.


1.1 Summary of Registers by Type
--------------------------------

+-------+--------------+-------------+--------------+
| Total | Clock Enable | Synchronous | Asynchronous |
+-------+--------------+-------------+--------------+
| 0     |            _ |           - |            - |
| 0     |            _ |           - |          Set |
| 0     |            _ |           - |        Reset |
| 0     |            _ |         Set |            - |
| 0     |            _ |       Reset |            - |
| 0     |          Yes |           - |            - |
| 0     |          Yes |           - |          Set |
| 0     |          Yes |           - |        Reset |
| 100   |          Yes |         Set |            - |
| 4415  |          Yes |       Reset |            - |
+-------+--------------+-------------+--------------+


2. Memory
---------

+-------------------+------+-------+-----------+-------+
|     Site Type     | Used | Fixed | Available | Util% |
+-------------------+------+-------+-----------+-------+
| Block RAM Tile    |  4.5 |     0 |       140 |  3.21 |
|   RAMB36/FIFO*    |    0 |     0 |       140 |  0.00 |
|   RAMB18          |    9 |     0 |       280 |  3.21 |
|     RAMB18E1 only |    9 |       |           |       |
+-------------------+------+-------+-----------+-------+
* Note: Each Block RAM Tile only has one FIFO logic available and therefore can accommodate only one FIFO36E1 or one FIFO18E1. However, if a FIFO18E1 occupies a Block RAM Tile, that tile can still accommodate a RAMB18E1


3. DSP
------

+----------------+------+-------+-----------+-------+
|    Site Type   | Used | Fixed | Available | Util% |
+----------------+------+-------+-----------+-------+
| DSPs           |   39 |     0 |       220 | 17.73 |
|   DSP48E1 only |   39 |       |           |       |
+----------------+------+-------+-----------+-------+


4. IO and GT Specific
---------------------

+-----------------------------+------+-------+-----------+-------+
|          Site Type          | Used | Fixed | Available | Util% |
+-----------------------------+------+-------+-----------+-------+
| Bonded IOB                  |    0 |     0 |       125 |  0.00 |
| Bonded IPADs                |    0 |     0 |         2 |  0.00 |
| Bonded IOPADs               |    0 |     0 |       130 |  0.00 |
| PHY_CONTROL                 |    0 |     0 |         4 |  0.00 |
| PHASER_REF                  |    0 |     0 |         4 |  0.00 |
| OUT_FIFO                    |    0 |     0 |        16 |  0.00 |
| IN_FIFO                     |    0 |     0 |        16 |  0.00 |
| IDELAYCTRL                  |    0 |     0 |         4 |  0.00 |
| IBUFDS                      |    0 |     0 |       121 |  0.00 |
| PHASER_OUT/PHASER_OUT_PHY   |    0 |     0 |        16 |  0.00 |
| PHASER_IN/PHASER_IN_PHY     |    0 |     0 |        16 |  0.00 |
| IDELAYE2/IDELAYE2_FINEDELAY |    0 |     0 |       200 |  0.00 |
| ILOGIC                      |    0 |     0 |       125 |  0.00 |
| OLOGIC                      |    0 |     0 |       125 |  0.00 |
+-----------------------------+------+-------+-----------+-------+


5. Clocking
-----------

+------------+------+-------+-----------+-------+
|  Site Type | Used | Fixed | Available | Util% |
+------------+------+-------+-----------+-------+
| BUFGCTRL   |    0 |     0 |        32 |  0.00 |
| BUFIO      |    0 |     0 |        16 |  0.00 |
| MMCME2_ADV |    0 |     0 |         4 |  0.00 |
| PLLE2_ADV  |    0 |     0 |         4 |  0.00 |
| BUFMRCE    |    0 |     0 |         8 |  0.00 |
| BUFHCE     |    0 |     0 |        72 |  0.00 |
| BUFR       |    0 |     0 |        16 |  0.00 |
+------------+------+-------+-----------+-------+


6. Specific Feature
-------------------

+-------------+------+-------+-----------+-------+
|  Site Type  | Used | Fixed | Available | Util% |
+-------------+------+-------+-----------+-------+
| BSCANE2     |    0 |     0 |         4 |  0.00 |
| CAPTUREE2   |    0 |     0 |         1 |  0.00 |
| DNA_PORT    |    0 |     0 |         1 |  0.00 |
| EFUSE_USR   |    0 |     0 |         1 |  0.00 |
| FRAME_ECCE2 |    0 |     0 |         1 |  0.00 |
| ICAPE2      |    0 |     0 |         2 |  0.00 |
| STARTUPE2   |    0 |     0 |         1 |  0.00 |
| XADC        |    0 |     0 |         1 |  0.00 |
+-------------+------+-------+-----------+-------+


7. Primitives
-------------

+----------+------+---------------------+
| Ref Name | Used | Functional Category |
+----------+------+---------------------+
| FDRE     | 4415 |        Flop & Latch |
| LUT6     | 2029 |                 LUT |
| LUT3     | 1070 |                 LUT |
| LUT4     |  731 |                 LUT |
| LUT5     |  676 |                 LUT |
| LUT2     |  577 |                 LUT |
| CARRY4   |  408 |          CarryLogic |
| LUT1     |  248 |                 LUT |
| FDSE     |  100 |        Flop & Latch |
| MUXF7    |   49 |               MuxFx |
| DSP48E1  |   39 |    Block Arithmetic |
| SRL16E   |   36 |  Distributed Memory |
| MUXF8    |   10 |               MuxFx |
| RAMB18E1 |    9 |        Block Memory |
+----------+------+---------------------+


8. Black Boxes
--------------

+----------+------+
| Ref Name | Used |
+----------+------+


9. Instantiated Netlists
------------------------

+-----------------+------+
|     Ref Name    | Used |
+-----------------+------+
| bd_0_hls_inst_0 |    1 |
+-----------------+------+



Running report: report_timing_summary -file ./report/sobel_hls_timing_synth.rpt
INFO: [Timing 38-35] Done setting XDC timing constraints.
INFO: [Timing 38-91] UpdateTimingParams: Speed grade: -1, Delay Type: min_max.
INFO: [Timing 38-191] Multithreading enabled for timing update using a maximum of 2 CPUs
WARNING: [Timing 38-242] The property HD.CLK_SRC of clock port "ap_clk" is not set. In out-of-context mode, this prevents timing estimation for clock delay/skew
Resolution: Set the HD.CLK_SRC property of the out-of-context port to the location of the clock buffer instance in the top-level design
report_timing_summary: Time (s): cpu = 00:00:25 ; elapsed = 00:00:23 . Memory (MB): peak = 1388.184 ; gain = 580.457
Contents of report file './report/sobel_hls_timing_synth.rpt' is as follows:
Copyright 1986-2018 Xilinx, Inc. All Rights Reserved.
------------------------------------------------------------------------------------
| Tool Version : Vivado v.2018.3 (win64) Build 2405991 Thu Dec  6 23:38:27 MST 2018
| Date         : Wed Jun 26 10:22:40 2019
| Host         : NotebookTomasMedina running 64-bit major release  (build 9200)
| Command      : report_timing_summary -file ./report/sobel_hls_timing_synth.rpt
| Design       : bd_0_wrapper
| Device       : 7z020-clg400
| Speed File   : -1  PRODUCTION 1.11 2014-09-11
------------------------------------------------------------------------------------

Timing Summary Report

------------------------------------------------------------------------------------------------
| Timer Settings
| --------------
------------------------------------------------------------------------------------------------

  Enable Multi Corner Analysis               :  Yes
  Enable Pessimism Removal                   :  Yes
  Pessimism Removal Resolution               :  Nearest Common Node
  Enable Input Delay Default Clock           :  No
  Enable Preset / Clear Arcs                 :  No
  Disable Flight Delays                      :  No
  Ignore I/O Paths                           :  No
  Timing Early Launch at Borrowing Latches   :  false

  Corner  Analyze    Analyze    
  Name    Max Paths  Min Paths  
  ------  ---------  ---------  
  Slow    Yes        Yes        
  Fast    Yes        Yes        



check_timing report

Table of Contents
-----------------
1. checking no_clock
2. checking constant_clock
3. checking pulse_width_clock
4. checking unconstrained_internal_endpoints
5. checking no_input_delay
6. checking no_output_delay
7. checking multiple_clock
8. checking generated_clocks
9. checking loops
10. checking partial_input_delay
11. checking partial_output_delay
12. checking latch_loops

1. checking no_clock
--------------------
 There are 0 register/latch pins with no clock.


2. checking constant_clock
--------------------------
 There are 0 register/latch pins with constant_clock.


3. checking pulse_width_clock
-----------------------------
 There are 0 register/latch pins which need pulse_width check


4. checking unconstrained_internal_endpoints
--------------------------------------------
 There are 0 pins that are not constrained for maximum delay.

 There are 0 pins that are not constrained for maximum delay due to constant clock.


5. checking no_input_delay
--------------------------
 There are 30 input ports with no input delay specified. (HIGH)

 There are 0 input ports with no input delay but user has a false path constraint.


6. checking no_output_delay
---------------------------
 There are 31 ports with no output delay specified. (HIGH)

 There are 0 ports with no output delay but user has a false path constraint

 There are 0 ports with no output delay but with a timing clock defined on it or propagating through it


7. checking multiple_clock
--------------------------
 There are 0 register/latch pins with multiple clocks.


8. checking generated_clocks
----------------------------
 There are 0 generated clocks that are not connected to a clock source.


9. checking loops
-----------------
 There are 0 combinational loops in the design.


10. checking partial_input_delay
--------------------------------
 There are 0 input ports with partial input delay specified.


11. checking partial_output_delay
---------------------------------
 There are 0 ports with partial output delay specified.


12. checking latch_loops
------------------------
 There are 0 combinational latch loops in the design through latch input



------------------------------------------------------------------------------------------------
| Design Timing Summary
| ---------------------
------------------------------------------------------------------------------------------------

    WNS(ns)      TNS(ns)  TNS Failing Endpoints  TNS Total Endpoints      WHS(ns)      THS(ns)  THS Failing Endpoints  THS Total Endpoints     WPWS(ns)     TPWS(ns)  TPWS Failing Endpoints  TPWS Total Endpoints  
    -------      -------  ---------------------  -------------------      -------      -------  ---------------------  -------------------     --------     --------  ----------------------  --------------------  
      1.078        0.000                      0                10711        0.208        0.000                      0                10711        4.020        0.000                       0                  4593  


All user specified timing constraints are met.


------------------------------------------------------------------------------------------------
| Clock Summary
| -------------
------------------------------------------------------------------------------------------------

Clock   Waveform(ns)       Period(ns)      Frequency(MHz)
-----   ------------       ----------      --------------
ap_clk  {0.000 5.000}      10.000          100.000         


------------------------------------------------------------------------------------------------
| Intra Clock Table
| -----------------
------------------------------------------------------------------------------------------------

Clock             WNS(ns)      TNS(ns)  TNS Failing Endpoints  TNS Total Endpoints      WHS(ns)      THS(ns)  THS Failing Endpoints  THS Total Endpoints     WPWS(ns)     TPWS(ns)  TPWS Failing Endpoints  TPWS Total Endpoints  
-----             -------      -------  ---------------------  -------------------      -------      -------  ---------------------  -------------------     --------     --------  ----------------------  --------------------  
ap_clk              1.078        0.000                      0                10711        0.208        0.000                      0                10711        4.020        0.000                       0                  4593  


------------------------------------------------------------------------------------------------
| Inter Clock Table
| -----------------
------------------------------------------------------------------------------------------------

From Clock    To Clock          WNS(ns)      TNS(ns)  TNS Failing Endpoints  TNS Total Endpoints      WHS(ns)      THS(ns)  THS Failing Endpoints  THS Total Endpoints  
----------    --------          -------      -------  ---------------------  -------------------      -------      -------  ---------------------  -------------------  


------------------------------------------------------------------------------------------------
| Other Path Groups Table
| -----------------------
------------------------------------------------------------------------------------------------

Path Group    From Clock    To Clock          WNS(ns)      TNS(ns)  TNS Failing Endpoints  TNS Total Endpoints      WHS(ns)      THS(ns)  THS Failing Endpoints  THS Total Endpoints  
----------    ----------    --------          -------      -------  ---------------------  -------------------      -------      -------  ---------------------  -------------------  


------------------------------------------------------------------------------------------------
| Timing Details
| --------------
------------------------------------------------------------------------------------------------


---------------------------------------------------------------------------------------------------
From Clock:  ap_clk
  To Clock:  ap_clk

Setup :            0  Failing Endpoints,  Worst Slack        1.078ns,  Total Violation        0.000ns
Hold  :            0  Failing Endpoints,  Worst Slack        0.208ns,  Total Violation        0.000ns
PW    :            0  Failing Endpoints,  Worst Slack        4.020ns,  Total Violation        0.000ns
---------------------------------------------------------------------------------------------------


Max Delay Paths
--------------------------------------------------------------------------------------
Slack (MET) :             1.078ns  (required time - arrival time)
  Source:                 bd_0_i/hls_inst/U0/AddWeighted_U0/sobel_hls_dadd_64rcU_U76/sobel_hls_ap_dadd_3_full_dsp_64_u/U0/i_synth/ADDSUB_OP.ADDSUB/SPEED_OP.LOGIC.OP/EXP/NUMB_CMP/FAST_CMP.CMP_BOT/C_CHAIN/CHAIN_GEN[15].CARRYS_DEL.NEED_DEL.CARRYS_FD/C
                            (rising edge-triggered cell FDRE clocked by ap_clk  {rise@0.000ns fall@5.000ns period=10.000ns})
  Destination:            bd_0_i/hls_inst/U0/AddWeighted_U0/sobel_hls_dadd_64rcU_U76/sobel_hls_ap_dadd_3_full_dsp_64_u/U0/i_synth/ADDSUB_OP.ADDSUB/SPEED_OP.LOGIC.OP/ALIGN_BLK/FRAC_ADDSUB/DSP_ADD.FRAC_ADDSUB/DSP48E1_ADD.DSP48E1_ADD/DSP/CARRYIN
                            (rising edge-triggered cell DSP48E1 clocked by ap_clk  {rise@0.000ns fall@5.000ns period=10.000ns})
  Path Group:             ap_clk
  Path Type:              Setup (Max at Slow Process Corner)
  Requirement:            10.000ns  (ap_clk rise@10.000ns - ap_clk rise@0.000ns)
  Data Path Delay:        7.540ns  (logic 2.962ns (39.285%)  route 4.578ns (60.715%))
  Logic Levels:           11  (CARRY4=3 LUT2=1 LUT3=1 LUT4=2 LUT6=2 MUXF7=1 MUXF8=1)
  Clock Path Skew:        -0.049ns (DCD - SCD + CPR)
    Destination Clock Delay (DCD):    0.924ns = ( 10.924 - 10.000 ) 
    Source Clock Delay      (SCD):    0.973ns
    Clock Pessimism Removal (CPR):    0.000ns
  Clock Uncertainty:      0.035ns  ((TSJ^2 + TIJ^2)^1/2 + DJ) / 2 + PE
    Total System Jitter     (TSJ):    0.071ns
    Total Input Jitter      (TIJ):    0.000ns
    Discrete Jitter          (DJ):    0.000ns
    Phase Error              (PE):    0.000ns

    Location             Delay type                Incr(ns)  Path(ns)    Netlist Resource(s)
  -------------------------------------------------------------------    -------------------
                         (clock ap_clk rise edge)     0.000     0.000 r  
                                                      0.000     0.000 r  ap_clk (IN)
                         net (fo=4607, unset)         0.973     0.973    bd_0_i/hls_inst/U0/AddWeighted_U0/sobel_hls_dadd_64rcU_U76/sobel_hls_ap_dadd_3_full_dsp_64_u/U0/i_synth/ADDSUB_OP.ADDSUB/SPEED_OP.LOGIC.OP/EXP/NUMB_CMP/FAST_CMP.CMP_BOT/C_CHAIN/aclk
                         FDRE                                         r  bd_0_i/hls_inst/U0/AddWeighted_U0/sobel_hls_dadd_64rcU_U76/sobel_hls_ap_dadd_3_full_dsp_64_u/U0/i_synth/ADDSUB_OP.ADDSUB/SPEED_OP.LOGIC.OP/EXP/NUMB_CMP/FAST_CMP.CMP_BOT/C_CHAIN/CHAIN_GEN[15].CARRYS_DEL.NEED_DEL.CARRYS_FD/C
  -------------------------------------------------------------------    -------------------
                         FDRE (Prop_fdre_C_Q)         0.518     1.491 r  bd_0_i/hls_inst/U0/AddWeighted_U0/sobel_hls_dadd_64rcU_U76/sobel_hls_ap_dadd_3_full_dsp_64_u/U0/i_synth/ADDSUB_OP.ADDSUB/SPEED_OP.LOGIC.OP/EXP/NUMB_CMP/FAST_CMP.CMP_BOT/C_CHAIN/CHAIN_GEN[15].CARRYS_DEL.NEED_DEL.CARRYS_FD/Q
                         net (fo=5, unplaced)         0.769     2.260    bd_0_i/hls_inst/U0/AddWeighted_U0/sobel_hls_dadd_64rcU_U76/sobel_hls_ap_dadd_3_full_dsp_64_u/U0/i_synth/ADDSUB_OP.ADDSUB/SPEED_OP.LOGIC.OP/EXP/NUMB_CMP/FAST_CMP.CMP_BOT/C_CHAIN/CARRY_OUT
                         LUT3 (Prop_lut3_I0_O)        0.295     2.555 r  bd_0_i/hls_inst/U0/AddWeighted_U0/sobel_hls_dadd_64rcU_U76/sobel_hls_ap_dadd_3_full_dsp_64_u/U0/i_synth/ADDSUB_OP.ADDSUB/SPEED_OP.LOGIC.OP/EXP/NUMB_CMP/FAST_CMP.CMP_BOT/C_CHAIN/CHAIN_GEN[0].C_MUX.CARRY_MUX_i_2__0/O
                         net (fo=107, unplaced)       0.550     3.105    bd_0_i/hls_inst/U0/AddWeighted_U0/sobel_hls_dadd_64rcU_U76/sobel_hls_ap_dadd_3_full_dsp_64_u/U0/i_synth/ADDSUB_OP.ADDSUB/SPEED_OP.LOGIC.OP/A_IP_DELAY/i_pipe/b_largest
                         LUT6 (Prop_lut6_I4_O)        0.124     3.229 f  bd_0_i/hls_inst/U0/AddWeighted_U0/sobel_hls_dadd_64rcU_U76/sobel_hls_ap_dadd_3_full_dsp_64_u/U0/i_synth/ADDSUB_OP.ADDSUB/SPEED_OP.LOGIC.OP/A_IP_DELAY/i_pipe/CHAIN_GEN[1].C_MUX.CARRY_MUX_i_3/O
                         net (fo=2, unplaced)         0.913     4.142    bd_0_i/hls_inst/U0/AddWeighted_U0/sobel_hls_dadd_64rcU_U76/sobel_hls_ap_dadd_3_full_dsp_64_u/U0/i_synth/ADDSUB_OP.ADDSUB/SPEED_OP.LOGIC.OP/A_IP_DELAY/i_pipe/ALIGN_BLK/sml_shift_mux__105[6]
                         LUT4 (Prop_lut4_I1_O)        0.124     4.266 r  bd_0_i/hls_inst/U0/AddWeighted_U0/sobel_hls_dadd_64rcU_U76/sobel_hls_ap_dadd_3_full_dsp_64_u/U0/i_synth/ADDSUB_OP.ADDSUB/SPEED_OP.LOGIC.OP/A_IP_DELAY/i_pipe/CHAIN_GEN[1].C_MUX.CARRY_MUX_i_1__0/O
                         net (fo=1, unplaced)         0.000     4.266    bd_0_i/hls_inst/U0/AddWeighted_U0/sobel_hls_dadd_64rcU_U76/sobel_hls_ap_dadd_3_full_dsp_64_u/U0/i_synth/ADDSUB_OP.ADDSUB/SPEED_OP.LOGIC.OP/ALIGN_BLK/ALIGN_SHIFT/ALIGN_Z_D/EQ_ZERO/CARRY_ZERO_DET/A[1]
                         CARRY4 (Prop_carry4_S[1]_CO[3])
                                                      0.533     4.799 r  bd_0_i/hls_inst/U0/AddWeighted_U0/sobel_hls_dadd_64rcU_U76/sobel_hls_ap_dadd_3_full_dsp_64_u/U0/i_synth/ADDSUB_OP.ADDSUB/SPEED_OP.LOGIC.OP/ALIGN_BLK/ALIGN_SHIFT/ALIGN_Z_D/EQ_ZERO/CARRY_ZERO_DET/CHAIN_GEN[0].C_MUX.CARRY_MUX_CARRY4/CO[3]
                         net (fo=2, unplaced)         0.009     4.808    bd_0_i/hls_inst/U0/AddWeighted_U0/sobel_hls_dadd_64rcU_U76/sobel_hls_ap_dadd_3_full_dsp_64_u/U0/i_synth/ADDSUB_OP.ADDSUB/SPEED_OP.LOGIC.OP/ALIGN_BLK/ALIGN_SHIFT/ALIGN_Z_D/EQ_ZERO/CARRY_ZERO_DET/CHAIN_GEN[12].C_MUX.CARRY_MUX_0[3]
                         CARRY4 (Prop_carry4_CI_CO[3])
                                                      0.117     4.925 r  bd_0_i/hls_inst/U0/AddWeighted_U0/sobel_hls_dadd_64rcU_U76/sobel_hls_ap_dadd_3_full_dsp_64_u/U0/i_synth/ADDSUB_OP.ADDSUB/SPEED_OP.LOGIC.OP/ALIGN_BLK/ALIGN_SHIFT/ALIGN_Z_D/EQ_ZERO/CARRY_ZERO_DET/CHAIN_GEN[4].C_MUX.CARRY_MUX_CARRY4/CO[3]
                         net (fo=2, unplaced)         0.000     4.925    bd_0_i/hls_inst/U0/AddWeighted_U0/sobel_hls_dadd_64rcU_U76/sobel_hls_ap_dadd_3_full_dsp_64_u/U0/i_synth/ADDSUB_OP.ADDSUB/SPEED_OP.LOGIC.OP/ALIGN_BLK/ALIGN_SHIFT/ALIGN_Z_D/EQ_ZERO/CARRY_ZERO_DET/CHAIN_GEN[12].C_MUX.CARRY_MUX_0[7]
                         CARRY4 (Prop_carry4_CI_CO[1])
                                                      0.179     5.104 f  bd_0_i/hls_inst/U0/AddWeighted_U0/sobel_hls_dadd_64rcU_U76/sobel_hls_ap_dadd_3_full_dsp_64_u/U0/i_synth/ADDSUB_OP.ADDSUB/SPEED_OP.LOGIC.OP/ALIGN_BLK/ALIGN_SHIFT/ALIGN_Z_D/EQ_ZERO/CARRY_ZERO_DET/CHAIN_GEN[8].C_MUX.CARRY_MUX_CARRY4/CO[1]
                         net (fo=1, unplaced)         0.312     5.416    bd_0_i/hls_inst/U0/AddWeighted_U0/sobel_hls_dadd_64rcU_U76/sobel_hls_ap_dadd_3_full_dsp_64_u/U0/i_synth/ADDSUB_OP.ADDSUB/SPEED_OP.LOGIC.OP/EXP/BMA_EXP_DELAY/i_pipe/MUX_LOOP[2].OTHER_LEVELS.DO_CHUNKS[0].LUT6_STRUCT_MUX.MUX1[9]
                         LUT6 (Prop_lut6_I0_O)        0.332     5.748 f  bd_0_i/hls_inst/U0/AddWeighted_U0/sobel_hls_dadd_64rcU_U76/sobel_hls_ap_dadd_3_full_dsp_64_u/U0/i_synth/ADDSUB_OP.ADDSUB/SPEED_OP.LOGIC.OP/EXP/BMA_EXP_DELAY/i_pipe/MUX_LOOP[2].OTHER_LEVELS.DO_CHUNKS[0].LUT6_STRUCT_MUX.MUX1_i_3/O
                         net (fo=1, unplaced)         0.902     6.650    bd_0_i/hls_inst/U0/AddWeighted_U0/sobel_hls_dadd_64rcU_U76/sobel_hls_ap_dadd_3_full_dsp_64_u/U0/i_synth/ADDSUB_OP.ADDSUB/SPEED_OP.LOGIC.OP/EXP/BMA_EXP_DELAY/i_pipe/MUX_LOOP[2].OTHER_LEVELS.DO_CHUNKS[0].LUT6_STRUCT_MUX.MUX1_i_3_n_0
                         LUT4 (Prop_lut4_I0_O)        0.124     6.774 f  bd_0_i/hls_inst/U0/AddWeighted_U0/sobel_hls_dadd_64rcU_U76/sobel_hls_ap_dadd_3_full_dsp_64_u/U0/i_synth/ADDSUB_OP.ADDSUB/SPEED_OP.LOGIC.OP/EXP/BMA_EXP_DELAY/i_pipe/MUX_LOOP[2].OTHER_LEVELS.DO_CHUNKS[0].LUT6_STRUCT_MUX.MUX1_i_1/O
                         net (fo=1, unplaced)         0.000     6.774    bd_0_i/hls_inst/U0/AddWeighted_U0/sobel_hls_dadd_64rcU_U76/sobel_hls_ap_dadd_3_full_dsp_64_u/U0/i_synth/ADDSUB_OP.ADDSUB/SPEED_OP.LOGIC.OP/ALIGN_BLK/ALIGN_SHIFT/ALIGN_Z_D/zero_det_unreg[1]_3[2]
                         MUXF7 (Prop_muxf7_I0_O)      0.209     6.983 f  bd_0_i/hls_inst/U0/AddWeighted_U0/sobel_hls_dadd_64rcU_U76/sobel_hls_ap_dadd_3_full_dsp_64_u/U0/i_synth/ADDSUB_OP.ADDSUB/SPEED_OP.LOGIC.OP/ALIGN_BLK/ALIGN_SHIFT/ALIGN_Z_D/MUX_LOOP[2].OTHER_LEVELS.DO_CHUNKS[0].LUT6_STRUCT_MUX.MUX1/O
                         net (fo=1, unplaced)         0.000     6.983    bd_0_i/hls_inst/U0/AddWeighted_U0/sobel_hls_dadd_64rcU_U76/sobel_hls_ap_dadd_3_full_dsp_64_u/U0/i_synth/ADDSUB_OP.ADDSUB/SPEED_OP.LOGIC.OP/ALIGN_BLK/ALIGN_SHIFT/ALIGN_Z_D/mux0_1
                         MUXF8 (Prop_muxf8_I1_O)      0.088     7.071 f  bd_0_i/hls_inst/U0/AddWeighted_U0/sobel_hls_dadd_64rcU_U76/sobel_hls_ap_dadd_3_full_dsp_64_u/U0/i_synth/ADDSUB_OP.ADDSUB/SPEED_OP.LOGIC.OP/ALIGN_BLK/ALIGN_SHIFT/ALIGN_Z_D/MUX_LOOP[2].OTHER_LEVELS.DO_CHUNKS[0].LUT6_STRUCT_MUX.MUX2/O
                         net (fo=2, unplaced)         0.323     7.394    bd_0_i/hls_inst/U0/AddWeighted_U0/sobel_hls_dadd_64rcU_U76/sobel_hls_ap_dadd_3_full_dsp_64_u/U0/i_synth/ADDSUB_OP.ADDSUB/SPEED_OP.LOGIC.OP/EXP/SUB_DELAY/i_pipe/zeros_add
                         LUT2 (Prop_lut2_I1_O)        0.319     7.713 r  bd_0_i/hls_inst/U0/AddWeighted_U0/sobel_hls_dadd_64rcU_U76/sobel_hls_ap_dadd_3_full_dsp_64_u/U0/i_synth/ADDSUB_OP.ADDSUB/SPEED_OP.LOGIC.OP/EXP/SUB_DELAY/i_pipe/DSP_i_1/O
                         net (fo=1, unplaced)         0.800     8.513    bd_0_i/hls_inst/U0/AddWeighted_U0/sobel_hls_dadd_64rcU_U76/sobel_hls_ap_dadd_3_full_dsp_64_u/U0/i_synth/ADDSUB_OP.ADDSUB/SPEED_OP.LOGIC.OP/ALIGN_BLK/FRAC_ADDSUB/DSP_ADD.FRAC_ADDSUB/DSP48E1_ADD.DSP48E1_ADD/carry_in_del
                         DSP48E1                                      r  bd_0_i/hls_inst/U0/AddWeighted_U0/sobel_hls_dadd_64rcU_U76/sobel_hls_ap_dadd_3_full_dsp_64_u/U0/i_synth/ADDSUB_OP.ADDSUB/SPEED_OP.LOGIC.OP/ALIGN_BLK/FRAC_ADDSUB/DSP_ADD.FRAC_ADDSUB/DSP48E1_ADD.DSP48E1_ADD/DSP/CARRYIN
  -------------------------------------------------------------------    -------------------

                         (clock ap_clk rise edge)    10.000    10.000 r  
                                                      0.000    10.000 r  ap_clk (IN)
                         net (fo=4607, unset)         0.924    10.924    bd_0_i/hls_inst/U0/AddWeighted_U0/sobel_hls_dadd_64rcU_U76/sobel_hls_ap_dadd_3_full_dsp_64_u/U0/i_synth/ADDSUB_OP.ADDSUB/SPEED_OP.LOGIC.OP/ALIGN_BLK/FRAC_ADDSUB/DSP_ADD.FRAC_ADDSUB/DSP48E1_ADD.DSP48E1_ADD/aclk
                         DSP48E1                                      r  bd_0_i/hls_inst/U0/AddWeighted_U0/sobel_hls_dadd_64rcU_U76/sobel_hls_ap_dadd_3_full_dsp_64_u/U0/i_synth/ADDSUB_OP.ADDSUB/SPEED_OP.LOGIC.OP/ALIGN_BLK/FRAC_ADDSUB/DSP_ADD.FRAC_ADDSUB/DSP48E1_ADD.DSP48E1_ADD/DSP/CLK
                         clock pessimism              0.000    10.924    
                         clock uncertainty           -0.035    10.889    
                         DSP48E1 (Setup_dsp48e1_CLK_CARRYIN)
                                                     -1.298     9.591    bd_0_i/hls_inst/U0/AddWeighted_U0/sobel_hls_dadd_64rcU_U76/sobel_hls_ap_dadd_3_full_dsp_64_u/U0/i_synth/ADDSUB_OP.ADDSUB/SPEED_OP.LOGIC.OP/ALIGN_BLK/FRAC_ADDSUB/DSP_ADD.FRAC_ADDSUB/DSP48E1_ADD.DSP48E1_ADD/DSP
  -------------------------------------------------------------------
                         required time                          9.591    
                         arrival time                          -8.513    
  -------------------------------------------------------------------
                         slack                                  1.078    





Min Delay Paths
--------------------------------------------------------------------------------------
Slack (MET) :             0.208ns  (arrival time - required time)
  Source:                 bd_0_i/hls_inst/U0/AddWeighted_U0/exitcond_i_i_reg_1044_pp0_iter6_reg_reg[0]__0/C
                            (rising edge-triggered cell FDRE clocked by ap_clk  {rise@0.000ns fall@5.000ns period=10.000ns})
  Destination:            bd_0_i/hls_inst/U0/AddWeighted_U0/exitcond_i_i_reg_1044_pp0_iter11_reg_reg[0]_srl5/D
                            (rising edge-triggered cell SRL16E clocked by ap_clk  {rise@0.000ns fall@5.000ns period=10.000ns})
  Path Group:             ap_clk
  Path Type:              Hold (Min at Fast Process Corner)
  Requirement:            0.000ns  (ap_clk rise@0.000ns - ap_clk rise@0.000ns)
  Data Path Delay:        0.293ns  (logic 0.148ns (50.439%)  route 0.145ns (49.561%))
  Logic Levels:           0  
  Clock Path Skew:        0.022ns (DCD - SCD - CPR)
    Destination Clock Delay (DCD):    0.432ns
    Source Clock Delay      (SCD):    0.410ns
    Clock Pessimism Removal (CPR):    -0.000ns

    Location             Delay type                Incr(ns)  Path(ns)    Netlist Resource(s)
  -------------------------------------------------------------------    -------------------
                         (clock ap_clk rise edge)     0.000     0.000 r  
                                                      0.000     0.000 r  ap_clk (IN)
                         net (fo=4607, unset)         0.410     0.410    bd_0_i/hls_inst/U0/AddWeighted_U0/ap_clk
                         FDRE                                         r  bd_0_i/hls_inst/U0/AddWeighted_U0/exitcond_i_i_reg_1044_pp0_iter6_reg_reg[0]__0/C
  -------------------------------------------------------------------    -------------------
                         FDRE (Prop_fdre_C_Q)         0.148     0.558 r  bd_0_i/hls_inst/U0/AddWeighted_U0/exitcond_i_i_reg_1044_pp0_iter6_reg_reg[0]__0/Q
                         net (fo=2, unplaced)         0.145     0.704    bd_0_i/hls_inst/U0/AddWeighted_U0/exitcond_i_i_reg_1044_pp0_iter6_reg
                         SRL16E                                       r  bd_0_i/hls_inst/U0/AddWeighted_U0/exitcond_i_i_reg_1044_pp0_iter11_reg_reg[0]_srl5/D
  -------------------------------------------------------------------    -------------------

                         (clock ap_clk rise edge)     0.000     0.000 r  
                                                      0.000     0.000 r  ap_clk (IN)
                         net (fo=4607, unset)         0.432     0.432    bd_0_i/hls_inst/U0/AddWeighted_U0/ap_clk
                         SRL16E                                       r  bd_0_i/hls_inst/U0/AddWeighted_U0/exitcond_i_i_reg_1044_pp0_iter11_reg_reg[0]_srl5/CLK
                         clock pessimism              0.000     0.432    
                         SRL16E (Hold_srl16e_CLK_D)
                                                      0.064     0.496    bd_0_i/hls_inst/U0/AddWeighted_U0/exitcond_i_i_reg_1044_pp0_iter11_reg_reg[0]_srl5
  -------------------------------------------------------------------
                         required time                         -0.496    
                         arrival time                           0.704    
  -------------------------------------------------------------------
                         slack                                  0.208    





Pulse Width Checks
--------------------------------------------------------------------------------------
Clock Name:         ap_clk
Waveform(ns):       { 0.000 5.000 }
Period(ns):         10.000
Sources:            { ap_clk }

Check Type        Corner  Lib Pin      Reference Pin  Required(ns)  Actual(ns)  Slack(ns)  Location  Pin
Min Period        n/a     DSP48E1/CLK  n/a            5.244         10.000      4.756                bd_0_i/hls_inst/U0/GaussianBlur_U0/grp_Filter2D_1_fu_40/sum_V_0_2_reg_1536_reg/CLK
Low Pulse Width   Fast    SRL16E/CLK   n/a            0.980         5.000       4.020                bd_0_i/hls_inst/U0/AddWeighted_U0/sobel_hls_dmul_64sc4_U78/sobel_hls_ap_dmul_4_max_dsp_64_u/U0/i_synth/MULT.OP/EXP/EXP_PRE_RND_DEL/i_pipe/opt_has_pipe.i_pipe[2].pipe_reg[2][0]_srl2/CLK
High Pulse Width  Slow    SRL16E/CLK   n/a            0.980         5.000       4.020                bd_0_i/hls_inst/U0/AddWeighted_U0/sobel_hls_dmul_64sc4_U78/sobel_hls_ap_dmul_4_max_dsp_64_u/U0/i_synth/MULT.OP/EXP/EXP_PRE_RND_DEL/i_pipe/opt_has_pipe.i_pipe[2].pipe_reg[2][0]_srl2/CLK




HLS EXTRACTION: calculating BRAM count: (9 bram18) + 2 * (0 bram36)
HLS EXTRACTION: synth area_totals:  0 53200 106400 220 280 0 0
HLS EXTRACTION: synth area_current: 0 4540 4515 39 9 0 36 0 0 0
HLS EXTRACTION: generated C:/xilinx_projects/sobel_hls/sobel_hls/solution3/impl/report/vhdl/sobel_hls_export.xml


Implementation tool: Xilinx Vivado v.2018.3
Project:             sobel_hls
Solution:            solution3
Device target:       xc7z020clg400-1
Report date:         Wed Jun 26 10:22:40 -0300 2019

#=== Post-Synthesis Resource usage ===
SLICE:            0
LUT:           4540
FF:            4515
DSP:             39
BRAM:             9
SRL:             36
#=== Final timing ===
CP required:    10.000
CP achieved post-synthesis:    8.922
Timing met

HLS EXTRACTION: generated C:/xilinx_projects/sobel_hls/sobel_hls/solution3/impl/report/vhdl/sobel_hls_export.rpt
INFO: [Common 17-206] Exiting Vivado at Wed Jun 26 10:22:41 2019...
